Jaccard score for 'Atulve's batted ball landed in the right field grass for a hit.' is 0.0012987012987012987
Jaccard score for 'Atulve's batted ball landed in the right field grass for a hit.' is 0.0012987012987012987
Jaccard score for 'Atulve's batted ball landed in the right field grass for a hit.' is 0.0012987012987012987
Jaccard score for 'Atulve's batted ball landed in the right field grass for a hit.' is 0.0012987012987012987
Jaccard score for 'Atulve's batted ball landed in the right field grass for a hit.' is 0.0012987012987012987
Jaccard score for 'Atulve's batted ball landed in the right field grass for a hit.' is 0.0012987012987012987
Jaccard score for 'Atulve's batted ball landed in the right field grass for a hit.' is 0.0012987012987012987
Jaccard score for 'Atulve's batted ball landed in the right field grass for a hit.' is 0.0012987012987012987
Jaccard score for 'Atulve's batted ball landed in the right field grass for a hit.' is 0.0012987012987012987
Jaccard score for 'Atulve's batted ball landed in the right field grass for a hit.' is 0.0012987012987012987
Jaccard score for 'Atulve's batted ball landed in the right field grass for a hit.' is 0.0012987012987012987
Jaccard score for 'Atulve's batted ball landed in the right field grass for a hit.' is 0.0012987012987012987
Jaccard score for 'Atulve's batted ball landed in the right field grass for a hit.' is 0.0012987012987012987
Jaccard score for 'Atulve's batted ball landed in the right field grass for a hit.' is 0.0012987012987012987
Jaccard score for 'Atulve's batted ball landed in the right field grass for a hit.' is 0.0012987012987012987
Jaccard score for 'Atulve's batted ball landed in the right field grass for a hit.' is 0.0012987012987012987
Jaccard score for 'Atulve's batted ball landed in the right field grass for a hit.' is 0.0012987012987012987
Jaccard score for 'Atulve's batted ball landed in the right field grass for a hit.' is 0.0012987012987012987
Jaccard score for 'The batter made contact with the ball.' is 0.013888888888888888
Jaccard score for 'The batter made contact with the ball.' is 0.013888888888888888
Jaccard score for 'It was a single.' is 0.0625
Jaccard score for 'The umpire called the pitch a ball for being too high.' is 0.006896551724137931
Jaccard score for 'The umpire called the pitch a ball for being too high.' is 0.006896551724137931
Jaccard score for 'The batter hit a popup.' is 0.027777777777777776
Jaccard score for 'The batted ball landed for a hit.' is 0.027777777777777776
Jaccard score for 'The batted ball landed for a hit.' is 0.027777777777777776
Jaccard score for 'The batted ball landed for a hit.' is 0.027777777777777776
Jaccard score for 'The batted ball landed for a hit.' is 0.027777777777777776
Jaccard score for 'A ball was caught by the shortstop.' is 0.027777777777777776
Jaccard score for 'A ball was caught by the shortstop.' is 0.027777777777777776
Jaccard score for 'The batter did not take a full swing.' is 0.013888888888888888
Jaccard score for 'The batter did not take a full swing.' is 0.013888888888888888
Jaccard score for 'The runner is out.' is 0.08333333333333333
Jaccard score for 'This resulted in a foul ball.' is 0.020833333333333332
Jaccard score for 'This resulted in a foul ball.' is 0.020833333333333332
Jaccard score for 'A ball was caught by the shortstop.' is 0.027777777777777776
Jaccard score for 'A ball was caught by the shortstop.' is 0.027777777777777776
Jaccard score for 'The shortstop threw to the runner at first.' is 0.013888888888888888
Jaccard score for 'The shortstop threw to the runner at first.' is 0.013888888888888888
Jaccard score for 'The ball did not end up in the field of play.' is 0.0026041666666666665
Jaccard score for 'The ball did not end up in the field of play.' is 0.0026041666666666665
Jaccard score for 'The ball did not end up in the field of play.' is 0.0026041666666666665
Average jaccard score: 0.013471799051386487
