Jaccard score for 'The batter did not swing at the pitch.' is 0.027777777777777776
Jaccard score for 'The batter did not swing at the pitch.' is 0.027777777777777776
Jaccard score for 'The ball was not caught.' is 0.08333333333333333
Jaccard score for 'The batter hit it towards right field.' is 0.03125
Jaccard score for 'The batter hit it towards right field.' is 0.03125
Jaccard score for 'The batter hit it towards right field.' is 0.03125
Jaccard score for 'The ball was outside the strike zone.' is 0.013888888888888888
Jaccard score for 'It is a strike.' is 0.125
Jaccard score for 'It was a ground ball to the shortstop.' is 0.013888888888888888
Jaccard score for 'It was a ground ball to the shortstop.' is 0.013888888888888888
Jaccard score for 'The batter swung.' is 0.16666666666666666
Jaccard score for 'The first base umpire declared that the batter did not take a full swing.' is 0.001736111111111111
Jaccard score for 'The first base umpire declared that the batter did not take a full swing.' is 0.001736111111111111
Jaccard score for 'The first base umpire declared that the batter did not take a full swing.' is 0.001736111111111111
Jaccard score for 'The ball bounced on the ground.' is 0.05555555555555555
Jaccard score for 'The ball bounced on the ground.' is 0.05555555555555555
Jaccard score for 'The first baseman caught the ball.' is 0.05555555555555555
Jaccard score for 'The first baseman caught the ball.' is 0.05555555555555555
Jaccard score for 'The first base umpire had a better view.' is 0.027777777777777776
Jaccard score for 'The first base umpire had a better view.' is 0.027777777777777776
Jaccard score for 'The first base umpire had a better view.' is 0.027777777777777776
Jaccard score for 'The first base umpire had a better view.' is 0.027777777777777776
Jaccard score for 'The pitch crossed the plate in the strike zone.' is 0.009259259259259259
Jaccard score for 'The pitch crossed the plate in the strike zone.' is 0.009259259259259259
Jaccard score for 'It was not in play.' is 0.0625
Jaccard score for 'It was not in play.' is 0.0625
Average jaccard score: 0.04030893874643877
