Jaccard score for 'The batter Altuve made contact with the pitch.' is 0.0
Jaccard score for 'The batter Altuve made contact with the pitch.' is 0.0
Jaccard score for 'It was caught.' is 0.5
Jaccard score for 'The batted ball went into the stands in foul territory.' is 0.03125
Jaccard score for 'The batted ball went into the stands in foul territory.' is 0.03125
Jaccard score for 'The batted ball went into the stands in foul territory.' is 0.03125
Jaccard score for 'The batted ball went into the stands in foul territory.' is 0.03125
Jaccard score for 'The batted ball went into the stands in foul territory.' is 0.03125
Jaccard score for 'The batted ball went into the stands in foul territory.' is 0.03125
Jaccard score for 'The batted ball went into the stands in foul territory.' is 0.03125
Jaccard score for 'The batted ball went into the stands in foul territory.' is 0.03125
Jaccard score for 'The ball crossed the plate outside of the strike zone.' is 0.007751937984496124
Jaccard score for 'The ball crossed the plate outside of the strike zone.' is 0.007751937984496124
Jaccard score for 'The hitter hit the ball straight up the middle to the pitcher.' is 0.03125
Jaccard score for 'The hitter hit the ball straight up the middle to the pitcher.' is 0.03125
Jaccard score for 'The hitter hit the ball straight up the middle to the pitcher.' is 0.03125
Jaccard score for 'The hitter hit the ball straight up the middle to the pitcher.' is 0.03125
Jaccard score for 'The batter made contact.' is 0.125
Jaccard score for 'It was collected by the third baseman.' is 0.1875
Jaccard score for 'It was collected by the third baseman.' is 0.1875
Jaccard score for 'It was collected by the third baseman.' is 0.1875
Jaccard score for 'The hitter didn't swing.' is 0.0
Jaccard score for 'The ball hit the ground before it was caught.' is 0.0
Jaccard score for 'The ball hit the ground before it was caught.' is 0.0
Jaccard score for 'The batter hit it up in the air.' is 0.03125
Jaccard score for 'The batter hit it up in the air.' is 0.03125
Jaccard score for 'A home run was hit out of the playing grounds.' is 0.03125
Jaccard score for 'A home run was hit out of the playing grounds.' is 0.03125
Jaccard score for 'A home run was hit out of the playing grounds.' is 0.03125
Jaccard score for 'A home run was hit out of the playing grounds.' is 0.03125
Jaccard score for 'The 3rd base easily throws out.' is 0.125
Jaccard score for 'The 3rd base easily throws out.' is 0.125
Average jaccard score: 0.06298449612403101
