Jaccard score for 'The batter sent it into left field.' is 0.046875
Jaccard score for 'The batter sent it into left field.' is 0.046875
Jaccard score for 'The batter sent it into left field.' is 0.046875
Jaccard score for 'The strike had to be called by the umpire.' is 0.0625
Jaccard score for 'A ground out isn't an option.' is 0.0
Jaccard score for 'The pitch was outside the strike zone.' is 0.03125
Jaccard score for 'The ball was not thrown through the strike zone.' is 0.03125
Jaccard score for 'The ball was not thrown through the strike zone.' is 0.03125
Jaccard score for 'The ball was caught by the right fielder in the air for an out.' is 0.01953125
Jaccard score for 'The ball was caught by the right fielder in the air for an out.' is 0.01953125
Jaccard score for 'The ball was caught by the right fielder in the air for an out.' is 0.01953125
Jaccard score for 'The ball was caught by the right fielder in the air for an out.' is 0.01953125
Jaccard score for 'The ball was caught by the right fielder in the air for an out.' is 0.0
Jaccard score for 'The ball was caught by the right fielder in the air for an out.' is 0.0
Jaccard score for 'The ball was caught by the right fielder in the air for an out.' is 0.0
Jaccard score for 'The ball was caught by the right fielder in the air for an out.' is 0.0
Jaccard score for 'The ball was caught by the right fielder in the air for an out.' is 0.0
Jaccard score for 'The ball was caught by the right fielder in the air for an out.' is 0.0
Jaccard score for 'The third baseman threw to first base for the out.' is 0.0
Jaccard score for 'The third baseman threw to first base for the out.' is 0.0
Jaccard score for 'The third baseman threw to first base for the out.' is 0.0
Jaccard score for 'The third baseman threw to first base for the out.' is 0.0
Jaccard score for 'The third baseman threw to first base for the out.' is 0.0
Jaccard score for 'The third baseman threw to first base for the out.' is 0.0
Jaccard score for 'The third baseman threw to first base for the out.' is 0.0390625
Jaccard score for 'The third baseman threw to first base for the out.' is 0.0390625
Jaccard score for 'The third baseman threw to first base for the out.' is 0.0390625
Jaccard score for 'The third baseman threw to first base for the out.' is 0.0390625
Jaccard score for 'The umpire behind the plate appealed to the first base umpire.' is 0.0234375
Jaccard score for 'The umpire behind the plate appealed to the first base umpire.' is 0.0234375
Jaccard score for 'The umpire behind the plate appealed to the first base umpire.' is 0.0234375
Jaccard score for 'The umpire behind the plate appealed to the first base umpire.' is 0.0234375
Jaccard score for 'The umpire behind the plate appealed to the first base umpire.' is 0.0234375
Jaccard score for 'The umpire behind the plate appealed to the first base umpire.' is 0.0234375
Jaccard score for 'It was outside the strike zone.' is 0.0625
Jaccard score for 'It was outside the strike zone.' is 0.0625
Jaccard score for 'The batter hit it into foul territory.' is 0.046875
Jaccard score for 'The batter hit it into foul territory.' is 0.046875
Jaccard score for 'The batter hit it into foul territory.' is 0.046875
Jaccard score for 'It landed outside of the strike zone without being swung at by the batter.' is 0.0026041666666666665
Jaccard score for 'It landed outside of the strike zone without being swung at by the batter.' is 0.0026041666666666665
Jaccard score for 'The batter's swing connected with the ball.' is 0.0625
Jaccard score for 'The batter's swing connected with the ball.' is 0.0625
Jaccard score for 'The ball did not stay in the field of play.' is 0.0234375
Jaccard score for 'The ball did not stay in the field of play.' is 0.0234375
Jaccard score for 'The ball did not stay in the field of play.' is 0.0234375
Average jaccard score: 0.024739583333333332
