Jaccard score for 'The ball did not appear to be in the strike zone from the angle.' is 0.0015113350125944584
Jaccard score for 'The ball did not appear to be in the strike zone from the angle.' is 0.0015113350125944584
Jaccard score for 'The ball did not appear to be in the strike zone from the angle.' is 0.0015113350125944584
Jaccard score for 'The ball did not appear to be in the strike zone from the angle.' is 0.0015113350125944584
Jaccard score for 'The batter did not hit the ball.' is 0.015625
Jaccard score for 'The pitcher threw the ball.' is 0.03125
Jaccard score for 'This makes it a foul ball.' is 0.015625
Jaccard score for 'He was thrown out at first.' is 0.058823529411764705
Jaccard score for 'He was thrown out at first.' is 0.058823529411764705
Jaccard score for 'It was a home run.' is 0.03125
Jaccard score for 'The ball bounced on the ground towards the second baseman.' is 0.00625
Jaccard score for 'The ball bounced on the ground towards the second baseman.' is 0.00625
Jaccard score for 'The ball bounced on the ground towards the second baseman.' is 0.00625
Jaccard score for 'The ball bounced on the ground towards the second baseman.' is 0.00625
Jaccard score for 'The ball bounced on the ground towards the second baseman.' is 0.00625
Jaccard score for 'The ball bounced on the ground towards the second baseman.' is 0.00625
Jaccard score for 'The batter did not swing.' is 0.0625
Jaccard score for 'The pitcher threw to 2nd base.' is 0.046875
Jaccard score for 'The pitcher threw to 2nd base.' is 0.046875
Jaccard score for 'The pitcher threw to 2nd base.' is 0.046875
Jaccard score for 'The batter reached first base.' is 0.0625
Jaccard score for 'The batter reached first base.' is 0.0625
Jaccard score for 'The player made contact hitting the ball back to the pitcher.' is 0.0010080645161290322
Jaccard score for 'It crossed into foul territory before landing.' is 0.03125
Jaccard score for 'It crossed into foul territory before landing.' is 0.03125
Jaccard score for 'The batter knocked the ball out of play.' is 0.005208333333333333
Average jaccard score: 0.025068607566283447
