000 (026.000.000) 04/06 19:20:50 Job submitted from host: <146.169.52.21:9618?addrs=146.169.52.21-9618+[2a0c-5bc0-40-11c4-92a8-f2a3-b1f5-4365]-9618&noUDP&sock=18331_6f10_3>
...
000 (026.001.000) 04/06 19:20:50 Job submitted from host: <146.169.52.21:9618?addrs=146.169.52.21-9618+[2a0c-5bc0-40-11c4-92a8-f2a3-b1f5-4365]-9618&noUDP&sock=18331_6f10_3>
...
000 (026.002.000) 04/06 19:20:50 Job submitted from host: <146.169.52.21:9618?addrs=146.169.52.21-9618+[2a0c-5bc0-40-11c4-92a8-f2a3-b1f5-4365]-9618&noUDP&sock=18331_6f10_3>
...
000 (026.003.000) 04/06 19:20:50 Job submitted from host: <146.169.52.21:9618?addrs=146.169.52.21-9618+[2a0c-5bc0-40-11c4-92a8-f2a3-b1f5-4365]-9618&noUDP&sock=18331_6f10_3>
...
000 (026.004.000) 04/06 19:20:50 Job submitted from host: <146.169.52.21:9618?addrs=146.169.52.21-9618+[2a0c-5bc0-40-11c4-92a8-f2a3-b1f5-4365]-9618&noUDP&sock=18331_6f10_3>
...
000 (026.005.000) 04/06 19:20:50 Job submitted from host: <146.169.52.21:9618?addrs=146.169.52.21-9618+[2a0c-5bc0-40-11c4-92a8-f2a3-b1f5-4365]-9618&noUDP&sock=18331_6f10_3>
...
000 (026.006.000) 04/06 19:20:50 Job submitted from host: <146.169.52.21:9618?addrs=146.169.52.21-9618+[2a0c-5bc0-40-11c4-92a8-f2a3-b1f5-4365]-9618&noUDP&sock=18331_6f10_3>
...
000 (026.007.000) 04/06 19:20:50 Job submitted from host: <146.169.52.21:9618?addrs=146.169.52.21-9618+[2a0c-5bc0-40-11c4-92a8-f2a3-b1f5-4365]-9618&noUDP&sock=18331_6f10_3>
...
000 (026.008.000) 04/06 19:20:50 Job submitted from host: <146.169.52.21:9618?addrs=146.169.52.21-9618+[2a0c-5bc0-40-11c4-92a8-f2a3-b1f5-4365]-9618&noUDP&sock=18331_6f10_3>
...
000 (026.009.000) 04/06 19:20:50 Job submitted from host: <146.169.52.21:9618?addrs=146.169.52.21-9618+[2a0c-5bc0-40-11c4-92a8-f2a3-b1f5-4365]-9618&noUDP&sock=18331_6f10_3>
...
001 (026.003.000) 04/06 19:21:33 Job executing on host: <146.169.53.39:9618?addrs=146.169.53.39-9618+[2a0c-5bc0-40-11c4-f4c2-750a-cd5b-1318]-9618&noUDP&sock=17875_a7e1_4>
...
001 (026.009.000) 04/06 19:21:33 Job executing on host: <146.169.53.27:9618?addrs=146.169.53.27-9618+[2a0c-5bc0-40-11c4-c098-b8a3-44b6-a451]-9618&noUDP&sock=20900_8dde_4>
...
001 (026.004.000) 04/06 19:21:33 Job executing on host: <146.169.53.13:9618?addrs=146.169.53.13-9618+[2a0c-5bc0-40-11c4-5862-a48b-93a4-363f]-9618&noUDP&sock=17633_a9f5_4>
...
001 (026.000.000) 04/06 19:21:33 Job executing on host: <146.169.53.153:9618?addrs=146.169.53.153-9618+[2a0c-5bc0-40-11c4-ac26-46a0-8251-90e9]-9618&noUDP&sock=18492_2e38_4>
...
001 (026.001.000) 04/06 19:21:33 Job executing on host: <146.169.53.52:9618?addrs=146.169.53.52-9618+[2a0c-5bc0-40-11c4-a9af-4cf8-c8c7-6ad6]-9618&noUDP&sock=60442_469a_4>
...
001 (026.005.000) 04/06 19:21:33 Job executing on host: <146.169.53.168:9618?addrs=146.169.53.168-9618+[2a0c-5bc0-40-11c4-37aa-f75b-f398-dbcb]-9618&noUDP&sock=18406_e0ab_4>
...
001 (026.007.000) 04/06 19:21:33 Job executing on host: <146.169.53.195:9618?addrs=146.169.53.195-9618+[2a0c-5bc0-40-11c4-fb87-71cc-8f1d-b196]-9618&noUDP&sock=19459_25e5_4>
...
001 (026.008.000) 04/06 19:21:33 Job executing on host: <146.169.52.188:9618?addrs=146.169.52.188-9618+[2a0c-5bc0-40-11c4-b5dd-619-cdc5-be5b]-9618&noUDP&sock=62141_a9e7_4>
...
001 (026.006.000) 04/06 19:21:33 Job executing on host: <146.169.53.182:9618?addrs=146.169.53.182-9618+[2a0c-5bc0-40-11c4-18a3-4424-d1c9-8781]-9618&noUDP&sock=24728_8ecf_4>
...
001 (026.002.000) 04/06 19:21:36 Job executing on host: <146.169.26.31:9618?addrs=146.169.26.31-9618+[2a0c-5bc0-40-11a8-d777-51cd-6f6-b2d8]-9618&noUDP&sock=17666_828b_4>
...
006 (026.003.000) 04/06 19:21:41 Image size of job updated: 301888
	291  -  MemoryUsage of job (MB)
	297464  -  ResidentSetSize of job (KB)
...
006 (026.004.000) 04/06 19:21:41 Image size of job updated: 300132
	289  -  MemoryUsage of job (MB)
	295580  -  ResidentSetSize of job (KB)
...
006 (026.000.000) 04/06 19:21:41 Image size of job updated: 263796
	254  -  MemoryUsage of job (MB)
	259336  -  ResidentSetSize of job (KB)
...
006 (026.009.000) 04/06 19:21:41 Image size of job updated: 302696
	292  -  MemoryUsage of job (MB)
	298272  -  ResidentSetSize of job (KB)
...
006 (026.007.000) 04/06 19:21:41 Image size of job updated: 291964
	281  -  MemoryUsage of job (MB)
	287564  -  ResidentSetSize of job (KB)
...
006 (026.005.000) 04/06 19:21:41 Image size of job updated: 295240
	284  -  MemoryUsage of job (MB)
	290780  -  ResidentSetSize of job (KB)
...
006 (026.001.000) 04/06 19:21:41 Image size of job updated: 300696
	290  -  MemoryUsage of job (MB)
	296340  -  ResidentSetSize of job (KB)
...
006 (026.006.000) 04/06 19:21:41 Image size of job updated: 293260
	283  -  MemoryUsage of job (MB)
	288836  -  ResidentSetSize of job (KB)
...
006 (026.008.000) 04/06 19:21:41 Image size of job updated: 258060
	245  -  MemoryUsage of job (MB)
	250008  -  ResidentSetSize of job (KB)
...
006 (026.002.000) 04/06 19:21:44 Image size of job updated: 488
	1  -  MemoryUsage of job (MB)
	336  -  ResidentSetSize of job (KB)
...
006 (026.004.000) 04/06 19:26:41 Image size of job updated: 2514300
	2451  -  MemoryUsage of job (MB)
	2509620  -  ResidentSetSize of job (KB)
...
006 (026.000.000) 04/06 19:26:41 Image size of job updated: 1931956
	1883  -  MemoryUsage of job (MB)
	1927304  -  ResidentSetSize of job (KB)
...
006 (026.008.000) 04/06 19:26:41 Image size of job updated: 1761012
	1712  -  MemoryUsage of job (MB)
	1752828  -  ResidentSetSize of job (KB)
...
006 (026.003.000) 04/06 19:26:41 Image size of job updated: 1724916
	1680  -  MemoryUsage of job (MB)
	1720228  -  ResidentSetSize of job (KB)
...
006 (026.001.000) 04/06 19:26:41 Image size of job updated: 2480016
	2418  -  MemoryUsage of job (MB)
	2475264  -  ResidentSetSize of job (KB)
...
006 (026.006.000) 04/06 19:26:41 Image size of job updated: 1688532
	1645  -  MemoryUsage of job (MB)
	1683844  -  ResidentSetSize of job (KB)
...
006 (026.009.000) 04/06 19:26:41 Image size of job updated: 2189308
	2134  -  MemoryUsage of job (MB)
	2184620  -  ResidentSetSize of job (KB)
...
006 (026.007.000) 04/06 19:26:41 Image size of job updated: 1762912
	1718  -  MemoryUsage of job (MB)
	1758244  -  ResidentSetSize of job (KB)
...
006 (026.005.000) 04/06 19:26:41 Image size of job updated: 1775124
	1729  -  MemoryUsage of job (MB)
	1770472  -  ResidentSetSize of job (KB)
...
006 (026.002.000) 04/06 19:26:44 Image size of job updated: 1165716
	1134  -  MemoryUsage of job (MB)
	1161024  -  ResidentSetSize of job (KB)
...
005 (026.009.000) 04/06 19:28:50 Job terminated.
	(1) Normal termination (return value 0)
		Usr 0 00:07:06, Sys 0 00:00:04  -  Run Remote Usage
		Usr 0 00:00:00, Sys 0 00:00:00  -  Run Local Usage
		Usr 0 00:07:06, Sys 0 00:00:04  -  Total Remote Usage
		Usr 0 00:00:00, Sys 0 00:00:00  -  Total Local Usage
	0  -  Run Bytes Sent By Job
	0  -  Run Bytes Received By Job
	0  -  Total Bytes Sent By Job
	0  -  Total Bytes Received By Job
	Partitionable Resources :    Usage  Request Allocated Assigned
	   Cpus                 :     0.44        1        12 
	   Disk (KB)            :     2           2  11180504 
	   Gpus                 :                           1 "CUDA0"
	   Memory (MB)          :  2134           1     15751 
...
005 (026.004.000) 04/06 19:29:21 Job terminated.
	(1) Normal termination (return value 0)
		Usr 0 00:07:37, Sys 0 00:00:05  -  Run Remote Usage
		Usr 0 00:00:00, Sys 0 00:00:00  -  Run Local Usage
		Usr 0 00:07:37, Sys 0 00:00:05  -  Total Remote Usage
		Usr 0 00:00:00, Sys 0 00:00:00  -  Total Local Usage
	0  -  Run Bytes Sent By Job
	0  -  Run Bytes Received By Job
	0  -  Total Bytes Sent By Job
	0  -  Total Bytes Received By Job
	Partitionable Resources :    Usage  Request Allocated Assigned
	   Cpus                 :     0.43        1        12 
	   Disk (KB)            :     2           2   1277728 
	   Gpus                 :                           1 "CUDA0"
	   Memory (MB)          :  2451           1     15751 
...
005 (026.001.000) 04/06 19:29:44 Job terminated.
	(1) Normal termination (return value 0)
		Usr 0 00:08:01, Sys 0 00:00:04  -  Run Remote Usage
		Usr 0 00:00:00, Sys 0 00:00:00  -  Run Local Usage
		Usr 0 00:08:01, Sys 0 00:00:04  -  Total Remote Usage
		Usr 0 00:00:00, Sys 0 00:00:00  -  Total Local Usage
	0  -  Run Bytes Sent By Job
	0  -  Run Bytes Received By Job
	0  -  Total Bytes Sent By Job
	0  -  Total Bytes Received By Job
	Partitionable Resources :    Usage  Request Allocated 
	   Cpus                 :     0.35        1        12 
	   Disk (KB)            :     2           2    973316 
	   Gpus                 :                           0 
	   Memory (MB)          :  2418           1     15754 
...
005 (026.005.000) 04/06 19:31:01 Job terminated.
	(1) Normal termination (return value 0)
		Usr 0 00:09:21, Sys 0 00:00:03  -  Run Remote Usage
		Usr 0 00:00:00, Sys 0 00:00:00  -  Run Local Usage
		Usr 0 00:09:21, Sys 0 00:00:03  -  Total Remote Usage
		Usr 0 00:00:00, Sys 0 00:00:00  -  Total Local Usage
	0  -  Run Bytes Sent By Job
	0  -  Run Bytes Received By Job
	0  -  Total Bytes Sent By Job
	0  -  Total Bytes Received By Job
	Partitionable Resources :    Usage  Request Allocated Assigned
	   Cpus                 :     0.43        1         8 
	   Disk (KB)            :     2           2  10020684 
	   Gpus                 :                           1 "CUDA0"
	   Memory (MB)          :  1729           1     15846 
...
005 (026.006.000) 04/06 19:31:17 Job terminated.
	(1) Normal termination (return value 0)
		Usr 0 00:09:35, Sys 0 00:00:04  -  Run Remote Usage
		Usr 0 00:00:00, Sys 0 00:00:00  -  Run Local Usage
		Usr 0 00:09:35, Sys 0 00:00:04  -  Total Remote Usage
		Usr 0 00:00:00, Sys 0 00:00:00  -  Total Local Usage
	0  -  Run Bytes Sent By Job
	0  -  Run Bytes Received By Job
	0  -  Total Bytes Sent By Job
	0  -  Total Bytes Received By Job
	Partitionable Resources :    Usage  Request Allocated Assigned
	   Cpus                 :     1.00        1         8 
	   Disk (KB)            :     2           2  10321548 
	   Gpus                 :                           1 "CUDA0"
	   Memory (MB)          :  1645           1     15846 
...
006 (026.000.000) 04/06 19:31:41 Image size of job updated: 2885216
	2814  -  MemoryUsage of job (MB)
	2880564  -  ResidentSetSize of job (KB)
...
006 (026.003.000) 04/06 19:31:41 Image size of job updated: 3218456
	3139  -  MemoryUsage of job (MB)
	3213768  -  ResidentSetSize of job (KB)
...
006 (026.008.000) 04/06 19:31:41 Image size of job updated: 2399100
	2335  -  MemoryUsage of job (MB)
	2390916  -  ResidentSetSize of job (KB)
...
006 (026.002.000) 04/06 19:31:45 Image size of job updated: 2300760
	2243  -  MemoryUsage of job (MB)
	2296068  -  ResidentSetSize of job (KB)
...
005 (026.000.000) 04/06 19:33:29 Job terminated.
	(1) Normal termination (return value 0)
		Usr 0 00:11:46, Sys 0 00:00:04  -  Run Remote Usage
		Usr 0 00:00:00, Sys 0 00:00:00  -  Run Local Usage
		Usr 0 00:11:46, Sys 0 00:00:04  -  Total Remote Usage
		Usr 0 00:00:00, Sys 0 00:00:00  -  Total Local Usage
	0  -  Run Bytes Sent By Job
	0  -  Run Bytes Received By Job
	0  -  Total Bytes Sent By Job
	0  -  Total Bytes Received By Job
	Partitionable Resources :    Usage  Request Allocated Assigned
	   Cpus                 :     0.27        1         8 
	   Disk (KB)            :     2           2   9644104 
	   Gpus                 :                           1 "CUDA0"
	   Memory (MB)          :  2814           1     15850 
...
005 (026.003.000) 04/06 19:34:03 Job terminated.
	(1) Normal termination (return value 0)
		Usr 0 00:12:18, Sys 0 00:00:05  -  Run Remote Usage
		Usr 0 00:00:00, Sys 0 00:00:00  -  Run Local Usage
		Usr 0 00:12:18, Sys 0 00:00:05  -  Total Remote Usage
		Usr 0 00:00:00, Sys 0 00:00:00  -  Total Local Usage
	0  -  Run Bytes Sent By Job
	0  -  Run Bytes Received By Job
	0  -  Total Bytes Sent By Job
	0  -  Total Bytes Received By Job
	Partitionable Resources :    Usage  Request Allocated Assigned
	   Cpus                 :     1.00        1        12 
	   Disk (KB)            :     2           2  11180516 
	   Gpus                 :                           1 "CUDA0"
	   Memory (MB)          :  3139           1     15751 
...
005 (026.008.000) 04/06 19:34:14 Job terminated.
	(1) Normal termination (return value 0)
		Usr 0 00:12:32, Sys 0 00:00:05  -  Run Remote Usage
		Usr 0 00:00:00, Sys 0 00:00:00  -  Run Local Usage
		Usr 0 00:12:32, Sys 0 00:00:05  -  Total Remote Usage
		Usr 0 00:00:00, Sys 0 00:00:00  -  Total Local Usage
	0  -  Run Bytes Sent By Job
	0  -  Run Bytes Received By Job
	0  -  Total Bytes Sent By Job
	0  -  Total Bytes Received By Job
	Partitionable Resources :    Usage  Request Allocated Assigned
	   Cpus                 :     1.00        1         8 
	   Disk (KB)            :     2           2   1534988 
	   Gpus                 :                           1 "CUDA0"
	   Memory (MB)          :  2335           1     15858 
...
005 (026.007.000) 04/06 19:36:15 Job terminated.
	(1) Normal termination (return value 0)
		Usr 0 00:14:27, Sys 0 00:00:04  -  Run Remote Usage
		Usr 0 00:00:00, Sys 0 00:00:00  -  Run Local Usage
		Usr 0 00:14:27, Sys 0 00:00:04  -  Total Remote Usage
		Usr 0 00:00:00, Sys 0 00:00:00  -  Total Local Usage
	0  -  Run Bytes Sent By Job
	0  -  Run Bytes Received By Job
	0  -  Total Bytes Sent By Job
	0  -  Total Bytes Received By Job
	Partitionable Resources :    Usage  Request Allocated Assigned
	   Cpus                 :     1.00        1         8 
	   Disk (KB)            :     2           2  10272136 
	   Gpus                 :                           1 "CUDA0"
	   Memory (MB)          :  1718           1     15846 
...
006 (026.002.000) 04/06 19:36:46 Image size of job updated: 3074220
	2998  -  MemoryUsage of job (MB)
	3069528  -  ResidentSetSize of job (KB)
...
006 (026.002.000) 04/06 19:41:47 Image size of job updated: 3074220
	2998  -  MemoryUsage of job (MB)
	3069632  -  ResidentSetSize of job (KB)
...
010 (026.002.000) 04/06 19:44:24 Job was suspended.
	Number of processes actually suspended: 2
...
011 (026.002.000) 04/06 19:49:31 Job was unsuspended.
...
005 (026.002.000) 04/07 04:15:56 Job terminated.
	(1) Normal termination (return value 0)
		Usr 0 00:21:38, Sys 0 00:00:06  -  Run Remote Usage
		Usr 0 00:00:00, Sys 0 00:00:00  -  Run Local Usage
		Usr 0 00:21:38, Sys 0 00:00:06  -  Total Remote Usage
		Usr 0 00:00:00, Sys 0 00:00:00  -  Total Local Usage
	0  -  Run Bytes Sent By Job
	0  -  Run Bytes Received By Job
	0  -  Total Bytes Sent By Job
	0  -  Total Bytes Received By Job
	Partitionable Resources :    Usage  Request Allocated Assigned
	   Cpus                 :        0        1        12 
	   Disk (KB)            :        2        2   2010932 
	   Gpus                 :                           1 "CUDA0"
	   Memory (MB)          :     2998        1     15899 
...
