Jaccard score for 'The ball was caught by the first baseman.' is 0.041666666666666664
Jaccard score for 'The ball was caught by the first baseman.' is 0.041666666666666664
Jaccard score for 'The ball was caught by the first baseman.' is 0.041666666666666664
Jaccard score for 'The first baseman caused the batter to be out.' is 0.027777777777777776
Jaccard score for 'The first baseman caused the batter to be out.' is 0.027777777777777776
Jaccard score for 'The umpire ruled it a strike.' is 0.041666666666666664
Jaccard score for 'The batter hit a ball.' is 0.05555555555555555
Jaccard score for 'The ball crossed the plate outside the strike zone.' is 0.009259259259259259
Jaccard score for 'The ball crossed the plate outside the strike zone.' is 0.009259259259259259
Jaccard score for 'The batter missed.' is 0.16666666666666666
Jaccard score for 'It was a strike.' is 0.125
Jaccard score for 'Hitter didn't swing his bat.' is 0.0
Jaccard score for 'It is a home run.' is 0.0625
Jaccard score for 'A popup was caught by the left fielder.' is 0.041666666666666664
Jaccard score for 'A popup was caught by the left fielder.' is 0.041666666666666664
Jaccard score for 'A popup was caught by the left fielder.' is 0.041666666666666664
Jaccard score for 'The 2nd baseman got the hitter out.' is 0.027777777777777776
Jaccard score for 'The 2nd baseman got the hitter out.' is 0.027777777777777776
Jaccard score for 'The shortstop threw on to first base for an out.' is 0.008680555555555556
Jaccard score for 'The shortstop threw on to first base for an out.' is 0.008680555555555556
Jaccard score for 'The shortstop threw on to first base for an out.' is 0.008680555555555556
Jaccard score for 'The shortstop threw on to first base for an out.' is 0.008680555555555556
Jaccard score for 'The shortstop threw on to first base for an out.' is 0.008680555555555556
Jaccard score for 'The ball bounced to the third baseman.' is 0.041666666666666664
Jaccard score for 'The ball bounced to the third baseman.' is 0.041666666666666664
Jaccard score for 'The ball bounced to the third baseman.' is 0.041666666666666664
Average jaccard score: 0.03843928062678062
