Jaccard score for 'The pitcher got the runner out.' is 0.027777777777777776
Jaccard score for 'The fielder caught the ball for an out.' is 0.018518518518518517
Jaccard score for 'The fielder caught the ball for an out.' is 0.018518518518518517
Jaccard score for 'The batter hit it to left center field.' is 0.015625
Jaccard score for 'The batter hit it to left center field.' is 0.015625
Jaccard score for 'The batter hit it to left center field.' is 0.015625
Jaccard score for 'The pitch was called a ball.' is 0.08333333333333333
Jaccard score for 'The batter hit the ball on the ground to the shortstop.' is 0.006172839506172839
Jaccard score for 'The batter hit the ball on the ground to the shortstop.' is 0.006172839506172839
Jaccard score for 'The batter hit the ball on the ground to the shortstop.' is 0.006172839506172839
Jaccard score for 'The batter hit the ball on the ground to the shortstop.' is 0.006172839506172839
Jaccard score for 'The outfielder caught it in the air.' is 0.027777777777777776
Jaccard score for 'The outfielder caught it in the air.' is 0.027777777777777776
Jaccard score for 'The fielder caught the ball in the air in shallow center field.' is 0.003787878787878788
Jaccard score for 'The fielder caught the ball in the air in shallow center field.' is 0.003787878787878788
Jaccard score for 'The fielder caught the ball in the air in shallow center field.' is 0.003787878787878788
Jaccard score for 'The fielder caught the ball in the air in shallow center field.' is 0.003787878787878788
Jaccard score for 'The fielder caught the ball in the air in shallow center field.' is 0.003787878787878788
Jaccard score for 'The fielder caught the ball in the air in shallow center field.' is 0.003787878787878788
Jaccard score for 'The batter swung the bat.' is 0.05555555555555555
Jaccard score for 'The batter sent it into left field.' is 0.03125
Jaccard score for 'The batter sent it into left field.' is 0.03125
Jaccard score for 'The batter sent it into left field.' is 0.03125
Jaccard score for 'The umpire ruled that the batter did not swing.' is 0.027777777777777776
Jaccard score for 'The umpire ruled that the batter did not swing.' is 0.027777777777777776
Jaccard score for 'The hitter hit the ball straight up the middle.' is 0.018518518518518517
Jaccard score for 'The hitter hit the ball straight up the middle.' is 0.018518518518518517
Jaccard score for 'It was caught midair by a defender.' is 0.0
Jaccard score for 'It was caught midair by a defender.' is 0.0
Jaccard score for 'He hit it outside the foul lines.' is 0.03125
Jaccard score for 'He hit it outside the foul lines.' is 0.03125
Jaccard score for 'He hit it outside the foul lines.' is 0.03125
Average jaccard score: 0.019801421331369248
