Jaccard score for 'The batter hit the ball in play in the air.' is 0.010582010582010581
Jaccard score for 'The batter hit the ball in play in the air.' is 0.010582010582010581
Jaccard score for 'The batter hit the ball in play in the air.' is 0.010582010582010581
Jaccard score for 'The batter hit the ball in play in the air.' is 0.010582010582010581
Jaccard score for 'It was a ball.' is 0.125
Jaccard score for 'The fielder caught a fly ball in the air.' is 0.009259259259259259
Jaccard score for 'The fielder caught a fly ball in the air.' is 0.009259259259259259
Jaccard score for 'An out ended the inning.' is 0.05555555555555555
Jaccard score for 'It was hit to the 3rd base.' is 0.0625
Jaccard score for 'It was hit to the 3rd base.' is 0.0625
Jaccard score for 'It was hit to the 3rd base.' is 0.0625
Jaccard score for 'The ball was hit over the outfield wall on the fly,in fair territory.' is 0.001736111111111111
Jaccard score for 'The ball was hit over the outfield wall on the fly,in fair territory.' is 0.001736111111111111
Jaccard score for 'The ball was hit over the outfield wall on the fly,in fair territory.' is 0.001736111111111111
Jaccard score for 'The ball was hit over the outfield wall on the fly,in fair territory.' is 0.001736111111111111
Jaccard score for 'The ball was hit over the outfield wall on the fly,in fair territory.' is 0.001736111111111111
Jaccard score for 'The ball was hit over the outfield wall on the fly,in fair territory.' is 0.001736111111111111
Jaccard score for 'The ball was hit over the outfield wall on the fly,in fair territory.' is 0.001736111111111111
Jaccard score for 'The ball was hit over the outfield wall on the fly,in fair territory.' is 0.001736111111111111
Jaccard score for 'The ball was hit over the outfield wall on the fly,in fair territory.' is 0.001736111111111111
Jaccard score for 'The ball was hit over the outfield wall on the fly,in fair territory.' is 0.001736111111111111
Jaccard score for 'The ball was hit over the outfield wall on the fly,in fair territory.' is 0.001736111111111111
Jaccard score for 'The ball was hit over the outfield wall on the fly,in fair territory.' is 0.001736111111111111
Jaccard score for 'It did not go into the field of play.' is 0.015625
Jaccard score for 'It did not go into the field of play.' is 0.015625
Jaccard score for 'It did not go into the field of play.' is 0.015625
Jaccard score for 'The batter hit it into the air,past the foul line.' is 0.003472222222222222
Jaccard score for 'The batter hit it into the air,past the foul line.' is 0.003472222222222222
Jaccard score for 'The batter hit it into the air,past the foul line.' is 0.003472222222222222
Jaccard score for 'The batter hit it into the air,past the foul line.' is 0.003472222222222222
Jaccard score for 'The batter hit it into the air,past the foul line.' is 0.003472222222222222
Jaccard score for 'The batter hit it into the air,past the foul line.' is 0.003472222222222222
Jaccard score for 'It was caught by the shortstop.' is 0.08333333333333333
Jaccard score for 'It was caught by the shortstop.' is 0.08333333333333333
Jaccard score for 'The center baseman caught the ball for an out.' is 0.009259259259259259
Jaccard score for 'The center baseman caught the ball for an out.' is 0.009259259259259259
Jaccard score for 'The pitch crossed the plate inside of the strike zone.' is 0.0023148148148148147
Jaccard score for 'The batter swung at the pitch.' is 0.05555555555555555
Jaccard score for 'The batter swung at the pitch.' is 0.05555555555555555
Jaccard score for 'The hitter hit the ball to the pitcher.' is 0.018518518518518517
Jaccard score for 'The hitter hit the ball to the pitcher.' is 0.018518518518518517
Average jaccard score: 0.020807120273583685
