Jaccard score for 'The pitch crossed the plate over the top of the strike zone.' is 0.0023148148148148147
Jaccard score for 'The pitch crossed the plate over the top of the strike zone.' is 0.0023148148148148147
Jaccard score for 'The pitch crossed the plate over the top of the strike zone.' is 0.0023148148148148147
Jaccard score for 'The batter popped it to shallow center.' is 0.03125
Jaccard score for 'The batter popped it to shallow center.' is 0.03125
Jaccard score for 'The batter popped it to shallow center.' is 0.03125
Jaccard score for 'The third baseman collected it.' is 0.08333333333333333
Jaccard score for 'The third baseman collected it.' is 0.08333333333333333
Jaccard score for 'The batted ball landed in shallow center field.' is 0.03125
Jaccard score for 'The batted ball landed in shallow center field.' is 0.03125
Jaccard score for 'The batted ball landed in shallow center field.' is 0.03125
Jaccard score for 'The batted ball landed in shallow center field.' is 0.03125
Jaccard score for 'The batted ball landed in shallow center field.' is 0.03125
Jaccard score for 'The batted ball landed in shallow center field.' is 0.03125
Jaccard score for 'The ball did not appear to be in the strike zone.' is 0.006944444444444444
Jaccard score for 'The ball did not appear to be in the strike zone.' is 0.006944444444444444
Jaccard score for 'The batter came all the way around on his swing.' is 0.03125
Jaccard score for 'The batter came all the way around on his swing.' is 0.03125
Jaccard score for 'The batter came all the way around on his swing.' is 0.03125
Jaccard score for 'The ball landed within the strike zone.' is 0.027777777777777776
Jaccard score for 'The ball landed within the strike zone.' is 0.027777777777777776
Jaccard score for 'The 2nd baseman threw to first baseman.' is 0.0625
Jaccard score for 'The 2nd baseman threw to first baseman.' is 0.0625
Jaccard score for 'The 2nd baseman threw to first baseman.' is 0.0625
Jaccard score for 'The 2nd baseman threw to first baseman.' is 0.0625
Jaccard score for 'The 2nd baseman threw to first baseman.' is 0.0625
Jaccard score for 'The 2nd baseman threw to first baseman.' is 0.0625
Jaccard score for 'The ball went through the strike zone.' is 0.027777777777777776
Jaccard score for 'The ball went through the strike zone.' is 0.027777777777777776
Jaccard score for 'The batter hit a ball.' is 0.05555555555555555
Jaccard score for 'The fielder caught the ball for an out.' is 0.018518518518518517
Jaccard score for 'The fielder caught the ball for an out.' is 0.018518518518518517
Jaccard score for 'The batter hit the ball into the air.' is 0.018518518518518517
Jaccard score for 'The batter hit the ball into the air.' is 0.018518518518518517
Jaccard score for 'The pitch was called a strike by the umpire.' is 0.027777777777777776
Jaccard score for 'The pitch was called a strike by the umpire.' is 0.027777777777777776
Average jaccard score: 0.03427211934156379
