Jaccard score for 'The ball bounced to the third baseman.' is 0.0
Jaccard score for 'The ball bounced to the third baseman.' is 0.0
Jaccard score for 'The ball bounced to the third baseman.' is 0.0
Jaccard score for 'The ball bounced to the third baseman.' is 0.0
Jaccard score for 'The ball bounced to the third baseman.' is 0.0
Jaccard score for 'The ball bounced to the third baseman.' is 0.0
Jaccard score for 'The ball bounced to the third baseman.' is 0.0
Jaccard score for 'The ball bounced to the third baseman.' is 0.0
Jaccard score for 'The ball bounced to the third baseman.' is 0.0
Jaccard score for 'The batter popped it to shallow center.' is 0.0
Jaccard score for 'The batter popped it to shallow center.' is 0.0
Jaccard score for 'The batter popped it to shallow center.' is 0.0
Jaccard score for 'The batter popped it to shallow center.' is 0.0
Jaccard score for 'The batter popped it to shallow center.' is 0.0
Jaccard score for 'The batter popped it to shallow center.' is 0.0
Jaccard score for 'The batter popped it to shallow center.' is 0.0
Jaccard score for 'The batter popped it to shallow center.' is 0.0
Jaccard score for 'The batter popped it to shallow center.' is 0.0
Jaccard score for 'The player made contact hitting the ball back to the pitcher.' is 0.0
Jaccard score for 'The player made contact hitting the ball back to the pitcher.' is 0.0
Jaccard score for 'The player made contact hitting the ball back to the pitcher.' is 0.0
Jaccard score for 'The batter did not hit the ball.' is 0.0
Jaccard score for 'The batter did not hit the ball.' is 0.0
Jaccard score for 'The batter did not hit the ball.' is 0.0
Jaccard score for 'This is a ground out.' is 0.0
Jaccard score for 'This is a ground out.' is 0.0
Jaccard score for 'This is a ground out.' is 0.0
Jaccard score for 'The pitch crossed the plate in the strike zone.' is 0.0
Jaccard score for 'The pitch crossed the plate in the strike zone.' is 0.0
Jaccard score for 'The pitch crossed the plate in the strike zone.' is 0.0
Jaccard score for 'The pitch crossed the plate in the strike zone.' is 0.0
Jaccard score for 'The pitch crossed the plate in the strike zone.' is 0.0
Jaccard score for 'The pitch crossed the plate in the strike zone.' is 0.0
Jaccard score for 'The batter hit a ball.' is 0.0
Jaccard score for 'The batter hit a ball.' is 0.0
Jaccard score for 'The batter hit a ball.' is 0.0
Jaccard score for 'It is a strike.' is 0.0
Jaccard score for 'It is a strike.' is 0.0
Jaccard score for 'It is a strike.' is 0.0
Jaccard score for 'The hitter hit the ball straight up the middle.' is 0.0
Jaccard score for 'The hitter hit the ball straight up the middle.' is 0.0
Jaccard score for 'The hitter hit the ball straight up the middle.' is 0.0
Jaccard score for 'The hitter hit the ball straight up the middle.' is 0.0
Jaccard score for 'The hitter hit the ball straight up the middle.' is 0.0
Jaccard score for 'The hitter hit the ball straight up the middle.' is 0.0
Jaccard score for 'The third baseman collected it.' is 0.0
Jaccard score for 'The third baseman collected it.' is 0.0
Jaccard score for 'The third baseman collected it.' is 0.0
Jaccard score for 'The third baseman collected it.' is 0.0
Jaccard score for 'The third baseman collected it.' is 0.0
Jaccard score for 'The third baseman collected it.' is 0.0
Jaccard score for 'The hitter hit the ball to the pitcher.' is 0.0
Jaccard score for 'The hitter hit the ball to the pitcher.' is 0.0
Jaccard score for 'The hitter hit the ball to the pitcher.' is 0.0
Jaccard score for 'The hitter hit the ball to the pitcher.' is 0.0
Jaccard score for 'The hitter hit the ball to the pitcher.' is 0.0
Jaccard score for 'The hitter hit the ball to the pitcher.' is 0.0
Jaccard score for 'It was a ground ball to the shortstop.' is 0.0
Jaccard score for 'It was a ground ball to the shortstop.' is 0.0
Jaccard score for 'It was a ground ball to the shortstop.' is 0.0
Jaccard score for 'It was a ground ball to the shortstop.' is 0.0
Jaccard score for 'It was a ground ball to the shortstop.' is 0.0
Jaccard score for 'It was a ground ball to the shortstop.' is 0.0
Jaccard score for 'The ball went through the strike zone.' is 0.0
Jaccard score for 'The ball went through the strike zone.' is 0.0
Jaccard score for 'The ball went through the strike zone.' is 0.0
Jaccard score for 'The ball went through the strike zone.' is 0.0
Jaccard score for 'The ball went through the strike zone.' is 0.0
Jaccard score for 'The ball went through the strike zone.' is 0.0
Average jaccard score: 0.0
