Jaccard score for 'The batted ball landed in shallow center field.' is 0.0
Jaccard score for 'The batted ball landed in shallow center field.' is 0.0
Jaccard score for 'The batted ball landed in shallow center field.' is 0.0
Jaccard score for 'The batted ball landed in shallow center field.' is 0.0
Jaccard score for 'The batted ball landed in shallow center field.' is 0.0
Jaccard score for 'The batted ball landed in shallow center field.' is 0.0
Jaccard score for 'The batted ball landed in shallow center field.' is 0.0
Jaccard score for 'The batted ball landed in shallow center field.' is 0.0
Jaccard score for 'The batted ball landed in shallow center field.' is 0.0
Jaccard score for 'The batted ball landed in shallow center field.' is 0.0
Jaccard score for 'The batted ball landed in shallow center field.' is 0.0
Jaccard score for 'The batted ball landed in shallow center field.' is 0.0
Jaccard score for 'The batted ball landed in shallow center field.' is 0.0
Jaccard score for 'The batted ball landed in shallow center field.' is 0.0
Jaccard score for 'The batted ball landed in shallow center field.' is 0.0
Jaccard score for 'The batted ball landed in shallow center field.' is 0.0
Jaccard score for 'The batted ball landed in shallow center field.' is 0.0
Jaccard score for 'The batted ball landed in shallow center field.' is 0.0
Jaccard score for 'The shortstop threw to the runner at first.' is 0.0
Jaccard score for 'The shortstop threw to the runner at first.' is 0.0
Jaccard score for 'The shortstop threw to the runner at first.' is 0.0
Jaccard score for 'The shortstop threw to the runner at first.' is 0.0
Jaccard score for 'The shortstop threw to the runner at first.' is 0.0
Jaccard score for 'The shortstop threw to the runner at first.' is 0.0
Jaccard score for 'An out ended the inning.' is 0.0
Jaccard score for 'An out ended the inning.' is 0.0
Jaccard score for 'An out ended the inning.' is 0.0
Jaccard score for 'The batter hit it into foul territory.' is 0.0
Jaccard score for 'The batter hit it into foul territory.' is 0.0
Jaccard score for 'The batter hit it into foul territory.' is 0.0
Jaccard score for 'The batter hit it into foul territory.' is 0.0
Jaccard score for 'The batter hit it into foul territory.' is 0.0
Jaccard score for 'The batter hit it into foul territory.' is 0.0
Jaccard score for 'The batter hit it into foul territory.' is 0.0
Jaccard score for 'The batter hit it into foul territory.' is 0.0
Jaccard score for 'The batter hit it into foul territory.' is 0.0
Jaccard score for 'A home run was hit out of the playing grounds.' is 0.0
Jaccard score for 'A home run was hit out of the playing grounds.' is 0.0
Jaccard score for 'A home run was hit out of the playing grounds.' is 0.0
Jaccard score for 'A home run was hit out of the playing grounds.' is 0.0
Jaccard score for 'A home run was hit out of the playing grounds.' is 0.0
Jaccard score for 'A home run was hit out of the playing grounds.' is 0.0
Jaccard score for 'The strike had to be called by the umpire.' is 0.0
Jaccard score for 'The strike had to be called by the umpire.' is 0.0
Jaccard score for 'The strike had to be called by the umpire.' is 0.0
Jaccard score for 'The ball crossed the plate outside of the strike zone.' is 0.0
Jaccard score for 'The ball crossed the plate outside of the strike zone.' is 0.0
Jaccard score for 'The ball crossed the plate outside of the strike zone.' is 0.0
Jaccard score for 'The ball crossed the plate outside of the strike zone.' is 0.0
Jaccard score for 'The ball crossed the plate outside of the strike zone.' is 0.0
Jaccard score for 'The ball crossed the plate outside of the strike zone.' is 0.0
Jaccard score for 'The 2nd baseman threw to first baseman.' is 0.0
Jaccard score for 'The 2nd baseman threw to first baseman.' is 0.0
Jaccard score for 'The 2nd baseman threw to first baseman.' is 0.0
Jaccard score for 'The 2nd baseman threw to first baseman.' is 0.0
Jaccard score for 'The 2nd baseman threw to first baseman.' is 0.0
Jaccard score for 'The 2nd baseman threw to first baseman.' is 0.0
Jaccard score for 'The 2nd baseman threw to first baseman.' is 0.0
Jaccard score for 'The 2nd baseman threw to first baseman.' is 0.0
Jaccard score for 'The 2nd baseman threw to first baseman.' is 0.0
Jaccard score for 'The 2nd baseman threw to first baseman.' is 0.0
Jaccard score for 'The 2nd baseman threw to first baseman.' is 0.0
Jaccard score for 'The 2nd baseman threw to first baseman.' is 0.0
Jaccard score for 'The 2nd baseman threw to first baseman.' is 0.0
Jaccard score for 'The 2nd baseman threw to first baseman.' is 0.0
Jaccard score for 'The 2nd baseman threw to first baseman.' is 0.0
Jaccard score for 'The 2nd baseman threw to first baseman.' is 0.0
Jaccard score for 'The 2nd baseman threw to first baseman.' is 0.0
Jaccard score for 'The 2nd baseman threw to first baseman.' is 0.0
Jaccard score for 'The batted ball landed for a hit.' is 0.0
Jaccard score for 'The batted ball landed for a hit.' is 0.0
Jaccard score for 'The batted ball landed for a hit.' is 0.0
Jaccard score for 'The batted ball landed for a hit.' is 0.0
Jaccard score for 'The batted ball landed for a hit.' is 0.0
Jaccard score for 'The batted ball landed for a hit.' is 0.0
Jaccard score for 'The batted ball landed for a hit.' is 0.0
Jaccard score for 'The batted ball landed for a hit.' is 0.0
Jaccard score for 'The batted ball landed for a hit.' is 0.0
Jaccard score for 'The batted ball landed for a hit.' is 0.0
Jaccard score for 'The batted ball landed for a hit.' is 0.0
Jaccard score for 'The batted ball landed for a hit.' is 0.0
Jaccard score for 'The batter hit it into the air,past the foul line.' is 0.0
Jaccard score for 'The batter hit it into the air,past the foul line.' is 0.0
Jaccard score for 'The batter hit it into the air,past the foul line.' is 0.0
Jaccard score for 'The batter hit it into the air,past the foul line.' is 0.0
Jaccard score for 'The batter hit it into the air,past the foul line.' is 0.0
Jaccard score for 'The batter hit it into the air,past the foul line.' is 0.0
Jaccard score for 'The batter hit it into the air,past the foul line.' is 0.0
Jaccard score for 'The batter hit it into the air,past the foul line.' is 0.0
Jaccard score for 'The batter hit it into the air,past the foul line.' is 0.0
Jaccard score for 'The batter hit it into the air,past the foul line.' is 0.0
Jaccard score for 'The batter hit it into the air,past the foul line.' is 0.0
Jaccard score for 'The batter hit it into the air,past the foul line.' is 0.0
Jaccard score for 'The batter hit it into the air,past the foul line.' is 0.0
Jaccard score for 'The batter hit it into the air,past the foul line.' is 0.0
Jaccard score for 'The batter hit it into the air,past the foul line.' is 0.0
Jaccard score for 'The batter hit it into the air,past the foul line.' is 0.0
Jaccard score for 'The batter hit it into the air,past the foul line.' is 0.0
Jaccard score for 'The batter hit it into the air,past the foul line.' is 0.0
Jaccard score for 'The ball did not end up in the field of play.' is 0.0
Jaccard score for 'The ball did not end up in the field of play.' is 0.0
Jaccard score for 'The ball did not end up in the field of play.' is 0.0
Jaccard score for 'The ball did not end up in the field of play.' is 0.0
Jaccard score for 'The ball did not end up in the field of play.' is 0.0
Jaccard score for 'The ball did not end up in the field of play.' is 0.0
Jaccard score for 'The ball did not end up in the field of play.' is 0.0
Jaccard score for 'The ball did not end up in the field of play.' is 0.0
Jaccard score for 'The ball did not end up in the field of play.' is 0.0
Jaccard score for 'The ball landed within the strike zone.' is 0.0
Jaccard score for 'The ball landed within the strike zone.' is 0.0
Jaccard score for 'The ball landed within the strike zone.' is 0.0
Jaccard score for 'The ball landed within the strike zone.' is 0.0
Jaccard score for 'The ball landed within the strike zone.' is 0.0
Jaccard score for 'The ball landed within the strike zone.' is 0.0
Jaccard score for 'The third baseman threw to second base.' is 0.0
Jaccard score for 'The third baseman threw to second base.' is 0.0
Jaccard score for 'The third baseman threw to second base.' is 0.0
Jaccard score for 'The third baseman threw to second base.' is 0.0
Jaccard score for 'The third baseman threw to second base.' is 0.0
Jaccard score for 'The third baseman threw to second base.' is 0.0
Jaccard score for 'The third baseman threw to second base.' is 0.0
Jaccard score for 'The third baseman threw to second base.' is 0.0
Jaccard score for 'The third baseman threw to second base.' is 0.0
Jaccard score for 'The third baseman threw to second base.' is 0.0
Jaccard score for 'The third baseman threw to second base.' is 0.0
Jaccard score for 'The third baseman threw to second base.' is 0.0
Jaccard score for 'The third baseman threw to second base.' is 0.0
Jaccard score for 'The third baseman threw to second base.' is 0.0
Jaccard score for 'The third baseman threw to second base.' is 0.0
Jaccard score for 'The third baseman threw to second base.' is 0.0
Jaccard score for 'The third baseman threw to second base.' is 0.0
Jaccard score for 'The third baseman threw to second base.' is 0.0
Average jaccard score: 0.0
