Jaccard score for 'The first baseman caught the ball.' is 0.0
Jaccard score for 'The first baseman caught the ball.' is 0.0
Jaccard score for 'The first baseman caught the ball.' is 0.0
Jaccard score for 'The first baseman caught the ball.' is 0.0
Jaccard score for 'The first baseman caught the ball.' is 0.0
Jaccard score for 'The first baseman caught the ball.' is 0.0
Jaccard score for 'The first base umpire declared that the batter did not take a full swing.' is 0.0
Jaccard score for 'The first base umpire declared that the batter did not take a full swing.' is 0.0
Jaccard score for 'The first base umpire declared that the batter did not take a full swing.' is 0.0
Jaccard score for 'The first base umpire declared that the batter did not take a full swing.' is 0.0
Jaccard score for 'The first base umpire declared that the batter did not take a full swing.' is 0.0
Jaccard score for 'The first base umpire declared that the batter did not take a full swing.' is 0.0
Jaccard score for 'The first base umpire declared that the batter did not take a full swing.' is 0.0
Jaccard score for 'The first base umpire declared that the batter did not take a full swing.' is 0.0
Jaccard score for 'The first base umpire declared that the batter did not take a full swing.' is 0.0
Jaccard score for 'The ball was not thrown through the strike zone.' is 0.0
Jaccard score for 'The ball was not thrown through the strike zone.' is 0.0
Jaccard score for 'The ball was not thrown through the strike zone.' is 0.0
Jaccard score for 'The ball was not thrown through the strike zone.' is 0.0
Jaccard score for 'The ball was not thrown through the strike zone.' is 0.0
Jaccard score for 'The ball was not thrown through the strike zone.' is 0.0
Jaccard score for 'It was a home run.' is 0.0
Jaccard score for 'It was a home run.' is 0.0
Jaccard score for 'It was a home run.' is 0.0
Jaccard score for 'The batter connected with the ball.' is 0.0
Jaccard score for 'The batter connected with the ball.' is 0.0
Jaccard score for 'The batter connected with the ball.' is 0.0
Jaccard score for 'The center baseman caught the ball for an out.' is 0.0
Jaccard score for 'The center baseman caught the ball for an out.' is 0.0
Jaccard score for 'The center baseman caught the ball for an out.' is 0.0
Jaccard score for 'The center baseman caught the ball for an out.' is 0.0
Jaccard score for 'The center baseman caught the ball for an out.' is 0.0
Jaccard score for 'The center baseman caught the ball for an out.' is 0.0
Jaccard score for 'The umpire ruled that the batter did not swing.' is 0.0
Jaccard score for 'The umpire ruled that the batter did not swing.' is 0.0
Jaccard score for 'The umpire ruled that the batter did not swing.' is 0.0
Jaccard score for 'The umpire ruled that the batter did not swing.' is 0.0
Jaccard score for 'The umpire ruled that the batter did not swing.' is 0.0
Jaccard score for 'The umpire ruled that the batter did not swing.' is 0.0
Jaccard score for 'The ball was caught by the first baseman.' is 0.0
Jaccard score for 'The ball was caught by the first baseman.' is 0.0
Jaccard score for 'The ball was caught by the first baseman.' is 0.0
Jaccard score for 'The ball was caught by the first baseman.' is 0.0
Jaccard score for 'The ball was caught by the first baseman.' is 0.0
Jaccard score for 'The ball was caught by the first baseman.' is 0.0
Jaccard score for 'The ball was caught by the first baseman.' is 0.0
Jaccard score for 'The ball was caught by the first baseman.' is 0.0
Jaccard score for 'The ball was caught by the first baseman.' is 0.0
Jaccard score for 'It was hit to the 3rd base.' is 0.0
Jaccard score for 'It was hit to the 3rd base.' is 0.0
Jaccard score for 'It was hit to the 3rd base.' is 0.0
Jaccard score for 'It was hit to the 3rd base.' is 0.0
Jaccard score for 'It was hit to the 3rd base.' is 0.0
Jaccard score for 'It was hit to the 3rd base.' is 0.0
Jaccard score for 'It was hit to the 3rd base.' is 0.0
Jaccard score for 'It was hit to the 3rd base.' is 0.0
Jaccard score for 'It was hit to the 3rd base.' is 0.0
Jaccard score for 'The batter made contact.' is 0.0
Jaccard score for 'The batter made contact.' is 0.0
Jaccard score for 'The batter made contact.' is 0.0
Jaccard score for 'The batter came all the way around on his swing.' is 0.0
Jaccard score for 'The batter came all the way around on his swing.' is 0.0
Jaccard score for 'The batter came all the way around on his swing.' is 0.0
Jaccard score for 'The batter came all the way around on his swing.' is 0.0
Jaccard score for 'The batter came all the way around on his swing.' is 0.0
Jaccard score for 'The batter came all the way around on his swing.' is 0.0
Jaccard score for 'The batter came all the way around on his swing.' is 0.0
Jaccard score for 'The batter came all the way around on his swing.' is 0.0
Jaccard score for 'The batter came all the way around on his swing.' is 0.0
Jaccard score for 'A ball was caught by the shortstop.' is 0.0
Jaccard score for 'A ball was caught by the shortstop.' is 0.0
Jaccard score for 'A ball was caught by the shortstop.' is 0.0
Jaccard score for 'A ball was caught by the shortstop.' is 0.0
Jaccard score for 'A ball was caught by the shortstop.' is 0.0
Jaccard score for 'A ball was caught by the shortstop.' is 0.0
Jaccard score for 'The pitch crossed the plate inside of the strike zone.' is 0.0
Jaccard score for 'The pitch crossed the plate inside of the strike zone.' is 0.0
Jaccard score for 'The pitch crossed the plate inside of the strike zone.' is 0.0
Average jaccard score: 0.0
