000 (030.000.000) 04/08 10:20:21 Job submitted from host: <146.169.52.21:9618?addrs=146.169.52.21-9618+[2a0c-5bc0-40-11c4-92a8-f2a3-b1f5-4365]-9618&noUDP&sock=18331_6f10_3>
...
000 (030.001.000) 04/08 10:20:21 Job submitted from host: <146.169.52.21:9618?addrs=146.169.52.21-9618+[2a0c-5bc0-40-11c4-92a8-f2a3-b1f5-4365]-9618&noUDP&sock=18331_6f10_3>
...
000 (030.002.000) 04/08 10:20:21 Job submitted from host: <146.169.52.21:9618?addrs=146.169.52.21-9618+[2a0c-5bc0-40-11c4-92a8-f2a3-b1f5-4365]-9618&noUDP&sock=18331_6f10_3>
...
000 (030.003.000) 04/08 10:20:21 Job submitted from host: <146.169.52.21:9618?addrs=146.169.52.21-9618+[2a0c-5bc0-40-11c4-92a8-f2a3-b1f5-4365]-9618&noUDP&sock=18331_6f10_3>
...
000 (030.004.000) 04/08 10:20:21 Job submitted from host: <146.169.52.21:9618?addrs=146.169.52.21-9618+[2a0c-5bc0-40-11c4-92a8-f2a3-b1f5-4365]-9618&noUDP&sock=18331_6f10_3>
...
000 (030.005.000) 04/08 10:20:21 Job submitted from host: <146.169.52.21:9618?addrs=146.169.52.21-9618+[2a0c-5bc0-40-11c4-92a8-f2a3-b1f5-4365]-9618&noUDP&sock=18331_6f10_3>
...
000 (030.006.000) 04/08 10:20:21 Job submitted from host: <146.169.52.21:9618?addrs=146.169.52.21-9618+[2a0c-5bc0-40-11c4-92a8-f2a3-b1f5-4365]-9618&noUDP&sock=18331_6f10_3>
...
000 (030.007.000) 04/08 10:20:21 Job submitted from host: <146.169.52.21:9618?addrs=146.169.52.21-9618+[2a0c-5bc0-40-11c4-92a8-f2a3-b1f5-4365]-9618&noUDP&sock=18331_6f10_3>
...
000 (030.008.000) 04/08 10:20:21 Job submitted from host: <146.169.52.21:9618?addrs=146.169.52.21-9618+[2a0c-5bc0-40-11c4-92a8-f2a3-b1f5-4365]-9618&noUDP&sock=18331_6f10_3>
...
000 (030.009.000) 04/08 10:20:21 Job submitted from host: <146.169.52.21:9618?addrs=146.169.52.21-9618+[2a0c-5bc0-40-11c4-92a8-f2a3-b1f5-4365]-9618&noUDP&sock=18331_6f10_3>
...
001 (030.002.000) 04/08 10:21:07 Job executing on host: <146.169.53.194:9618?addrs=146.169.53.194-9618+[2a0c-5bc0-40-11c4-4a25-13af-8646-e2]-9618&noUDP&sock=20685_1501_4>
...
001 (030.008.000) 04/08 10:21:07 Job executing on host: <146.169.53.55:9618?addrs=146.169.53.55-9618+[2a0c-5bc0-40-11c4-a7a5-3d54-ddd6-310b]-9618&noUDP&sock=17998_0607_4>
...
001 (030.005.000) 04/08 10:21:07 Job executing on host: <146.169.53.200:9618?addrs=146.169.53.200-9618+[2a0c-5bc0-40-11c4-80d-26ca-a98a-d64e]-9618&noUDP&sock=18903_c73d_4>
...
001 (030.006.000) 04/08 10:21:07 Job executing on host: <146.169.53.170:9618?addrs=146.169.53.170-9618+[2a0c-5bc0-40-11c4-3be4-1732-40ce-b2e2]-9618&noUDP&sock=20376_223d_4>
...
001 (030.004.000) 04/08 10:21:07 Job executing on host: <146.169.53.230:9618?addrs=146.169.53.230-9618+[2a0c-5bc0-40-11c4-33b8-3274-ec09-bfd7]-9618&noUDP&sock=51373_7f5e_4>
...
001 (030.009.000) 04/08 10:21:07 Job executing on host: <146.169.53.201:9618?addrs=146.169.53.201-9618+[2a0c-5bc0-40-11c4-5df3-7f8b-c9bc-1ce3]-9618&noUDP&sock=17981_5ceb_4>
...
001 (030.007.000) 04/08 10:21:07 Job executing on host: <146.169.53.218:9618?addrs=146.169.53.218-9618+[2a0c-5bc0-40-11c4-ebe6-d1e2-2f6f-7b3a]-9618&noUDP&sock=1900756_6913_4>
...
001 (030.000.000) 04/08 10:21:07 Job executing on host: <146.169.53.215:9618?addrs=146.169.53.215-9618+[2a0c-5bc0-40-11c4-aa95-8a91-6351-fd91]-9618&noUDP&sock=147314_4475_4>
...
001 (030.001.000) 04/08 10:21:07 Job executing on host: <146.169.53.167:9618?addrs=146.169.53.167-9618+[2a0c-5bc0-40-11c4-ff5b-66e3-8455-6d3a]-9618&noUDP&sock=22912_9e6b_4>
...
001 (030.003.000) 04/08 10:21:12 Job executing on host: <146.169.26.31:9618?addrs=146.169.26.31-9618+[2a0c-5bc0-40-11a8-d777-51cd-6f6-b2d8]-9618&noUDP&sock=17666_828b_4>
...
006 (030.002.000) 04/08 10:21:15 Image size of job updated: 232000
	220  -  MemoryUsage of job (MB)
	224600  -  ResidentSetSize of job (KB)
...
006 (030.008.000) 04/08 10:21:15 Image size of job updated: 234288
	221  -  MemoryUsage of job (MB)
	225976  -  ResidentSetSize of job (KB)
...
006 (030.005.000) 04/08 10:21:15 Image size of job updated: 230508
	217  -  MemoryUsage of job (MB)
	222208  -  ResidentSetSize of job (KB)
...
006 (030.006.000) 04/08 10:21:15 Image size of job updated: 233120
	220  -  MemoryUsage of job (MB)
	224768  -  ResidentSetSize of job (KB)
...
006 (030.004.000) 04/08 10:21:15 Image size of job updated: 222416
	210  -  MemoryUsage of job (MB)
	214296  -  ResidentSetSize of job (KB)
...
006 (030.009.000) 04/08 10:21:15 Image size of job updated: 226272
	214  -  MemoryUsage of job (MB)
	218852  -  ResidentSetSize of job (KB)
...
006 (030.007.000) 04/08 10:21:16 Image size of job updated: 224420
	212  -  MemoryUsage of job (MB)
	217016  -  ResidentSetSize of job (KB)
...
006 (030.000.000) 04/08 10:21:16 Image size of job updated: 222356
	213  -  MemoryUsage of job (MB)
	217640  -  ResidentSetSize of job (KB)
...
006 (030.001.000) 04/08 10:21:16 Image size of job updated: 234296
	221  -  MemoryUsage of job (MB)
	226000  -  ResidentSetSize of job (KB)
...
006 (030.003.000) 04/08 10:21:20 Image size of job updated: 420
	1  -  MemoryUsage of job (MB)
	332  -  ResidentSetSize of job (KB)
...
006 (030.008.000) 04/08 10:26:15 Image size of job updated: 3127820
	3047  -  MemoryUsage of job (MB)
	3119380  -  ResidentSetSize of job (KB)
...
006 (030.005.000) 04/08 10:26:15 Image size of job updated: 2799712
	2726  -  MemoryUsage of job (MB)
	2791236  -  ResidentSetSize of job (KB)
...
006 (030.002.000) 04/08 10:26:15 Image size of job updated: 2943896
	2868  -  MemoryUsage of job (MB)
	2936328  -  ResidentSetSize of job (KB)
...
006 (030.006.000) 04/08 10:26:15 Image size of job updated: 3019844
	2941  -  MemoryUsage of job (MB)
	3011372  -  ResidentSetSize of job (KB)
...
006 (030.004.000) 04/08 10:26:15 Image size of job updated: 2740416
	2668  -  MemoryUsage of job (MB)
	2732028  -  ResidentSetSize of job (KB)
...
006 (030.009.000) 04/08 10:26:15 Image size of job updated: 2815240
	2742  -  MemoryUsage of job (MB)
	2807612  -  ResidentSetSize of job (KB)
...
006 (030.007.000) 04/08 10:26:17 Image size of job updated: 2700488
	2630  -  MemoryUsage of job (MB)
	2692904  -  ResidentSetSize of job (KB)
...
006 (030.000.000) 04/08 10:26:17 Image size of job updated: 2828768
	2758  -  MemoryUsage of job (MB)
	2824032  -  ResidentSetSize of job (KB)
...
006 (030.001.000) 04/08 10:26:17 Image size of job updated: 2931892
	2855  -  MemoryUsage of job (MB)
	2923404  -  ResidentSetSize of job (KB)
...
006 (030.003.000) 04/08 10:26:20 Image size of job updated: 2601652
	2537  -  MemoryUsage of job (MB)
	2596960  -  ResidentSetSize of job (KB)
...
010 (030.007.000) 04/08 10:27:07 Job was suspended.
	Number of processes actually suspended: 3
...
006 (030.007.000) 04/08 10:27:07 Image size of job updated: 2982288
	2905  -  MemoryUsage of job (MB)
	2974704  -  ResidentSetSize of job (KB)
...
006 (030.004.000) 04/08 10:31:16 Image size of job updated: 3086684
	3007  -  MemoryUsage of job (MB)
	3078296  -  ResidentSetSize of job (KB)
...
006 (030.006.000) 04/08 10:31:16 Image size of job updated: 3296552
	3212  -  MemoryUsage of job (MB)
	3288080  -  ResidentSetSize of job (KB)
...
006 (030.009.000) 04/08 10:31:16 Image size of job updated: 3223896
	3141  -  MemoryUsage of job (MB)
	3216268  -  ResidentSetSize of job (KB)
...
006 (030.005.000) 04/08 10:31:16 Image size of job updated: 3475300
	3386  -  MemoryUsage of job (MB)
	3466824  -  ResidentSetSize of job (KB)
...
006 (030.002.000) 04/08 10:31:16 Image size of job updated: 3653996
	3561  -  MemoryUsage of job (MB)
	3646428  -  ResidentSetSize of job (KB)
...
006 (030.008.000) 04/08 10:31:16 Image size of job updated: 3785320
	3689  -  MemoryUsage of job (MB)
	3776880  -  ResidentSetSize of job (KB)
...
006 (030.001.000) 04/08 10:31:18 Image size of job updated: 3429012
	3341  -  MemoryUsage of job (MB)
	3420524  -  ResidentSetSize of job (KB)
...
006 (030.000.000) 04/08 10:31:18 Image size of job updated: 3382364
	3299  -  MemoryUsage of job (MB)
	3377628  -  ResidentSetSize of job (KB)
...
006 (030.003.000) 04/08 10:31:21 Image size of job updated: 2955288
	2882  -  MemoryUsage of job (MB)
	2950596  -  ResidentSetSize of job (KB)
...
011 (030.007.000) 04/08 10:33:12 Job was unsuspended.
...
006 (030.007.000) 04/08 10:33:12 Image size of job updated: 2982312
	2906  -  MemoryUsage of job (MB)
	2974728  -  ResidentSetSize of job (KB)
...
004 (030.007.000) 04/08 10:33:12 Job was evicted.
	(0) Job was not checkpointed.
		Usr 0 00:11:29, Sys 0 00:00:06  -  Run Remote Usage
		Usr 0 00:00:00, Sys 0 00:00:00  -  Run Local Usage
	0  -  Run Bytes Sent By Job
	0  -  Run Bytes Received By Job
	Partitionable Resources :    Usage  Request Allocated Assigned
	   Cpus                 :     0           1         8 
	   Disk (KB)            :     2           2  12611276 
	   Gpus                 :     0.00                  1 "CUDA0"
	   Memory (MB)          :  2906           1     64198 
...
001 (030.007.000) 04/08 10:34:07 Job executing on host: <146.169.53.214:9618?addrs=146.169.53.214-9618+[2a0c-5bc0-40-11c4-390a-3248-fff7-4d96]-9618&noUDP&sock=270470_d0da_4>
...
006 (030.009.000) 04/08 10:36:16 Image size of job updated: 3966948
	3867  -  MemoryUsage of job (MB)
	3959320  -  ResidentSetSize of job (KB)
...
006 (030.006.000) 04/08 10:36:16 Image size of job updated: 3674280
	3580  -  MemoryUsage of job (MB)
	3665808  -  ResidentSetSize of job (KB)
...
006 (030.004.000) 04/08 10:36:16 Image size of job updated: 3500356
	3411  -  MemoryUsage of job (MB)
	3491968  -  ResidentSetSize of job (KB)
...
006 (030.005.000) 04/08 10:36:17 Image size of job updated: 4084288
	3981  -  MemoryUsage of job (MB)
	4075812  -  ResidentSetSize of job (KB)
...
006 (030.002.000) 04/08 10:36:17 Image size of job updated: 4146468
	4042  -  MemoryUsage of job (MB)
	4138900  -  ResidentSetSize of job (KB)
...
006 (030.008.000) 04/08 10:36:17 Image size of job updated: 4611396
	4496  -  MemoryUsage of job (MB)
	4602956  -  ResidentSetSize of job (KB)
...
006 (030.000.000) 04/08 10:36:18 Image size of job updated: 3686196
	3596  -  MemoryUsage of job (MB)
	3681460  -  ResidentSetSize of job (KB)
...
006 (030.001.000) 04/08 10:36:18 Image size of job updated: 4138708
	4034  -  MemoryUsage of job (MB)
	4130220  -  ResidentSetSize of job (KB)
...
006 (030.003.000) 04/08 10:36:21 Image size of job updated: 3306948
	3225  -  MemoryUsage of job (MB)
	3302256  -  ResidentSetSize of job (KB)
...
006 (030.006.000) 04/08 10:41:16 Image size of job updated: 4262452
	4155  -  MemoryUsage of job (MB)
	4253980  -  ResidentSetSize of job (KB)
...
006 (030.009.000) 04/08 10:41:16 Image size of job updated: 4476780
	4365  -  MemoryUsage of job (MB)
	4469152  -  ResidentSetSize of job (KB)
...
006 (030.004.000) 04/08 10:41:16 Image size of job updated: 4155948
	4051  -  MemoryUsage of job (MB)
	4147560  -  ResidentSetSize of job (KB)
...
006 (030.005.000) 04/08 10:41:17 Image size of job updated: 4619516
	4503  -  MemoryUsage of job (MB)
	4611040  -  ResidentSetSize of job (KB)
...
006 (030.002.000) 04/08 10:41:17 Image size of job updated: 5009732
	4885  -  MemoryUsage of job (MB)
	5002164  -  ResidentSetSize of job (KB)
...
006 (030.008.000) 04/08 10:41:17 Image size of job updated: 5503428
	5367  -  MemoryUsage of job (MB)
	5494988  -  ResidentSetSize of job (KB)
...
006 (030.000.000) 04/08 10:41:18 Image size of job updated: 4193124
	4091  -  MemoryUsage of job (MB)
	4188388  -  ResidentSetSize of job (KB)
...
006 (030.001.000) 04/08 10:41:18 Image size of job updated: 5066008
	4939  -  MemoryUsage of job (MB)
	5057520  -  ResidentSetSize of job (KB)
...
006 (030.003.000) 04/08 10:41:22 Image size of job updated: 3732696
	3641  -  MemoryUsage of job (MB)
	3728004  -  ResidentSetSize of job (KB)
...
006 (030.007.000) 04/08 10:44:17 Image size of job updated: 3116300
	3035  -  MemoryUsage of job (MB)
	3107840  -  ResidentSetSize of job (KB)
...
006 (030.005.000) 04/08 10:46:17 Image size of job updated: 5536288
	5399  -  MemoryUsage of job (MB)
	5527812  -  ResidentSetSize of job (KB)
...
006 (030.006.000) 04/08 10:46:17 Image size of job updated: 4957472
	4834  -  MemoryUsage of job (MB)
	4949000  -  ResidentSetSize of job (KB)
...
006 (030.004.000) 04/08 10:46:17 Image size of job updated: 4717124
	4599  -  MemoryUsage of job (MB)
	4708736  -  ResidentSetSize of job (KB)
...
006 (030.009.000) 04/08 10:46:17 Image size of job updated: 5609092
	5471  -  MemoryUsage of job (MB)
	5601464  -  ResidentSetSize of job (KB)
...
006 (030.002.000) 04/08 10:46:18 Image size of job updated: 5618048
	5479  -  MemoryUsage of job (MB)
	5610480  -  ResidentSetSize of job (KB)
...
006 (030.008.000) 04/08 10:46:18 Image size of job updated: 6405056
	6247  -  MemoryUsage of job (MB)
	6396616  -  ResidentSetSize of job (KB)
...
006 (030.000.000) 04/08 10:46:19 Image size of job updated: 4738216
	4623  -  MemoryUsage of job (MB)
	4733480  -  ResidentSetSize of job (KB)
...
006 (030.001.000) 04/08 10:46:19 Image size of job updated: 5723680
	5582  -  MemoryUsage of job (MB)
	5715192  -  ResidentSetSize of job (KB)
...
006 (030.003.000) 04/08 10:46:23 Image size of job updated: 4083256
	3983  -  MemoryUsage of job (MB)
	4078564  -  ResidentSetSize of job (KB)
...
006 (030.007.000) 04/08 10:49:17 Image size of job updated: 3910320
	3811  -  MemoryUsage of job (MB)
	3901860  -  ResidentSetSize of job (KB)
...
006 (030.005.000) 04/08 10:51:18 Image size of job updated: 6231564
	6078  -  MemoryUsage of job (MB)
	6223088  -  ResidentSetSize of job (KB)
...
006 (030.006.000) 04/08 10:51:18 Image size of job updated: 5546468
	5409  -  MemoryUsage of job (MB)
	5537996  -  ResidentSetSize of job (KB)
...
006 (030.004.000) 04/08 10:51:18 Image size of job updated: 5423640
	5289  -  MemoryUsage of job (MB)
	5415252  -  ResidentSetSize of job (KB)
...
006 (030.009.000) 04/08 10:51:18 Image size of job updated: 5990724
	5843  -  MemoryUsage of job (MB)
	5983096  -  ResidentSetSize of job (KB)
...
006 (030.002.000) 04/08 10:51:19 Image size of job updated: 5945732
	5799  -  MemoryUsage of job (MB)
	5938164  -  ResidentSetSize of job (KB)
...
006 (030.008.000) 04/08 10:51:19 Image size of job updated: 7420612
	7239  -  MemoryUsage of job (MB)
	7412172  -  ResidentSetSize of job (KB)
...
006 (030.000.000) 04/08 10:51:20 Image size of job updated: 5413172
	5282  -  MemoryUsage of job (MB)
	5408436  -  ResidentSetSize of job (KB)
...
006 (030.001.000) 04/08 10:51:20 Image size of job updated: 6114356
	5963  -  MemoryUsage of job (MB)
	6105868  -  ResidentSetSize of job (KB)
...
006 (030.003.000) 04/08 10:51:23 Image size of job updated: 4650724
	4538  -  MemoryUsage of job (MB)
	4646032  -  ResidentSetSize of job (KB)
...
010 (030.000.000) 04/08 10:51:53 Job was suspended.
	Number of processes actually suspended: 2
...
006 (030.000.000) 04/08 10:51:53 Image size of job updated: 5452924
	5321  -  MemoryUsage of job (MB)
	5448188  -  ResidentSetSize of job (KB)
...
006 (030.007.000) 04/08 10:54:18 Image size of job updated: 4051580
	3949  -  MemoryUsage of job (MB)
	4043120  -  ResidentSetSize of job (KB)
...
006 (030.005.000) 04/08 10:56:18 Image size of job updated: 6651456
	6488  -  MemoryUsage of job (MB)
	6642980  -  ResidentSetSize of job (KB)
...
006 (030.006.000) 04/08 10:56:18 Image size of job updated: 5968340
	5821  -  MemoryUsage of job (MB)
	5959868  -  ResidentSetSize of job (KB)
...
006 (030.009.000) 04/08 10:56:18 Image size of job updated: 6315200
	6160  -  MemoryUsage of job (MB)
	6307572  -  ResidentSetSize of job (KB)
...
006 (030.004.000) 04/08 10:56:18 Image size of job updated: 6047140
	5898  -  MemoryUsage of job (MB)
	6038752  -  ResidentSetSize of job (KB)
...
006 (030.002.000) 04/08 10:56:19 Image size of job updated: 6100528
	5951  -  MemoryUsage of job (MB)
	6092960  -  ResidentSetSize of job (KB)
...
006 (030.008.000) 04/08 10:56:19 Image size of job updated: 8579844
	8371  -  MemoryUsage of job (MB)
	8571404  -  ResidentSetSize of job (KB)
...
006 (030.001.000) 04/08 10:56:20 Image size of job updated: 6384900
	6227  -  MemoryUsage of job (MB)
	6376412  -  ResidentSetSize of job (KB)
...
006 (030.003.000) 04/08 10:56:24 Image size of job updated: 5145112
	5020  -  MemoryUsage of job (MB)
	5140420  -  ResidentSetSize of job (KB)
...
011 (030.000.000) 04/08 10:57:58 Job was unsuspended.
...
004 (030.000.000) 04/08 10:57:58 Job was evicted.
	(0) Job was not checkpointed.
		Usr 0 00:53:23, Sys 0 00:00:19  -  Run Remote Usage
		Usr 0 00:00:00, Sys 0 00:00:00  -  Run Local Usage
	0  -  Run Bytes Sent By Job
	0  -  Run Bytes Received By Job
	Partitionable Resources :    Usage  Request Allocated Assigned
	   Cpus                 :     0           1         8 
	   Disk (KB)            :     2           2   5001792 
	   Gpus                 :     0.00                  1 "CUDA0"
	   Memory (MB)          :  5321           1     64198 
...
001 (030.000.000) 04/08 10:58:08 Job executing on host: <146.169.53.166:9618?addrs=146.169.53.166-9618+[2a0c-5bc0-40-11c4-9c4-f2bd-5376-5c26]-9618&noUDP&sock=19338_26ef_4>
...
006 (030.007.000) 04/08 10:59:19 Image size of job updated: 4569688
	4455  -  MemoryUsage of job (MB)
	4561228  -  ResidentSetSize of job (KB)
...
006 (030.005.000) 04/08 11:01:18 Image size of job updated: 7018052
	6846  -  MemoryUsage of job (MB)
	7009576  -  ResidentSetSize of job (KB)
...
006 (030.006.000) 04/08 11:01:18 Image size of job updated: 6309964
	6154  -  MemoryUsage of job (MB)
	6301492  -  ResidentSetSize of job (KB)
...
006 (030.004.000) 04/08 11:01:18 Image size of job updated: 6047864
	5898  -  MemoryUsage of job (MB)
	6039476  -  ResidentSetSize of job (KB)
...
006 (030.008.000) 04/08 11:01:19 Image size of job updated: 9485096
	9255  -  MemoryUsage of job (MB)
	9476656  -  ResidentSetSize of job (KB)
...
006 (030.002.000) 04/08 11:01:19 Image size of job updated: 6178188
	6026  -  MemoryUsage of job (MB)
	6170620  -  ResidentSetSize of job (KB)
...
006 (030.003.000) 04/08 11:01:25 Image size of job updated: 5576020
	5441  -  MemoryUsage of job (MB)
	5571328  -  ResidentSetSize of job (KB)
...
006 (030.007.000) 04/08 11:04:19 Image size of job updated: 5111752
	4984  -  MemoryUsage of job (MB)
	5103292  -  ResidentSetSize of job (KB)
...
006 (030.004.000) 04/08 11:06:19 Image size of job updated: 6367348
	6210  -  MemoryUsage of job (MB)
	6358960  -  ResidentSetSize of job (KB)
...
006 (030.005.000) 04/08 11:06:19 Image size of job updated: 7815168
	7624  -  MemoryUsage of job (MB)
	7806692  -  ResidentSetSize of job (KB)
...
006 (030.009.000) 04/08 11:06:19 Image size of job updated: 6315220
	6160  -  MemoryUsage of job (MB)
	6307592  -  ResidentSetSize of job (KB)
...
006 (030.008.000) 04/08 11:06:21 Image size of job updated: 10705408
	10447  -  MemoryUsage of job (MB)
	10696968  -  ResidentSetSize of job (KB)
...
006 (030.002.000) 04/08 11:06:21 Image size of job updated: 7171272
	6996  -  MemoryUsage of job (MB)
	7163704  -  ResidentSetSize of job (KB)
...
006 (030.003.000) 04/08 11:06:25 Image size of job updated: 6076412
	5930  -  MemoryUsage of job (MB)
	6071720  -  ResidentSetSize of job (KB)
...
006 (030.007.000) 04/08 11:09:19 Image size of job updated: 5652712
	5512  -  MemoryUsage of job (MB)
	5644252  -  ResidentSetSize of job (KB)
...
006 (030.005.000) 04/08 11:11:20 Image size of job updated: 8703136
	8491  -  MemoryUsage of job (MB)
	8694660  -  ResidentSetSize of job (KB)
...
006 (030.009.000) 04/08 11:11:20 Image size of job updated: 6793124
	6627  -  MemoryUsage of job (MB)
	6785496  -  ResidentSetSize of job (KB)
...
006 (030.006.000) 04/08 11:11:20 Image size of job updated: 6455024
	6296  -  MemoryUsage of job (MB)
	6446552  -  ResidentSetSize of job (KB)
...
006 (030.008.000) 04/08 11:11:21 Image size of job updated: 11763644
	11480  -  MemoryUsage of job (MB)
	11755204  -  ResidentSetSize of job (KB)
...
006 (030.002.000) 04/08 11:11:21 Image size of job updated: 7966960
	7773  -  MemoryUsage of job (MB)
	7959392  -  ResidentSetSize of job (KB)
...
006 (030.001.000) 04/08 11:11:23 Image size of job updated: 6531108
	6370  -  MemoryUsage of job (MB)
	6522620  -  ResidentSetSize of job (KB)
...
006 (030.003.000) 04/08 11:11:26 Image size of job updated: 6363996
	6211  -  MemoryUsage of job (MB)
	6359304  -  ResidentSetSize of job (KB)
...
006 (030.007.000) 04/08 11:14:20 Image size of job updated: 6302896
	6147  -  MemoryUsage of job (MB)
	6294436  -  ResidentSetSize of job (KB)
...
006 (030.004.000) 04/08 11:16:19 Image size of job updated: 6367832
	6211  -  MemoryUsage of job (MB)
	6359444  -  ResidentSetSize of job (KB)
...
006 (030.005.000) 04/08 11:16:20 Image size of job updated: 9639456
	9406  -  MemoryUsage of job (MB)
	9630980  -  ResidentSetSize of job (KB)
...
006 (030.009.000) 04/08 11:16:20 Image size of job updated: 7976660
	7783  -  MemoryUsage of job (MB)
	7969032  -  ResidentSetSize of job (KB)
...
006 (030.006.000) 04/08 11:16:20 Image size of job updated: 7387492
	7207  -  MemoryUsage of job (MB)
	7379020  -  ResidentSetSize of job (KB)
...
006 (030.002.000) 04/08 11:16:21 Image size of job updated: 8936764
	8720  -  MemoryUsage of job (MB)
	8929196  -  ResidentSetSize of job (KB)
...
006 (030.008.000) 04/08 11:16:21 Image size of job updated: 12735492
	12429  -  MemoryUsage of job (MB)
	12727052  -  ResidentSetSize of job (KB)
...
006 (030.001.000) 04/08 11:16:23 Image size of job updated: 7515072
	7331  -  MemoryUsage of job (MB)
	7506584  -  ResidentSetSize of job (KB)
...
006 (030.003.000) 04/08 11:16:27 Image size of job updated: 6365932
	6213  -  MemoryUsage of job (MB)
	6361240  -  ResidentSetSize of job (KB)
...
006 (030.007.000) 04/08 11:19:21 Image size of job updated: 6303240
	6148  -  MemoryUsage of job (MB)
	6294780  -  ResidentSetSize of job (KB)
...
006 (030.005.000) 04/08 11:21:20 Image size of job updated: 10616040
	10359  -  MemoryUsage of job (MB)
	10607564  -  ResidentSetSize of job (KB)
...
006 (030.004.000) 04/08 11:21:20 Image size of job updated: 6368192
	6211  -  MemoryUsage of job (MB)
	6359804  -  ResidentSetSize of job (KB)
...
006 (030.006.000) 04/08 11:21:21 Image size of job updated: 8330372
	8127  -  MemoryUsage of job (MB)
	8321900  -  ResidentSetSize of job (KB)
...
006 (030.009.000) 04/08 11:21:21 Image size of job updated: 8941388
	8725  -  MemoryUsage of job (MB)
	8933760  -  ResidentSetSize of job (KB)
...
006 (030.002.000) 04/08 11:21:22 Image size of job updated: 10033688
	9792  -  MemoryUsage of job (MB)
	10026120  -  ResidentSetSize of job (KB)
...
006 (030.008.000) 04/08 11:21:22 Image size of job updated: 13735056
	13407  -  MemoryUsage of job (MB)
	13728724  -  ResidentSetSize of job (KB)
...
006 (030.001.000) 04/08 11:21:24 Image size of job updated: 8483724
	8277  -  MemoryUsage of job (MB)
	8475236  -  ResidentSetSize of job (KB)
...
006 (030.003.000) 04/08 11:21:27 Image size of job updated: 6366756
	6213  -  MemoryUsage of job (MB)
	6362064  -  ResidentSetSize of job (KB)
...
006 (030.007.000) 04/08 11:24:21 Image size of job updated: 6553528
	6392  -  MemoryUsage of job (MB)
	6545068  -  ResidentSetSize of job (KB)
...
006 (030.005.000) 04/08 11:26:21 Image size of job updated: 11775464
	11492  -  MemoryUsage of job (MB)
	11766988  -  ResidentSetSize of job (KB)
...
006 (030.004.000) 04/08 11:26:21 Image size of job updated: 6371040
	6214  -  MemoryUsage of job (MB)
	6362652  -  ResidentSetSize of job (KB)
...
006 (030.006.000) 04/08 11:26:22 Image size of job updated: 9290988
	9065  -  MemoryUsage of job (MB)
	9282516  -  ResidentSetSize of job (KB)
...
006 (030.009.000) 04/08 11:26:22 Image size of job updated: 9869876
	9632  -  MemoryUsage of job (MB)
	9862248  -  ResidentSetSize of job (KB)
...
006 (030.002.000) 04/08 11:26:23 Image size of job updated: 11144096
	10876  -  MemoryUsage of job (MB)
	11136528  -  ResidentSetSize of job (KB)
...
006 (030.008.000) 04/08 11:26:23 Image size of job updated: 14581292
	14236  -  MemoryUsage of job (MB)
	14577356  -  ResidentSetSize of job (KB)
...
006 (030.001.000) 04/08 11:26:25 Image size of job updated: 9460684
	9231  -  MemoryUsage of job (MB)
	9452196  -  ResidentSetSize of job (KB)
...
006 (030.003.000) 04/08 11:26:27 Image size of job updated: 6366856
	6214  -  MemoryUsage of job (MB)
	6362164  -  ResidentSetSize of job (KB)
...
010 (030.003.000) 04/08 11:27:35 Job was suspended.
	Number of processes actually suspended: 3
...
006 (030.007.000) 04/08 11:29:22 Image size of job updated: 7310340
	7131  -  MemoryUsage of job (MB)
	7301880  -  ResidentSetSize of job (KB)
...
006 (030.005.000) 04/08 11:31:21 Image size of job updated: 12886224
	12578  -  MemoryUsage of job (MB)
	12879332  -  ResidentSetSize of job (KB)
...
006 (030.004.000) 04/08 11:31:21 Image size of job updated: 6740240
	6575  -  MemoryUsage of job (MB)
	6731852  -  ResidentSetSize of job (KB)
...
006 (030.009.000) 04/08 11:31:22 Image size of job updated: 11032760
	10767  -  MemoryUsage of job (MB)
	11025132  -  ResidentSetSize of job (KB)
...
006 (030.006.000) 04/08 11:31:22 Image size of job updated: 10240972
	9993  -  MemoryUsage of job (MB)
	10232468  -  ResidentSetSize of job (KB)
...
006 (030.002.000) 04/08 11:31:23 Image size of job updated: 12140744
	11849  -  MemoryUsage of job (MB)
	12132996  -  ResidentSetSize of job (KB)
...
006 (030.008.000) 04/08 11:31:23 Image size of job updated: 15589556
	14460  -  MemoryUsage of job (MB)
	14806620  -  ResidentSetSize of job (KB)
...
006 (030.001.000) 04/08 11:31:25 Image size of job updated: 10506484
	10252  -  MemoryUsage of job (MB)
	10497996  -  ResidentSetSize of job (KB)
...
005 (030.008.000) 04/08 11:33:09 Job terminated.
	(1) Normal termination (return value 0)
		Usr 0 01:37:42, Sys 0 00:00:33  -  Run Remote Usage
		Usr 0 00:00:00, Sys 0 00:00:00  -  Run Local Usage
		Usr 0 01:37:42, Sys 0 00:00:33  -  Total Remote Usage
		Usr 0 00:00:00, Sys 0 00:00:00  -  Total Local Usage
	0  -  Run Bytes Sent By Job
	0  -  Run Bytes Received By Job
	0  -  Total Bytes Sent By Job
	0  -  Total Bytes Received By Job
	Partitionable Resources :    Usage  Request Allocated Assigned
	   Cpus                 :     0.67        1        12 
	   Disk (KB)            :     2           2   9805160 
	   Gpus                 :                           1 "CUDA0"
	   Memory (MB)          : 14460           1     15751 
...
011 (030.003.000) 04/08 11:33:51 Job was unsuspended.
...
004 (030.003.000) 04/08 11:33:52 Job was evicted.
	(0) Job was not checkpointed.
		Usr 0 01:18:13, Sys 0 00:00:17  -  Run Remote Usage
		Usr 0 00:00:00, Sys 0 00:00:00  -  Run Local Usage
	0  -  Run Bytes Sent By Job
	0  -  Run Bytes Received By Job
	Partitionable Resources :    Usage  Request Allocated Assigned
	   Cpus                 :        0        1        12 
	   Disk (KB)            :        2        2   2010932 
	   Gpus                 :                           1 "CUDA0"
	   Memory (MB)          :     6214        1     15899 
...
001 (030.003.000) 04/08 11:34:08 Job executing on host: <146.169.53.180:9618?addrs=146.169.53.180-9618+[2a0c-5bc0-40-11c4-cc6f-830f-97a4-a547]-9618&noUDP&sock=19364_fc65_4>
...
006 (030.007.000) 04/08 11:34:23 Image size of job updated: 8024280
	7828  -  MemoryUsage of job (MB)
	8015820  -  ResidentSetSize of job (KB)
...
006 (030.005.000) 04/08 11:36:21 Image size of job updated: 14021560
	13685  -  MemoryUsage of job (MB)
	14012772  -  ResidentSetSize of job (KB)
...
006 (030.009.000) 04/08 11:36:22 Image size of job updated: 11920320
	11634  -  MemoryUsage of job (MB)
	11912528  -  ResidentSetSize of job (KB)
...
006 (030.006.000) 04/08 11:36:22 Image size of job updated: 11352604
	11079  -  MemoryUsage of job (MB)
	11344100  -  ResidentSetSize of job (KB)
...
006 (030.004.000) 04/08 11:36:22 Image size of job updated: 7527476
	7343  -  MemoryUsage of job (MB)
	7519088  -  ResidentSetSize of job (KB)
...
006 (030.002.000) 04/08 11:36:23 Image size of job updated: 13243328
	12928  -  MemoryUsage of job (MB)
	13237348  -  ResidentSetSize of job (KB)
...
006 (030.001.000) 04/08 11:36:25 Image size of job updated: 11606068
	11326  -  MemoryUsage of job (MB)
	11597580  -  ResidentSetSize of job (KB)
...
006 (030.007.000) 04/08 11:39:24 Image size of job updated: 8842668
	8628  -  MemoryUsage of job (MB)
	8834208  -  ResidentSetSize of job (KB)
...
006 (030.005.000) 04/08 11:41:22 Image size of job updated: 15074040
	14266  -  MemoryUsage of job (MB)
	14608308  -  ResidentSetSize of job (KB)
...
006 (030.004.000) 04/08 11:41:23 Image size of job updated: 8348396
	8145  -  MemoryUsage of job (MB)
	8340008  -  ResidentSetSize of job (KB)
...
006 (030.006.000) 04/08 11:41:23 Image size of job updated: 12394192
	12097  -  MemoryUsage of job (MB)
	12386604  -  ResidentSetSize of job (KB)
...
006 (030.009.000) 04/08 11:41:23 Image size of job updated: 12988828
	12678  -  MemoryUsage of job (MB)
	12981484  -  ResidentSetSize of job (KB)
...
006 (030.002.000) 04/08 11:41:24 Image size of job updated: 14280388
	13934  -  MemoryUsage of job (MB)
	14268372  -  ResidentSetSize of job (KB)
...
006 (030.001.000) 04/08 11:41:26 Image size of job updated: 12736432
	12430  -  MemoryUsage of job (MB)
	12727944  -  ResidentSetSize of job (KB)
...
006 (030.007.000) 04/08 11:44:24 Image size of job updated: 9753744
	9517  -  MemoryUsage of job (MB)
	9745284  -  ResidentSetSize of job (KB)
...
006 (030.005.000) 04/08 11:46:23 Image size of job updated: 16146724
	14670  -  MemoryUsage of job (MB)
	15021352  -  ResidentSetSize of job (KB)
...
006 (030.004.000) 04/08 11:46:23 Image size of job updated: 9158348
	8936  -  MemoryUsage of job (MB)
	9149960  -  ResidentSetSize of job (KB)
...
006 (030.006.000) 04/08 11:46:24 Image size of job updated: 13553192
	13231  -  MemoryUsage of job (MB)
	13547760  -  ResidentSetSize of job (KB)
...
006 (030.009.000) 04/08 11:46:24 Image size of job updated: 14171332
	13737  -  MemoryUsage of job (MB)
	14065764  -  ResidentSetSize of job (KB)
...
006 (030.002.000) 04/08 11:46:24 Image size of job updated: 15283300
	14410  -  MemoryUsage of job (MB)
	14755680  -  ResidentSetSize of job (KB)
...
006 (030.001.000) 04/08 11:46:27 Image size of job updated: 13877892
	13546  -  MemoryUsage of job (MB)
	13870084  -  ResidentSetSize of job (KB)
...
006 (030.007.000) 04/08 11:49:24 Image size of job updated: 10530172
	10276  -  MemoryUsage of job (MB)
	10521712  -  ResidentSetSize of job (KB)
...
010 (030.007.000) 04/08 11:49:48 Job was suspended.
	Number of processes actually suspended: 2
...
006 (030.007.000) 04/08 11:49:48 Image size of job updated: 10575260
	10320  -  MemoryUsage of job (MB)
	10566800  -  ResidentSetSize of job (KB)
...
006 (030.005.000) 04/08 11:51:23 Image size of job updated: 17172408
	14856  -  MemoryUsage of job (MB)
	15212100  -  ResidentSetSize of job (KB)
...
006 (030.004.000) 04/08 11:51:23 Image size of job updated: 10060720
	9817  -  MemoryUsage of job (MB)
	10052332  -  ResidentSetSize of job (KB)
...
006 (030.009.000) 04/08 11:51:24 Image size of job updated: 15140080
	14315  -  MemoryUsage of job (MB)
	14658260  -  ResidentSetSize of job (KB)
...
006 (030.006.000) 04/08 11:51:24 Image size of job updated: 14451024
	13812  -  MemoryUsage of job (MB)
	14142800  -  ResidentSetSize of job (KB)
...
006 (030.002.000) 04/08 11:51:24 Image size of job updated: 16122316
	14410  -  MemoryUsage of job (MB)
	14755680  -  ResidentSetSize of job (KB)
...
006 (030.001.000) 04/08 11:51:27 Image size of job updated: 14990236
	14150  -  MemoryUsage of job (MB)
	14489072  -  ResidentSetSize of job (KB)
...
011 (030.007.000) 04/08 11:54:49 Job was unsuspended.
...
006 (030.005.000) 04/08 11:56:23 Image size of job updated: 17982540
	14926  -  MemoryUsage of job (MB)
	15283464  -  ResidentSetSize of job (KB)
...
006 (030.004.000) 04/08 11:56:24 Image size of job updated: 10936948
	10673  -  MemoryUsage of job (MB)
	10928560  -  ResidentSetSize of job (KB)
...
006 (030.009.000) 04/08 11:56:25 Image size of job updated: 16190952
	14587  -  MemoryUsage of job (MB)
	14936196  -  ResidentSetSize of job (KB)
...
006 (030.006.000) 04/08 11:56:25 Image size of job updated: 15480300
	14304  -  MemoryUsage of job (MB)
	14646368  -  ResidentSetSize of job (KB)
...
006 (030.002.000) 04/08 11:56:25 Image size of job updated: 17067620
	14410  -  MemoryUsage of job (MB)
	14755680  -  ResidentSetSize of job (KB)
...
006 (030.001.000) 04/08 11:56:28 Image size of job updated: 16085796
	14484  -  MemoryUsage of job (MB)
	14830660  -  ResidentSetSize of job (KB)
...
010 (030.001.000) 04/08 11:58:56 Job was suspended.
	Number of processes actually suspended: 2
...
006 (030.001.000) 04/08 11:58:56 Image size of job updated: 16608328
	14658  -  MemoryUsage of job (MB)
	15009304  -  ResidentSetSize of job (KB)
...
006 (030.007.000) 04/08 11:59:26 Image size of job updated: 11362156
	11088  -  MemoryUsage of job (MB)
	11353696  -  ResidentSetSize of job (KB)
...
005 (030.009.000) 04/08 12:01:15 Job terminated.
	(1) Normal termination (return value 0)
		Usr 0 02:15:44, Sys 0 00:00:38  -  Run Remote Usage
		Usr 0 00:00:00, Sys 0 00:00:00  -  Run Local Usage
		Usr 0 02:15:44, Sys 0 00:00:38  -  Total Remote Usage
		Usr 0 00:00:00, Sys 0 00:00:00  -  Total Local Usage
	0  -  Run Bytes Sent By Job
	0  -  Run Bytes Received By Job
	0  -  Total Bytes Sent By Job
	0  -  Total Bytes Received By Job
	Partitionable Resources :    Usage  Request Allocated Assigned
	   Cpus                 :     0.28        1         8 
	   Disk (KB)            :     2           2  19615312 
	   Gpus                 :                           1 "CUDA0"
	   Memory (MB)          : 14587           1     15846 
...
006 (030.005.000) 04/08 12:01:24 Image size of job updated: 18859524
	15091  -  MemoryUsage of job (MB)
	15452756  -  ResidentSetSize of job (KB)
...
006 (030.004.000) 04/08 12:01:25 Image size of job updated: 11782848
	11499  -  MemoryUsage of job (MB)
	11774460  -  ResidentSetSize of job (KB)
...
006 (030.006.000) 04/08 12:01:26 Image size of job updated: 16489004
	14504  -  MemoryUsage of job (MB)
	14851164  -  ResidentSetSize of job (KB)
...
006 (030.002.000) 04/08 12:01:26 Image size of job updated: 17829092
	14701  -  MemoryUsage of job (MB)
	15053060  -  ResidentSetSize of job (KB)
...
006 (030.001.000) 04/08 12:01:29 Image size of job updated: 16625564
	14658  -  MemoryUsage of job (MB)
	15009304  -  ResidentSetSize of job (KB)
...
006 (030.000.000) 04/08 12:03:21 Image size of job updated: 8259000
	8058  -  MemoryUsage of job (MB)
	8250504  -  ResidentSetSize of job (KB)
...
005 (030.005.000) 04/08 12:03:29 Job terminated.
	(1) Normal termination (return value 0)
		Usr 0 02:22:51, Sys 0 00:00:42  -  Run Remote Usage
		Usr 0 00:00:00, Sys 0 00:00:00  -  Run Local Usage
		Usr 0 02:22:51, Sys 0 00:00:42  -  Total Remote Usage
		Usr 0 00:00:00, Sys 0 00:00:00  -  Total Local Usage
	0  -  Run Bytes Sent By Job
	0  -  Run Bytes Received By Job
	0  -  Total Bytes Sent By Job
	0  -  Total Bytes Received By Job
	Partitionable Resources :    Usage  Request Allocated Assigned
	   Cpus                 :     0.74        1         8 
	   Disk (KB)            :     2           2  10273512 
	   Gpus                 :                           1 "CUDA0"
	   Memory (MB)          : 15091           1     15846 
...
006 (030.007.000) 04/08 12:04:27 Image size of job updated: 12176452
	11883  -  MemoryUsage of job (MB)
	12167992  -  ResidentSetSize of job (KB)
...
011 (030.001.000) 04/08 12:05:01 Job was unsuspended.
...
004 (030.001.000) 04/08 12:05:01 Job was evicted.
	(0) Job was not checkpointed.
		Usr 0 02:15:33, Sys 0 00:00:30  -  Run Remote Usage
		Usr 0 00:00:00, Sys 0 00:00:00  -  Run Local Usage
	0  -  Run Bytes Sent By Job
	0  -  Run Bytes Received By Job
	Partitionable Resources :    Usage  Request Allocated Assigned
	   Cpus                 :        0        1         8 
	   Disk (KB)            :        2        2  10267528 
	   Gpus                 :                           1 "CUDA0"
	   Memory (MB)          :    14658        1     15846 
...
001 (030.001.000) 04/08 12:06:08 Job executing on host: <146.169.53.218:9618?addrs=146.169.53.218-9618+[2a0c-5bc0-40-11c4-ebe6-d1e2-2f6f-7b3a]-9618&noUDP&sock=1900756_6913_4>
...
006 (030.004.000) 04/08 12:06:25 Image size of job updated: 12695984
	12391  -  MemoryUsage of job (MB)
	12687596  -  ResidentSetSize of job (KB)
...
006 (030.006.000) 04/08 12:06:26 Image size of job updated: 17374032
	14742  -  MemoryUsage of job (MB)
	15094924  -  ResidentSetSize of job (KB)
...
006 (030.002.000) 04/08 12:06:26 Image size of job updated: 18452696
	14855  -  MemoryUsage of job (MB)
	15211484  -  ResidentSetSize of job (KB)
...
005 (030.002.000) 04/08 12:07:35 Job terminated.
	(1) Normal termination (return value 0)
		Usr 0 02:26:12, Sys 0 00:00:37  -  Run Remote Usage
		Usr 0 00:00:00, Sys 0 00:00:00  -  Run Local Usage
		Usr 0 02:26:12, Sys 0 00:00:37  -  Total Remote Usage
		Usr 0 00:00:00, Sys 0 00:00:00  -  Total Local Usage
	0  -  Run Bytes Sent By Job
	0  -  Run Bytes Received By Job
	0  -  Total Bytes Sent By Job
	0  -  Total Bytes Received By Job
	Partitionable Resources :    Usage  Request Allocated Assigned
	   Cpus                 :     0.66        1         8 
	   Disk (KB)            :     2           2   9542884 
	   Gpus                 :                           1 "CUDA0"
	   Memory (MB)          : 14855           1     15846 
...
006 (030.000.000) 04/08 12:08:23 Image size of job updated: 9219000
	8995  -  MemoryUsage of job (MB)
	9210504  -  ResidentSetSize of job (KB)
...
006 (030.007.000) 04/08 12:09:27 Image size of job updated: 13060052
	12746  -  MemoryUsage of job (MB)
	13051592  -  ResidentSetSize of job (KB)
...
006 (030.004.000) 04/08 12:11:25 Image size of job updated: 13569820
	13244  -  MemoryUsage of job (MB)
	13561432  -  ResidentSetSize of job (KB)
...
005 (030.006.000) 04/08 12:11:58 Job terminated.
	(1) Normal termination (return value 0)
		Usr 0 02:33:19, Sys 0 00:00:40  -  Run Remote Usage
		Usr 0 00:00:00, Sys 0 00:00:00  -  Run Local Usage
		Usr 0 02:33:19, Sys 0 00:00:40  -  Total Remote Usage
		Usr 0 00:00:00, Sys 0 00:00:00  -  Total Local Usage
	0  -  Run Bytes Sent By Job
	0  -  Run Bytes Received By Job
	0  -  Total Bytes Sent By Job
	0  -  Total Bytes Received By Job
	Partitionable Resources :    Usage  Request Allocated Assigned
	   Cpus                 :     0.41        1         8 
	   Disk (KB)            :     2           2   9333568 
	   Gpus                 :                           1 "CUDA0"
	   Memory (MB)          : 14742           1     15846 
...
006 (030.000.000) 04/08 12:13:23 Image size of job updated: 10344532
	10094  -  MemoryUsage of job (MB)
	10336036  -  ResidentSetSize of job (KB)
...
006 (030.007.000) 04/08 12:14:27 Image size of job updated: 13975324
	13640  -  MemoryUsage of job (MB)
	13966864  -  ResidentSetSize of job (KB)
...
006 (030.004.000) 04/08 12:16:26 Image size of job updated: 14331140
	13988  -  MemoryUsage of job (MB)
	14322752  -  ResidentSetSize of job (KB)
...
006 (030.000.000) 04/08 12:18:23 Image size of job updated: 11408776
	11134  -  MemoryUsage of job (MB)
	11400280  -  ResidentSetSize of job (KB)
...
006 (030.007.000) 04/08 12:19:28 Image size of job updated: 14838504
	14483  -  MemoryUsage of job (MB)
	14830044  -  ResidentSetSize of job (KB)
...
006 (030.004.000) 04/08 12:21:27 Image size of job updated: 14979108
	14620  -  MemoryUsage of job (MB)
	14970720  -  ResidentSetSize of job (KB)
...
006 (030.000.000) 04/08 12:23:24 Image size of job updated: 12445932
	12146  -  MemoryUsage of job (MB)
	12437436  -  ResidentSetSize of job (KB)
...
006 (030.007.000) 04/08 12:24:29 Image size of job updated: 15388020
	15020  -  MemoryUsage of job (MB)
	15379560  -  ResidentSetSize of job (KB)
...
006 (030.004.000) 04/08 12:26:27 Image size of job updated: 15577684
	15205  -  MemoryUsage of job (MB)
	15569296  -  ResidentSetSize of job (KB)
...
006 (030.000.000) 04/08 12:28:25 Image size of job updated: 13442032
	13119  -  MemoryUsage of job (MB)
	13433536  -  ResidentSetSize of job (KB)
...
006 (030.007.000) 04/08 12:29:29 Image size of job updated: 15984924
	15603  -  MemoryUsage of job (MB)
	15976464  -  ResidentSetSize of job (KB)
...
006 (030.000.000) 04/08 12:33:25 Image size of job updated: 14403160
	14060  -  MemoryUsage of job (MB)
	14396748  -  ResidentSetSize of job (KB)
...
006 (030.007.000) 04/08 12:34:29 Image size of job updated: 16473380
	16080  -  MemoryUsage of job (MB)
	16464920  -  ResidentSetSize of job (KB)
...
006 (030.004.000) 04/08 12:36:28 Image size of job updated: 15801504
	15423  -  MemoryUsage of job (MB)
	15793116  -  ResidentSetSize of job (KB)
...
006 (030.000.000) 04/08 12:38:25 Image size of job updated: 15216044
	14354  -  MemoryUsage of job (MB)
	14697648  -  ResidentSetSize of job (KB)
...
006 (030.007.000) 04/08 12:39:30 Image size of job updated: 17188936
	16778  -  MemoryUsage of job (MB)
	17180476  -  ResidentSetSize of job (KB)
...
006 (030.004.000) 04/08 12:41:29 Image size of job updated: 15988984
	15607  -  MemoryUsage of job (MB)
	15980596  -  ResidentSetSize of job (KB)
...
006 (030.000.000) 04/08 12:43:26 Image size of job updated: 15675920
	14559  -  MemoryUsage of job (MB)
	14908412  -  ResidentSetSize of job (KB)
...
006 (030.003.000) 04/08 12:44:25 Image size of job updated: 8028844
	7837  -  MemoryUsage of job (MB)
	8024164  -  ResidentSetSize of job (KB)
...
006 (030.007.000) 04/08 12:44:31 Image size of job updated: 17888240
	17461  -  MemoryUsage of job (MB)
	17879780  -  ResidentSetSize of job (KB)
...
010 (030.001.000) 04/08 12:44:44 Job was suspended.
	Number of processes actually suspended: 2
...
010 (030.007.000) 04/08 12:44:48 Job was suspended.
	Number of processes actually suspended: 2
...
010 (030.004.000) 04/08 12:44:48 Job was suspended.
	Number of processes actually suspended: 2
...
006 (030.004.000) 04/08 12:44:48 Image size of job updated: 16114680
	15729  -  MemoryUsage of job (MB)
	16106292  -  ResidentSetSize of job (KB)
...
006 (030.000.000) 04/08 12:48:26 Image size of job updated: 16498872
	14643  -  MemoryUsage of job (MB)
	14994032  -  ResidentSetSize of job (KB)
...
006 (030.003.000) 04/08 12:49:26 Image size of job updated: 9013156
	8798  -  MemoryUsage of job (MB)
	9008476  -  ResidentSetSize of job (KB)
...
011 (030.001.000) 04/08 12:50:45 Job was unsuspended.
...
004 (030.001.000) 04/08 12:50:45 Job was evicted.
	(0) Job was not checkpointed.
		Usr 0 01:01:41, Sys 0 00:00:19  -  Run Remote Usage
		Usr 0 00:00:00, Sys 0 00:00:00  -  Run Local Usage
	0  -  Run Bytes Sent By Job
	0  -  Run Bytes Received By Job
	Partitionable Resources :    Usage  Request Allocated Assigned
	   Cpus                 :     0           1         8 
	   Disk (KB)            :     2           2  12611276 
	   Gpus                 :     0.03                  1 "CUDA0"
	   Memory (MB)          : 17090       17090     64198 
...
011 (030.004.000) 04/08 12:50:49 Job was unsuspended.
...
004 (030.004.000) 04/08 12:50:49 Job was evicted.
	(0) Job was not checkpointed.
		Usr 0 03:04:53, Sys 0 00:00:37  -  Run Remote Usage
		Usr 0 00:00:00, Sys 0 00:00:00  -  Run Local Usage
	0  -  Run Bytes Sent By Job
	0  -  Run Bytes Received By Job
	Partitionable Resources :    Usage  Request Allocated Assigned
	   Cpus                 :     0           1         8 
	   Disk (KB)            :     2           2  50847056 
	   Gpus                 :     0.01                  1 "CUDA0"
	   Memory (MB)          : 15729           1     64198 
...
011 (030.007.000) 04/08 12:50:53 Job was unsuspended.
...
004 (030.007.000) 04/08 12:50:53 Job was evicted.
	(0) Job was not checkpointed.
		Usr 0 02:49:39, Sys 0 00:00:44  -  Run Remote Usage
		Usr 0 00:00:00, Sys 0 00:00:00  -  Run Local Usage
	0  -  Run Bytes Sent By Job
	0  -  Run Bytes Received By Job
	Partitionable Resources :    Usage  Request Allocated Assigned
	   Cpus                 :     0           1         8 
	   Disk (KB)            :     2           2   5000476 
	   Gpus                 :     0.01                  1 "CUDA0"
	   Memory (MB)          : 17461        2930     64198 
...
001 (030.001.000) 04/08 12:51:08 Job executing on host: <146.169.53.221:9618?addrs=146.169.53.221-9618+[2a0c-5bc0-40-11c4-1fb9-e5dc-bff4-2ace]-9618&noUDP&sock=3751235_66fd_4>
...
006 (030.000.000) 04/08 12:53:26 Image size of job updated: 17008180
	14761  -  MemoryUsage of job (MB)
	15114548  -  ResidentSetSize of job (KB)
...
006 (030.003.000) 04/08 12:54:27 Image size of job updated: 10018260
	9779  -  MemoryUsage of job (MB)
	10013580  -  ResidentSetSize of job (KB)
...
006 (030.000.000) 04/08 12:58:27 Image size of job updated: 17705360
	14872  -  MemoryUsage of job (MB)
	15228392  -  ResidentSetSize of job (KB)
...
001 (030.004.000) 04/08 12:59:08 Job executing on host: <146.169.53.232:9618?addrs=146.169.53.232-9618+[2a0c-5bc0-40-11c4-9386-3d09-8f54-f1ba]-9618&noUDP&sock=21360_136e_4>
...
001 (030.007.000) 04/08 12:59:08 Job executing on host: <146.169.53.222:9618?addrs=146.169.53.222-9618+[2a0c-5bc0-40-11c4-ee42-43ea-240c-1684]-9618&noUDP&sock=21277_2512_4>
...
006 (030.003.000) 04/08 12:59:27 Image size of job updated: 11081712
	10818  -  MemoryUsage of job (MB)
	11076996  -  ResidentSetSize of job (KB)
...
006 (030.000.000) 04/08 13:03:28 Image size of job updated: 18462560
	14960  -  MemoryUsage of job (MB)
	15318336  -  ResidentSetSize of job (KB)
...
006 (030.003.000) 04/08 13:04:27 Image size of job updated: 12159956
	11871  -  MemoryUsage of job (MB)
	12155192  -  ResidentSetSize of job (KB)
...
005 (030.000.000) 04/08 13:07:47 Job terminated.
	(1) Normal termination (return value 0)
		Usr 0 02:50:10, Sys 0 00:00:38  -  Run Remote Usage
		Usr 0 00:00:00, Sys 0 00:00:00  -  Run Local Usage
		Usr 0 02:50:10, Sys 0 00:00:38  -  Total Remote Usage
		Usr 0 00:00:00, Sys 0 00:00:00  -  Total Local Usage
	0  -  Run Bytes Sent By Job
	0  -  Run Bytes Received By Job
	0  -  Total Bytes Sent By Job
	0  -  Total Bytes Received By Job
	Partitionable Resources :    Usage  Request Allocated Assigned
	   Cpus                 :     0.30        1         8 
	   Disk (KB)            :     2           2  10273148 
	   Gpus                 :     0.00                  1 "CUDA0"
	   Memory (MB)          : 14960        7325     15846 
...
006 (030.003.000) 04/08 13:09:28 Image size of job updated: 13356532
	13040  -  MemoryUsage of job (MB)
	13352544  -  ResidentSetSize of job (KB)
...
006 (030.003.000) 04/08 13:14:29 Image size of job updated: 14472812
	14029  -  MemoryUsage of job (MB)
	14365008  -  ResidentSetSize of job (KB)
...
006 (030.003.000) 04/08 13:19:29 Image size of job updated: 15563704
	14293  -  MemoryUsage of job (MB)
	14635796  -  ResidentSetSize of job (KB)
...
006 (030.003.000) 04/08 13:24:30 Image size of job updated: 16634812
	14640  -  MemoryUsage of job (MB)
	14990576  -  ResidentSetSize of job (KB)
...
006 (030.003.000) 04/08 13:29:31 Image size of job updated: 17779752
	14784  -  MemoryUsage of job (MB)
	15138472  -  ResidentSetSize of job (KB)
...
006 (030.003.000) 04/08 13:34:31 Image size of job updated: 18862508
	15007  -  MemoryUsage of job (MB)
	15366560  -  ResidentSetSize of job (KB)
...
005 (030.003.000) 04/08 13:37:49 Job terminated.
	(1) Normal termination (return value 0)
		Usr 0 02:44:07, Sys 0 00:00:36  -  Run Remote Usage
		Usr 0 00:00:00, Sys 0 00:00:00  -  Run Local Usage
		Usr 0 02:44:07, Sys 0 00:00:36  -  Total Remote Usage
		Usr 0 00:00:00, Sys 0 00:00:00  -  Total Local Usage
	0  -  Run Bytes Sent By Job
	0  -  Run Bytes Received By Job
	0  -  Total Bytes Sent By Job
	0  -  Total Bytes Received By Job
	Partitionable Resources :    Usage  Request Allocated Assigned
	   Cpus                 :     0.01        1         8 
	   Disk (KB)            :     2           2   9966548 
	   Gpus                 :                           1 "CUDA0"
	   Memory (MB)          : 15007        7325     15846 
...
005 (030.001.000) 04/08 13:46:48 Job terminated.
	(1) Normal termination (return value 0)
		Usr 0 00:46:57, Sys 0 00:00:46  -  Run Remote Usage
		Usr 0 00:00:00, Sys 0 00:00:00  -  Run Local Usage
		Usr 0 00:46:57, Sys 0 00:00:46  -  Total Remote Usage
		Usr 0 00:00:00, Sys 0 00:00:00  -  Total Local Usage
	0  -  Run Bytes Sent By Job
	0  -  Run Bytes Received By Job
	0  -  Total Bytes Sent By Job
	0  -  Total Bytes Received By Job
	Partitionable Resources :    Usage  Request Allocated Assigned
	   Cpus                 :     0.58        1        16 
	   Disk (KB)            :     2           2  84039184 
	   Gpus                 :     0.12                  1 "CUDA0"
	   Memory (MB)          : 17090       17090     64009 
...
010 (030.004.000) 04/08 15:35:12 Job was suspended.
	Number of processes actually suspended: 2
...
010 (030.007.000) 04/08 15:35:16 Job was suspended.
	Number of processes actually suspended: 2
...
011 (030.004.000) 04/08 15:41:13 Job was unsuspended.
...
004 (030.004.000) 04/08 15:41:13 Job was evicted.
	(0) Job was not checkpointed.
		Usr 0 03:08:34, Sys 0 00:00:36  -  Run Remote Usage
		Usr 0 00:00:00, Sys 0 00:00:00  -  Run Local Usage
	0  -  Run Bytes Sent By Job
	0  -  Run Bytes Received By Job
	Partitionable Resources :    Usage  Request Allocated Assigned
	   Cpus                 :     0           1         8 
	   Disk (KB)            :     2           2  20807224 
	   Gpus                 :     0.01                  1 "CUDA0"
	   Memory (MB)          : 17090       17090     64011 
...
011 (030.007.000) 04/08 15:41:21 Job was unsuspended.
...
004 (030.007.000) 04/08 15:41:21 Job was evicted.
	(0) Job was not checkpointed.
		Usr 0 03:11:36, Sys 0 00:00:42  -  Run Remote Usage
		Usr 0 00:00:00, Sys 0 00:00:00  -  Run Local Usage
	0  -  Run Bytes Sent By Job
	0  -  Run Bytes Received By Job
	Partitionable Resources :    Usage  Request Allocated Assigned
	   Cpus                 :     0           1         8 
	   Disk (KB)            :     2           2 174005556 
	   Gpus                 :     0.20                  1 "CUDA0"
	   Memory (MB)          : 19532       19532     64011 
...
001 (030.004.000) 04/08 15:52:13 Job executing on host: <146.169.53.214:9618?addrs=146.169.53.214-9618+[2a0c-5bc0-40-11c4-390a-3248-fff7-4d96]-9618&noUDP&sock=270470_d0da_4>
...
010 (030.004.000) 04/08 16:00:08 Job was suspended.
	Number of processes actually suspended: 2
...
011 (030.004.000) 04/08 16:06:09 Job was unsuspended.
...
004 (030.004.000) 04/08 16:06:09 Job was evicted.
	(0) Job was not checkpointed.
		Usr 0 00:15:17, Sys 0 00:00:06  -  Run Remote Usage
		Usr 0 00:00:00, Sys 0 00:00:00  -  Run Local Usage
	0  -  Run Bytes Sent By Job
	0  -  Run Bytes Received By Job
	Partitionable Resources :    Usage  Request Allocated Assigned
	   Cpus                 :     0           1         8 
	   Disk (KB)            :     2           2   5000476 
	   Gpus                 :     0.17                  1 "CUDA0"
	   Memory (MB)          : 17090       17090     64198 
...
001 (030.007.000) 04/08 16:12:13 Job executing on host: <146.169.53.223:9618?addrs=146.169.53.223-9618+[2a0c-5bc0-40-11c4-ae39-a74b-50dc-f752]-9618&noUDP&sock=182415_68f1_4>
...
001 (030.004.000) 04/08 16:12:13 Job executing on host: <146.169.53.209:9618?addrs=146.169.53.209-9618+[2a0c-5bc0-40-11c4-b97a-89f9-2679-caa2]-9618&noUDP&sock=20597_b8ab_4>
...
010 (030.007.000) 04/08 16:24:38 Job was suspended.
	Number of processes actually suspended: 2
...
010 (030.004.000) 04/08 16:24:38 Job was suspended.
	Number of processes actually suspended: 2
...
011 (030.007.000) 04/08 16:30:40 Job was unsuspended.
...
004 (030.007.000) 04/08 16:30:40 Job was evicted.
	(0) Job was not checkpointed.
		Usr 0 00:18:35, Sys 0 00:00:09  -  Run Remote Usage
		Usr 0 00:00:00, Sys 0 00:00:00  -  Run Local Usage
	0  -  Run Bytes Sent By Job
	0  -  Run Bytes Received By Job
	Partitionable Resources :    Usage  Request Allocated Assigned
	   Cpus                 :     0           1        16 
	   Disk (KB)            :     2           2  73194580 
	   Gpus                 :     0.20                  0 "CUDA0"
	   Memory (MB)          : 19532       19532     64004 
...
011 (030.004.000) 04/08 16:30:43 Job was unsuspended.
...
004 (030.004.000) 04/08 16:30:43 Job was evicted.
	(0) Job was not checkpointed.
		Usr 0 00:24:08, Sys 0 00:00:09  -  Run Remote Usage
		Usr 0 00:00:00, Sys 0 00:00:00  -  Run Local Usage
	0  -  Run Bytes Sent By Job
	0  -  Run Bytes Received By Job
	Partitionable Resources :    Usage  Request Allocated Assigned
	   Cpus                 :     0.00        1         8 
	   Disk (KB)            :     2           2  26216332 
	   Gpus                 :     0.09                  1 "CUDA0"
	   Memory (MB)          : 17090       17090     64189 
...
001 (030.004.000) 04/08 17:12:19 Job executing on host: <146.169.53.230:9618?addrs=146.169.53.230-9618+[2a0c-5bc0-40-11c4-33b8-3274-ec09-bfd7]-9618&noUDP&sock=51373_7f5e_4>
...
001 (030.007.000) 04/08 17:12:19 Job executing on host: <146.169.53.231:9618?addrs=146.169.53.231-9618+[2a0c-5bc0-40-11c4-cb66-a7dc-e56e-6b42]-9618&noUDP&sock=20356_6a58_4>
...
010 (030.007.000) 04/08 18:11:52 Job was suspended.
	Number of processes actually suspended: 2
...
010 (030.004.000) 04/08 18:11:53 Job was suspended.
	Number of processes actually suspended: 3
...
011 (030.007.000) 04/08 18:17:57 Job was unsuspended.
...
004 (030.007.000) 04/08 18:17:57 Job was evicted.
	(0) Job was not checkpointed.
		Usr 0 01:31:12, Sys 0 00:00:24  -  Run Remote Usage
		Usr 0 00:00:00, Sys 0 00:00:00  -  Run Local Usage
	0  -  Run Bytes Sent By Job
	0  -  Run Bytes Received By Job
	Partitionable Resources :    Usage  Request Allocated Assigned
	   Cpus                 :     0           1         8 
	   Disk (KB)            :     2           2 125109752 
	   Gpus                 :     0.03                  1 "CUDA0"
	   Memory (MB)          : 19532       19532     64198 
...
011 (030.004.000) 04/08 18:17:58 Job was unsuspended.
...
004 (030.004.000) 04/08 18:17:58 Job was evicted.
	(0) Job was not checkpointed.
		Usr 0 01:24:44, Sys 0 00:00:19  -  Run Remote Usage
		Usr 0 00:00:00, Sys 0 00:00:00  -  Run Local Usage
	0  -  Run Bytes Sent By Job
	0  -  Run Bytes Received By Job
	Partitionable Resources :    Usage  Request Allocated Assigned
	   Cpus                 :     0           1         8 
	   Disk (KB)            :     2           2  50847056 
	   Gpus                 :     0.03                  1 "CUDA0"
	   Memory (MB)          : 17090       17090     64198 
...
001 (030.004.000) 04/08 19:36:24 Job executing on host: <146.169.53.220:9618?addrs=146.169.53.220-9618+[2a0c-5bc0-40-11c4-747c-1c60-6315-e75c]-9618&noUDP&sock=23017_a3dc_4>
...
001 (030.007.000) 04/08 19:48:22 Job executing on host: <146.169.53.232:9618?addrs=146.169.53.232-9618+[2a0c-5bc0-40-11c4-9386-3d09-8f54-f1ba]-9618&noUDP&sock=21360_136e_4>
...
010 (030.007.000) 04/08 20:29:11 Job was suspended.
	Number of processes actually suspended: 2
...
010 (030.004.000) 04/08 20:29:12 Job was suspended.
	Number of processes actually suspended: 3
...
011 (030.004.000) 04/08 20:35:14 Job was unsuspended.
...
004 (030.004.000) 04/08 20:35:14 Job was evicted.
	(0) Job was not checkpointed.
		Usr 0 01:17:55, Sys 0 00:00:25  -  Run Remote Usage
		Usr 0 00:00:00, Sys 0 00:00:00  -  Run Local Usage
	0  -  Run Bytes Sent By Job
	0  -  Run Bytes Received By Job
	Partitionable Resources :    Usage  Request Allocated Assigned
	   Cpus                 :     0           1         8 
	   Disk (KB)            :     2           2  74304772 
	   Gpus                 :     0.00                  1 "CUDA0"
	   Memory (MB)          : 17090       17090     31991 
...
011 (030.007.000) 04/08 20:35:16 Job was unsuspended.
...
004 (030.007.000) 04/08 20:35:16 Job was evicted.
	(0) Job was not checkpointed.
		Usr 0 01:00:45, Sys 0 00:00:23  -  Run Remote Usage
		Usr 0 00:00:00, Sys 0 00:00:00  -  Run Local Usage
	0  -  Run Bytes Sent By Job
	0  -  Run Bytes Received By Job
	Partitionable Resources :    Usage  Request Allocated Assigned
	   Cpus                 :     0           1         8 
	   Disk (KB)            :     2           2  20807224 
	   Gpus                 :     0.00                  1 "CUDA0"
	   Memory (MB)          : 19532       19532     64011 
...
001 (030.007.000) 04/08 20:37:23 Job executing on host: <146.169.53.231:9618?addrs=146.169.53.231-9618+[2a0c-5bc0-40-11c4-cb66-a7dc-e56e-6b42]-9618&noUDP&sock=20356_6a58_4>
...
001 (030.004.000) 04/08 20:37:23 Job executing on host: <146.169.53.230:9618?addrs=146.169.53.230-9618+[2a0c-5bc0-40-11c4-33b8-3274-ec09-bfd7]-9618&noUDP&sock=51373_7f5e_4>
...
010 (030.004.000) 04/08 20:53:44 Job was suspended.
	Number of processes actually suspended: 2
...
010 (030.007.000) 04/08 20:53:45 Job was suspended.
	Number of processes actually suspended: 2
...
011 (030.004.000) 04/08 20:54:09 Job was unsuspended.
...
011 (030.007.000) 04/08 20:59:50 Job was unsuspended.
...
004 (030.007.000) 04/08 20:59:50 Job was evicted.
	(0) Job was not checkpointed.
		Usr 0 00:30:15, Sys 0 00:00:11  -  Run Remote Usage
		Usr 0 00:00:00, Sys 0 00:00:00  -  Run Local Usage
	0  -  Run Bytes Sent By Job
	0  -  Run Bytes Received By Job
	Partitionable Resources :    Usage  Request Allocated Assigned
	   Cpus                 :     0           1         8 
	   Disk (KB)            :     2           2 125109752 
	   Gpus                 :     0.12                  1 "CUDA0"
	   Memory (MB)          : 19532       19532     64198 
...
001 (030.007.000) 04/08 21:00:25 Job executing on host: <146.169.53.228:9618?addrs=146.169.53.228-9618+[2a0c-5bc0-40-11c4-a90e-aafd-b904-dff9]-9618&noUDP&sock=21412_0ec3_4>
...
005 (030.007.000) 04/08 23:13:28 Job terminated.
	(1) Normal termination (return value 0)
		Usr 0 02:57:17, Sys 0 00:00:44  -  Run Remote Usage
		Usr 0 00:00:00, Sys 0 00:00:00  -  Run Local Usage
		Usr 0 02:57:17, Sys 0 00:00:44  -  Total Remote Usage
		Usr 0 00:00:00, Sys 0 00:00:00  -  Total Local Usage
	0  -  Run Bytes Sent By Job
	0  -  Run Bytes Received By Job
	0  -  Total Bytes Sent By Job
	0  -  Total Bytes Received By Job
	Partitionable Resources :    Usage  Request Allocated Assigned
	   Cpus                 :     0.31        1         8 
	   Disk (KB)            :     2           2 124801240 
	   Gpus                 :     0                     1 "CUDA0"
	   Memory (MB)          : 19532       19532     64198 
...
006 (030.004.000) 04/08 23:37:52 Image size of job updated: 17583828
	17164  -  MemoryUsage of job (MB)
	17575308  -  ResidentSetSize of job (KB)
...
006 (030.004.000) 04/08 23:42:53 Image size of job updated: 17849564
	17423  -  MemoryUsage of job (MB)
	17841044  -  ResidentSetSize of job (KB)
...
006 (030.004.000) 04/08 23:47:53 Image size of job updated: 17968752
	17540  -  MemoryUsage of job (MB)
	17960232  -  ResidentSetSize of job (KB)
...
006 (030.004.000) 04/08 23:52:53 Image size of job updated: 18334768
	17897  -  MemoryUsage of job (MB)
	18326248  -  ResidentSetSize of job (KB)
...
006 (030.004.000) 04/08 23:57:54 Image size of job updated: 18623356
	18179  -  MemoryUsage of job (MB)
	18614836  -  ResidentSetSize of job (KB)
...
006 (030.004.000) 04/09 00:07:55 Image size of job updated: 18874516
	18424  -  MemoryUsage of job (MB)
	18865996  -  ResidentSetSize of job (KB)
...
006 (030.004.000) 04/09 00:12:55 Image size of job updated: 19190468
	18733  -  MemoryUsage of job (MB)
	19181948  -  ResidentSetSize of job (KB)
...
006 (030.004.000) 04/09 00:17:56 Image size of job updated: 19549548
	19084  -  MemoryUsage of job (MB)
	19541028  -  ResidentSetSize of job (KB)
...
006 (030.004.000) 04/09 00:22:57 Image size of job updated: 19958420
	19483  -  MemoryUsage of job (MB)
	19949900  -  ResidentSetSize of job (KB)
...
006 (030.004.000) 04/09 00:27:57 Image size of job updated: 19958448
	19483  -  MemoryUsage of job (MB)
	19949928  -  ResidentSetSize of job (KB)
...
006 (030.004.000) 04/09 00:32:57 Image size of job updated: 20213920
	19732  -  MemoryUsage of job (MB)
	20205400  -  ResidentSetSize of job (KB)
...
006 (030.004.000) 04/09 00:37:58 Image size of job updated: 20479792
	19992  -  MemoryUsage of job (MB)
	20471272  -  ResidentSetSize of job (KB)
...
006 (030.004.000) 04/09 00:47:59 Image size of job updated: 20734400
	20241  -  MemoryUsage of job (MB)
	20725880  -  ResidentSetSize of job (KB)
...
006 (030.004.000) 04/09 00:58:00 Image size of job updated: 21002720
	20503  -  MemoryUsage of job (MB)
	20994200  -  ResidentSetSize of job (KB)
...
006 (030.004.000) 04/09 01:03:01 Image size of job updated: 21264072
	20758  -  MemoryUsage of job (MB)
	21255552  -  ResidentSetSize of job (KB)
...
006 (030.004.000) 04/09 01:13:02 Image size of job updated: 21757720
	21240  -  MemoryUsage of job (MB)
	21749200  -  ResidentSetSize of job (KB)
...
006 (030.004.000) 04/09 01:23:03 Image size of job updated: 22022100
	21498  -  MemoryUsage of job (MB)
	22013580  -  ResidentSetSize of job (KB)
...
006 (030.004.000) 04/09 01:28:03 Image size of job updated: 22516388
	21981  -  MemoryUsage of job (MB)
	22507868  -  ResidentSetSize of job (KB)
...
005 (030.004.000) 04/09 01:31:44 Job terminated.
	(1) Normal termination (return value 0)
		Usr 0 05:39:17, Sys 0 00:00:48  -  Run Remote Usage
		Usr 0 00:00:00, Sys 0 00:00:00  -  Run Local Usage
		Usr 0 05:39:17, Sys 0 00:00:48  -  Total Remote Usage
		Usr 0 00:00:00, Sys 0 00:00:00  -  Total Local Usage
	0  -  Run Bytes Sent By Job
	0  -  Run Bytes Received By Job
	0  -  Total Bytes Sent By Job
	0  -  Total Bytes Received By Job
	Partitionable Resources :    Usage  Request Allocated Assigned
	   Cpus                 :     0.30        1         8 
	   Disk (KB)            :     2           2  50847056 
	   Gpus                 :     0.00                  1 "CUDA0"
	   Memory (MB)          : 21981       17090     64198 
...
