Jaccard score for 'The batter made contact with the ball.' is 0.5
Jaccard score for 'The batter made contact with the ball.' is 0.5
Jaccard score for 'The batter made contact with the ball.' is 0.5
Jaccard score for 'The batter made contact with the ball.' is 0.5
Jaccard score for 'The batter made contact with the ball.' is 0.5
Jaccard score for 'The batter made contact with the ball.' is 0.5
Jaccard score for 'The pitch crossed the plate over the top of the strike zone.' is 0.25
Jaccard score for 'The pitch crossed the plate over the top of the strike zone.' is 0.25
Jaccard score for 'The pitch crossed the plate over the top of the strike zone.' is 0.25
Jaccard score for 'The pitch crossed the plate over the top of the strike zone.' is 0.25
Jaccard score for 'The pitch crossed the plate over the top of the strike zone.' is 0.25
Jaccard score for 'The pitch crossed the plate over the top of the strike zone.' is 0.25
Jaccard score for 'The pitch crossed the plate over the top of the strike zone.' is 0.25
Jaccard score for 'The pitch crossed the plate over the top of the strike zone.' is 0.25
Jaccard score for 'The pitch crossed the plate over the top of the strike zone.' is 0.25
Jaccard score for 'The shortstop threw on to first base for an out.' is 0.20833333333333334
Jaccard score for 'The shortstop threw on to first base for an out.' is 0.20833333333333334
Jaccard score for 'The shortstop threw on to first base for an out.' is 0.20833333333333334
Jaccard score for 'The shortstop threw on to first base for an out.' is 0.20833333333333334
Jaccard score for 'The shortstop threw on to first base for an out.' is 0.20833333333333334
Jaccard score for 'The shortstop threw on to first base for an out.' is 0.20833333333333334
Jaccard score for 'The shortstop threw on to first base for an out.' is 0.20833333333333334
Jaccard score for 'The shortstop threw on to first base for an out.' is 0.20833333333333334
Jaccard score for 'The shortstop threw on to first base for an out.' is 0.20833333333333334
Jaccard score for 'The shortstop threw on to first base for an out.' is 0.20833333333333334
Jaccard score for 'The shortstop threw on to first base for an out.' is 0.20833333333333334
Jaccard score for 'The shortstop threw on to first base for an out.' is 0.20833333333333334
Jaccard score for 'The shortstop threw on to first base for an out.' is 0.20833333333333334
Jaccard score for 'The shortstop threw on to first base for an out.' is 0.20833333333333334
Jaccard score for 'The shortstop threw on to first base for an out.' is 0.20833333333333334
Jaccard score for 'It was a single.' is 0.5
Jaccard score for 'It was a single.' is 0.5
Jaccard score for 'It was a single.' is 0.5
Jaccard score for 'The batter swung the bat.' is 0.5
Jaccard score for 'The batter swung the bat.' is 0.5
Jaccard score for 'The batter swung the bat.' is 0.5
Jaccard score for 'He hit it outside the foul lines.' is 0.375
Jaccard score for 'He hit it outside the foul lines.' is 0.375
Jaccard score for 'He hit it outside the foul lines.' is 0.375
Jaccard score for 'He hit it outside the foul lines.' is 0.375
Jaccard score for 'He hit it outside the foul lines.' is 0.375
Jaccard score for 'He hit it outside the foul lines.' is 0.375
Jaccard score for 'He hit it outside the foul lines.' is 0.375
Jaccard score for 'He hit it outside the foul lines.' is 0.375
Jaccard score for 'He hit it outside the foul lines.' is 0.375
Jaccard score for 'The pitcher got the runner out.' is 0.0
Jaccard score for 'The pitcher got the runner out.' is 0.0
Jaccard score for 'The pitcher got the runner out.' is 0.0
Jaccard score for 'The batter's swing connected with the ball.' is 0.25
Jaccard score for 'The batter's swing connected with the ball.' is 0.25
Jaccard score for 'The batter's swing connected with the ball.' is 0.25
Jaccard score for 'The batter's swing connected with the ball.' is 0.25
Jaccard score for 'The batter's swing connected with the ball.' is 0.25
Jaccard score for 'The batter's swing connected with the ball.' is 0.25
Jaccard score for 'The 2nd baseman got the hitter out.' is 0.0
Jaccard score for 'The 2nd baseman got the hitter out.' is 0.0
Jaccard score for 'The 2nd baseman got the hitter out.' is 0.0
Jaccard score for 'The 2nd baseman got the hitter out.' is 0.0
Jaccard score for 'The 2nd baseman got the hitter out.' is 0.0
Jaccard score for 'The 2nd baseman got the hitter out.' is 0.0
Jaccard score for 'A popup was caught by the left fielder.' is 0.1875
Jaccard score for 'A popup was caught by the left fielder.' is 0.1875
Jaccard score for 'A popup was caught by the left fielder.' is 0.1875
Jaccard score for 'A popup was caught by the left fielder.' is 0.1875
Jaccard score for 'A popup was caught by the left fielder.' is 0.1875
Jaccard score for 'A popup was caught by the left fielder.' is 0.1875
Jaccard score for 'A popup was caught by the left fielder.' is 0.1875
Jaccard score for 'A popup was caught by the left fielder.' is 0.1875
Jaccard score for 'A popup was caught by the left fielder.' is 0.1875
Jaccard score for 'The third baseman threw to first base for the out.' is 0.20833333333333334
Jaccard score for 'The third baseman threw to first base for the out.' is 0.20833333333333334
Jaccard score for 'The third baseman threw to first base for the out.' is 0.20833333333333334
Jaccard score for 'The third baseman threw to first base for the out.' is 0.20833333333333334
Jaccard score for 'The third baseman threw to first base for the out.' is 0.20833333333333334
Jaccard score for 'The third baseman threw to first base for the out.' is 0.20833333333333334
Jaccard score for 'The third baseman threw to first base for the out.' is 0.20833333333333334
Jaccard score for 'The third baseman threw to first base for the out.' is 0.20833333333333334
Jaccard score for 'The third baseman threw to first base for the out.' is 0.20833333333333334
Jaccard score for 'The third baseman threw to first base for the out.' is 0.20833333333333334
Jaccard score for 'The third baseman threw to first base for the out.' is 0.20833333333333334
Jaccard score for 'The third baseman threw to first base for the out.' is 0.20833333333333334
Jaccard score for 'The third baseman threw to first base for the out.' is 0.20833333333333334
Jaccard score for 'The third baseman threw to first base for the out.' is 0.20833333333333334
Jaccard score for 'The third baseman threw to first base for the out.' is 0.20833333333333334
Jaccard score for 'The third baseman threw to first base for the out.' is 0.20833333333333334
Jaccard score for 'The third baseman threw to first base for the out.' is 0.20833333333333334
Jaccard score for 'The third baseman threw to first base for the out.' is 0.20833333333333334
Jaccard score for 'The third baseman threw to first base for the out.' is 0.20833333333333334
Jaccard score for 'The third baseman threw to first base for the out.' is 0.20833333333333334
Jaccard score for 'The third baseman threw to first base for the out.' is 0.20833333333333334
Jaccard score for 'The third baseman threw to first base for the out.' is 0.20833333333333334
Jaccard score for 'The third baseman threw to first base for the out.' is 0.20833333333333334
Jaccard score for 'The third baseman threw to first base for the out.' is 0.20833333333333334
Jaccard score for 'The third baseman threw to first base for the out.' is 0.20833333333333334
Jaccard score for 'The third baseman threw to first base for the out.' is 0.20833333333333334
Jaccard score for 'The third baseman threw to first base for the out.' is 0.20833333333333334
Jaccard score for 'The third baseman threw to first base for the out.' is 0.20833333333333334
Jaccard score for 'The third baseman threw to first base for the out.' is 0.20833333333333334
Jaccard score for 'The third baseman threw to first base for the out.' is 0.20833333333333334
Jaccard score for 'The ball did not go through the strike zone.' is 0.5
Jaccard score for 'The ball did not go through the strike zone.' is 0.5
Jaccard score for 'The ball did not go through the strike zone.' is 0.5
Jaccard score for 'The ball did not go through the strike zone.' is 0.5
Jaccard score for 'The ball did not go through the strike zone.' is 0.5
Jaccard score for 'The ball did not go through the strike zone.' is 0.5
Jaccard score for 'The hitter didn't swing.' is 0.0
Jaccard score for 'The hitter didn't swing.' is 0.0
Jaccard score for 'The hitter didn't swing.' is 0.0
Average jaccard score: 0.25173611111111077
