Jaccard score for 'The batter hit the ball.' is 0.5
Jaccard score for 'The batter hit the ball.' is 0.5
Jaccard score for 'The batter hit the ball.' is 0.5
Jaccard score for 'The ball did not appear to be in the strike zone.' is 0.25
Jaccard score for 'The ball did not appear to be in the strike zone.' is 0.25
Jaccard score for 'The ball did not appear to be in the strike zone.' is 0.25
Jaccard score for 'The ball did not appear to be in the strike zone.' is 0.25
Jaccard score for 'The ball did not appear to be in the strike zone.' is 0.25
Jaccard score for 'The ball did not appear to be in the strike zone.' is 0.25
Jaccard score for 'The ball did not stay in the field of play.' is 0.25
Jaccard score for 'The ball did not stay in the field of play.' is 0.25
Jaccard score for 'The ball did not stay in the field of play.' is 0.25
Jaccard score for 'The ball did not stay in the field of play.' is 0.25
Jaccard score for 'The ball did not stay in the field of play.' is 0.25
Jaccard score for 'The ball did not stay in the field of play.' is 0.25
Jaccard score for 'The ball did not stay in the field of play.' is 0.25
Jaccard score for 'The ball did not stay in the field of play.' is 0.25
Jaccard score for 'The ball did not stay in the field of play.' is 0.25
Jaccard score for 'The batter hit the ball into the air.' is 0.5
Jaccard score for 'The batter hit the ball into the air.' is 0.5
Jaccard score for 'The batter hit the ball into the air.' is 0.5
Jaccard score for 'The batter hit the ball into the air.' is 0.5
Jaccard score for 'The batter hit the ball into the air.' is 0.5
Jaccard score for 'The batter hit the ball into the air.' is 0.5
Jaccard score for 'The outfielder caught it in the air.' is 0.5
Jaccard score for 'The outfielder caught it in the air.' is 0.5
Jaccard score for 'The outfielder caught it in the air.' is 0.5
Jaccard score for 'The outfielder caught it in the air.' is 0.5
Jaccard score for 'The outfielder caught it in the air.' is 0.5
Jaccard score for 'The outfielder caught it in the air.' is 0.5
Jaccard score for 'The 3rd base easily throws out.' is 0.0
Jaccard score for 'The 3rd base easily throws out.' is 0.0
Jaccard score for 'The 3rd base easily throws out.' is 0.0
Jaccard score for 'The 3rd base easily throws out.' is 0.0
Jaccard score for 'The 3rd base easily throws out.' is 0.0
Jaccard score for 'The 3rd base easily throws out.' is 0.0
Jaccard score for 'It is a home run.' is 0.5
Jaccard score for 'It is a home run.' is 0.5
Jaccard score for 'It is a home run.' is 0.5
Jaccard score for 'The batter hit it towards right field.' is 0.375
Jaccard score for 'The batter hit it towards right field.' is 0.375
Jaccard score for 'The batter hit it towards right field.' is 0.375
Jaccard score for 'The batter hit it towards right field.' is 0.375
Jaccard score for 'The batter hit it towards right field.' is 0.375
Jaccard score for 'The batter hit it towards right field.' is 0.375
Jaccard score for 'The batter hit it towards right field.' is 0.375
Jaccard score for 'The batter hit it towards right field.' is 0.375
Jaccard score for 'The batter hit it towards right field.' is 0.375
Jaccard score for 'The batter knocked the ball out of play.' is 0.125
Jaccard score for 'The batter knocked the ball out of play.' is 0.125
Jaccard score for 'The batter knocked the ball out of play.' is 0.125
Jaccard score for 'The ball was hit over the outfield wall on the fly,in fair territory.' is 0.09375
Jaccard score for 'The ball was hit over the outfield wall on the fly,in fair territory.' is 0.09375
Jaccard score for 'The ball was hit over the outfield wall on the fly,in fair territory.' is 0.09375
Jaccard score for 'The ball was hit over the outfield wall on the fly,in fair territory.' is 0.09375
Jaccard score for 'The ball was hit over the outfield wall on the fly,in fair territory.' is 0.09375
Jaccard score for 'The ball was hit over the outfield wall on the fly,in fair territory.' is 0.09375
Jaccard score for 'The ball was hit over the outfield wall on the fly,in fair territory.' is 0.09375
Jaccard score for 'The ball was hit over the outfield wall on the fly,in fair territory.' is 0.09375
Jaccard score for 'The ball was hit over the outfield wall on the fly,in fair territory.' is 0.09375
Jaccard score for 'The ball was hit over the outfield wall on the fly,in fair territory.' is 0.09375
Jaccard score for 'The ball was hit over the outfield wall on the fly,in fair territory.' is 0.09375
Jaccard score for 'The ball was hit over the outfield wall on the fly,in fair territory.' is 0.09375
Jaccard score for 'The ball was hit over the outfield wall on the fly,in fair territory.' is 0.09375
Jaccard score for 'The ball was hit over the outfield wall on the fly,in fair territory.' is 0.09375
Jaccard score for 'The ball was hit over the outfield wall on the fly,in fair territory.' is 0.09375
Jaccard score for 'The ball was hit over the outfield wall on the fly,in fair territory.' is 0.09375
Jaccard score for 'The ball was hit over the outfield wall on the fly,in fair territory.' is 0.09375
Jaccard score for 'The ball was hit over the outfield wall on the fly,in fair territory.' is 0.09375
Jaccard score for 'The ball was hit over the outfield wall on the fly,in fair territory.' is 0.09375
Jaccard score for 'The ball was hit over the outfield wall on the fly,in fair territory.' is 0.09375
Jaccard score for 'The ball was hit over the outfield wall on the fly,in fair territory.' is 0.09375
Jaccard score for 'The ball was hit over the outfield wall on the fly,in fair territory.' is 0.09375
Jaccard score for 'The ball was hit over the outfield wall on the fly,in fair territory.' is 0.09375
Jaccard score for 'The ball was hit over the outfield wall on the fly,in fair territory.' is 0.09375
Jaccard score for 'The ball was hit over the outfield wall on the fly,in fair territory.' is 0.09375
Jaccard score for 'The ball was hit over the outfield wall on the fly,in fair territory.' is 0.09375
Jaccard score for 'The ball was hit over the outfield wall on the fly,in fair territory.' is 0.09375
Jaccard score for 'The ball was hit over the outfield wall on the fly,in fair territory.' is 0.09375
Jaccard score for 'The ball was hit over the outfield wall on the fly,in fair territory.' is 0.09375
Jaccard score for 'The ball was hit over the outfield wall on the fly,in fair territory.' is 0.09375
Jaccard score for 'The ball was hit over the outfield wall on the fly,in fair territory.' is 0.09375
Jaccard score for 'The ball was hit over the outfield wall on the fly,in fair territory.' is 0.09375
Jaccard score for 'The ball was hit over the outfield wall on the fly,in fair territory.' is 0.09375
Jaccard score for 'The ball was hit over the outfield wall on the fly,in fair territory.' is 0.09375
Jaccard score for 'The ball was hit over the outfield wall on the fly,in fair territory.' is 0.09375
Jaccard score for 'The ball was hit over the outfield wall on the fly,in fair territory.' is 0.09375
Jaccard score for 'The pitch was called a strike by the umpire.' is 0.25
Jaccard score for 'The pitch was called a strike by the umpire.' is 0.25
Jaccard score for 'The pitch was called a strike by the umpire.' is 0.25
Jaccard score for 'The pitch was called a strike by the umpire.' is 0.25
Jaccard score for 'The pitch was called a strike by the umpire.' is 0.25
Jaccard score for 'The pitch was called a strike by the umpire.' is 0.25
Jaccard score for 'The ball hit the ground before it was caught.' is 0.0
Jaccard score for 'The ball hit the ground before it was caught.' is 0.0
Jaccard score for 'The ball hit the ground before it was caught.' is 0.0
Jaccard score for 'The ball hit the ground before it was caught.' is 0.0
Jaccard score for 'The ball hit the ground before it was caught.' is 0.0
Jaccard score for 'The ball hit the ground before it was caught.' is 0.0
Jaccard score for 'The pitcher caught it.' is 0.5
Jaccard score for 'The pitcher caught it.' is 0.5
Jaccard score for 'The pitcher caught it.' is 0.5
Average jaccard score: 0.22426470588235295
