Jaccard score for 'The batter hit a fly ball to left field.' is 0.0
Jaccard score for 'The batter hit a fly ball to left field.' is 0.0
Jaccard score for 'The batter hit a fly ball to left field.' is 0.0
Jaccard score for 'The batter hit a fly ball to left field.' is 0.0
Jaccard score for 'The batter hit a fly ball to left field.' is 0.0
Jaccard score for 'The batter hit a fly ball to left field.' is 0.0
Jaccard score for 'The batter hit a fly ball to left field.' is 0.0
Jaccard score for 'The batter hit a fly ball to left field.' is 0.0
Jaccard score for 'The batter hit a fly ball to left field.' is 0.0
Jaccard score for 'This makes it a foul ball.' is 0.0
Jaccard score for 'This makes it a foul ball.' is 0.0
Jaccard score for 'This makes it a foul ball.' is 0.0
Jaccard score for 'It was a ball.' is 0.0
Jaccard score for 'It was a ball.' is 0.0
Jaccard score for 'It was a ball.' is 0.0
Jaccard score for 'The ball was outside the strike zone.' is 0.0
Jaccard score for 'The ball was outside the strike zone.' is 0.0
Jaccard score for 'The ball was outside the strike zone.' is 0.0
Jaccard score for 'A home run was hit out of the playing grounds.' is 0.0
Jaccard score for 'A home run was hit out of the playing grounds.' is 0.0
Jaccard score for 'A home run was hit out of the playing grounds.' is 0.0
Jaccard score for 'A home run was hit out of the playing grounds.' is 0.0
Jaccard score for 'A home run was hit out of the playing grounds.' is 0.0
Jaccard score for 'A home run was hit out of the playing grounds.' is 0.0
Jaccard score for 'It was caught.' is 0.0
Jaccard score for 'It was caught.' is 0.0
Jaccard score for 'It was caught.' is 0.0
Jaccard score for 'The ball crossed the plate outside the strike zone.' is 0.0
Jaccard score for 'The ball crossed the plate outside the strike zone.' is 0.0
Jaccard score for 'The ball crossed the plate outside the strike zone.' is 0.0
Jaccard score for 'The ball crossed the plate outside the strike zone.' is 0.0
Jaccard score for 'The ball crossed the plate outside the strike zone.' is 0.0
Jaccard score for 'The ball crossed the plate outside the strike zone.' is 0.0
Jaccard score for 'The batter Altuve made contact with the pitch.' is 0.0
Jaccard score for 'The batter Altuve made contact with the pitch.' is 0.0
Jaccard score for 'The batter Altuve made contact with the pitch.' is 0.0
Jaccard score for 'The batter Altuve made contact with the pitch.' is 0.0
Jaccard score for 'The batter Altuve made contact with the pitch.' is 0.0
Jaccard score for 'The batter Altuve made contact with the pitch.' is 0.0
Jaccard score for 'The batter reached first base.' is 0.0
Jaccard score for 'The batter reached first base.' is 0.0
Jaccard score for 'The batter reached first base.' is 0.0
Jaccard score for 'The batter reached first base.' is 0.0
Jaccard score for 'The batter reached first base.' is 0.0
Jaccard score for 'The batter reached first base.' is 0.0
Jaccard score for 'The batter sent it into left field.' is 0.0
Jaccard score for 'The batter sent it into left field.' is 0.0
Jaccard score for 'The batter sent it into left field.' is 0.0
Jaccard score for 'The batter sent it into left field.' is 0.0
Jaccard score for 'The batter sent it into left field.' is 0.0
Jaccard score for 'The batter sent it into left field.' is 0.0
Jaccard score for 'The batter sent it into left field.' is 0.0
Jaccard score for 'The batter sent it into left field.' is 0.0
Jaccard score for 'The batter sent it into left field.' is 0.0
Jaccard score for 'Atulve's batted ball landed in the right field grass for a hit.' is 0.0
Jaccard score for 'Atulve's batted ball landed in the right field grass for a hit.' is 0.0
Jaccard score for 'Atulve's batted ball landed in the right field grass for a hit.' is 0.0
Jaccard score for 'Atulve's batted ball landed in the right field grass for a hit.' is 0.0
Jaccard score for 'Atulve's batted ball landed in the right field grass for a hit.' is 0.0
Jaccard score for 'Atulve's batted ball landed in the right field grass for a hit.' is 0.0
Jaccard score for 'Atulve's batted ball landed in the right field grass for a hit.' is 0.0
Jaccard score for 'Atulve's batted ball landed in the right field grass for a hit.' is 0.0
Jaccard score for 'Atulve's batted ball landed in the right field grass for a hit.' is 0.0
Jaccard score for 'Atulve's batted ball landed in the right field grass for a hit.' is 0.0
Jaccard score for 'Atulve's batted ball landed in the right field grass for a hit.' is 0.0
Jaccard score for 'Atulve's batted ball landed in the right field grass for a hit.' is 0.0
Jaccard score for 'Atulve's batted ball landed in the right field grass for a hit.' is 0.0
Jaccard score for 'Atulve's batted ball landed in the right field grass for a hit.' is 0.0
Jaccard score for 'Atulve's batted ball landed in the right field grass for a hit.' is 0.0
Jaccard score for 'Atulve's batted ball landed in the right field grass for a hit.' is 0.0
Jaccard score for 'Atulve's batted ball landed in the right field grass for a hit.' is 0.0
Jaccard score for 'Atulve's batted ball landed in the right field grass for a hit.' is 0.0
Jaccard score for 'Atulve's batted ball landed in the right field grass for a hit.' is 0.0
Jaccard score for 'Atulve's batted ball landed in the right field grass for a hit.' is 0.0
Jaccard score for 'Atulve's batted ball landed in the right field grass for a hit.' is 0.0
Jaccard score for 'Atulve's batted ball landed in the right field grass for a hit.' is 0.0
Jaccard score for 'Atulve's batted ball landed in the right field grass for a hit.' is 0.0
Jaccard score for 'Atulve's batted ball landed in the right field grass for a hit.' is 0.0
Jaccard score for 'Atulve's batted ball landed in the right field grass for a hit.' is 0.0
Jaccard score for 'Atulve's batted ball landed in the right field grass for a hit.' is 0.0
Jaccard score for 'Atulve's batted ball landed in the right field grass for a hit.' is 0.0
Jaccard score for 'Atulve's batted ball landed in the right field grass for a hit.' is 0.0
Jaccard score for 'Atulve's batted ball landed in the right field grass for a hit.' is 0.0
Jaccard score for 'Atulve's batted ball landed in the right field grass for a hit.' is 0.0
Jaccard score for 'Atulve's batted ball landed in the right field grass for a hit.' is 0.0
Jaccard score for 'Atulve's batted ball landed in the right field grass for a hit.' is 0.0
Jaccard score for 'Atulve's batted ball landed in the right field grass for a hit.' is 0.0
Jaccard score for 'Atulve's batted ball landed in the right field grass for a hit.' is 0.0
Jaccard score for 'Atulve's batted ball landed in the right field grass for a hit.' is 0.0
Jaccard score for 'Atulve's batted ball landed in the right field grass for a hit.' is 0.0
Jaccard score for 'Atulve's batted ball landed in the right field grass for a hit.' is 0.0
Jaccard score for 'Atulve's batted ball landed in the right field grass for a hit.' is 0.0
Jaccard score for 'Atulve's batted ball landed in the right field grass for a hit.' is 0.0
Jaccard score for 'Atulve's batted ball landed in the right field grass for a hit.' is 0.0
Jaccard score for 'Atulve's batted ball landed in the right field grass for a hit.' is 0.0
Jaccard score for 'Atulve's batted ball landed in the right field grass for a hit.' is 0.0
Jaccard score for 'Atulve's batted ball landed in the right field grass for a hit.' is 0.0
Jaccard score for 'Atulve's batted ball landed in the right field grass for a hit.' is 0.0
Jaccard score for 'Atulve's batted ball landed in the right field grass for a hit.' is 0.0
Jaccard score for 'Atulve's batted ball landed in the right field grass for a hit.' is 0.0
Jaccard score for 'Atulve's batted ball landed in the right field grass for a hit.' is 0.0
Jaccard score for 'Atulve's batted ball landed in the right field grass for a hit.' is 0.0
Jaccard score for 'Atulve's batted ball landed in the right field grass for a hit.' is 0.0
Jaccard score for 'Atulve's batted ball landed in the right field grass for a hit.' is 0.0
Jaccard score for 'Atulve's batted ball landed in the right field grass for a hit.' is 0.0
Jaccard score for 'Atulve's batted ball landed in the right field grass for a hit.' is 0.0
Jaccard score for 'Atulve's batted ball landed in the right field grass for a hit.' is 0.0
Jaccard score for 'Atulve's batted ball landed in the right field grass for a hit.' is 0.0
Jaccard score for 'A ball was caught by the shortstop.' is 0.0
Jaccard score for 'A ball was caught by the shortstop.' is 0.0
Jaccard score for 'A ball was caught by the shortstop.' is 0.0
Jaccard score for 'A ball was caught by the shortstop.' is 0.0
Jaccard score for 'A ball was caught by the shortstop.' is 0.0
Jaccard score for 'A ball was caught by the shortstop.' is 0.0
Jaccard score for 'It was a home run.' is 0.0
Jaccard score for 'It was a home run.' is 0.0
Jaccard score for 'It was a home run.' is 0.0
Average jaccard score: 0.0
