000 (050.000.000) 04/12 23:59:39 Job submitted from host: <146.169.52.21:9618?addrs=146.169.52.21-9618+[2a0c-5bc0-40-11c4-92a8-f2a3-b1f5-4365]-9618&noUDP&sock=18331_6f10_3>
...
000 (050.001.000) 04/12 23:59:39 Job submitted from host: <146.169.52.21:9618?addrs=146.169.52.21-9618+[2a0c-5bc0-40-11c4-92a8-f2a3-b1f5-4365]-9618&noUDP&sock=18331_6f10_3>
...
000 (050.002.000) 04/12 23:59:39 Job submitted from host: <146.169.52.21:9618?addrs=146.169.52.21-9618+[2a0c-5bc0-40-11c4-92a8-f2a3-b1f5-4365]-9618&noUDP&sock=18331_6f10_3>
...
000 (050.003.000) 04/12 23:59:39 Job submitted from host: <146.169.52.21:9618?addrs=146.169.52.21-9618+[2a0c-5bc0-40-11c4-92a8-f2a3-b1f5-4365]-9618&noUDP&sock=18331_6f10_3>
...
000 (050.004.000) 04/12 23:59:39 Job submitted from host: <146.169.52.21:9618?addrs=146.169.52.21-9618+[2a0c-5bc0-40-11c4-92a8-f2a3-b1f5-4365]-9618&noUDP&sock=18331_6f10_3>
...
000 (050.005.000) 04/12 23:59:39 Job submitted from host: <146.169.52.21:9618?addrs=146.169.52.21-9618+[2a0c-5bc0-40-11c4-92a8-f2a3-b1f5-4365]-9618&noUDP&sock=18331_6f10_3>
...
000 (050.006.000) 04/12 23:59:39 Job submitted from host: <146.169.52.21:9618?addrs=146.169.52.21-9618+[2a0c-5bc0-40-11c4-92a8-f2a3-b1f5-4365]-9618&noUDP&sock=18331_6f10_3>
...
000 (050.007.000) 04/12 23:59:39 Job submitted from host: <146.169.52.21:9618?addrs=146.169.52.21-9618+[2a0c-5bc0-40-11c4-92a8-f2a3-b1f5-4365]-9618&noUDP&sock=18331_6f10_3>
...
000 (050.008.000) 04/12 23:59:39 Job submitted from host: <146.169.52.21:9618?addrs=146.169.52.21-9618+[2a0c-5bc0-40-11c4-92a8-f2a3-b1f5-4365]-9618&noUDP&sock=18331_6f10_3>
...
000 (050.009.000) 04/12 23:59:39 Job submitted from host: <146.169.52.21:9618?addrs=146.169.52.21-9618+[2a0c-5bc0-40-11c4-92a8-f2a3-b1f5-4365]-9618&noUDP&sock=18331_6f10_3>
...
001 (050.000.000) 04/13 00:00:11 Job executing on host: <146.169.53.37:9618?addrs=146.169.53.37-9618+[2a0c-5bc0-40-11c4-2337-3d89-dce0-3afe]-9618&noUDP&sock=18069_b940_4>
...
001 (050.002.000) 04/13 00:00:11 Job executing on host: <146.169.53.11:9618?addrs=146.169.53.11-9618+[2a0c-5bc0-40-11c4-1664-bd6d-7d7c-a102]-9618&noUDP&sock=20839_b697_4>
...
001 (050.001.000) 04/13 00:00:11 Job executing on host: <146.169.53.51:9618?addrs=146.169.53.51-9618+[2a0c-5bc0-40-11c4-f5f7-3283-7ea0-e229]-9618&noUDP&sock=18008_e1f9_4>
...
001 (050.003.000) 04/13 00:00:11 Job executing on host: <146.169.53.5:9618?addrs=146.169.53.5-9618+[2a0c-5bc0-40-11c4-e48e-6c14-53c8-b3ef]-9618&noUDP&sock=17585_bd6a_4>
...
001 (050.004.000) 04/13 00:00:11 Job executing on host: <146.169.53.213:9618?addrs=146.169.53.213-9618+[2a0c-5bc0-40-11c4-542d-eb13-6b6f-f9c2]-9618&noUDP&sock=21318_4474_4>
...
001 (050.009.000) 04/13 00:00:11 Job executing on host: <146.169.53.25:9618?addrs=146.169.53.25-9618+[2a0c-5bc0-40-11c4-7932-fa7f-9f97-eeae]-9618&noUDP&sock=17961_a506_4>
...
001 (050.006.000) 04/13 00:00:11 Job executing on host: <146.169.53.179:9618?addrs=146.169.53.179-9618+[2a0c-5bc0-40-11c4-f6cb-ba59-1e36-c681]-9618&noUDP&sock=17895_5fc6_4>
...
001 (050.005.000) 04/13 00:00:11 Job executing on host: <146.169.53.180:9618?addrs=146.169.53.180-9618+[2a0c-5bc0-40-11c4-cc6f-830f-97a4-a547]-9618&noUDP&sock=19364_fc65_4>
...
001 (050.007.000) 04/13 00:00:11 Job executing on host: <146.169.53.193:9618?addrs=146.169.53.193-9618+[2a0c-5bc0-40-11c4-881d-3b7f-dfaf-cc35]-9618&noUDP&sock=182877_4db2_4>
...
001 (050.008.000) 04/13 00:00:11 Job executing on host: <146.169.53.215:9618?addrs=146.169.53.215-9618+[2a0c-5bc0-40-11c4-aa95-8a91-6351-fd91]-9618&noUDP&sock=147314_4475_4>
...
006 (050.000.000) 04/13 00:00:19 Image size of job updated: 303936
	289  -  MemoryUsage of job (MB)
	295724  -  ResidentSetSize of job (KB)
...
006 (050.003.000) 04/13 00:00:19 Image size of job updated: 305984
	291  -  MemoryUsage of job (MB)
	297772  -  ResidentSetSize of job (KB)
...
006 (050.004.000) 04/13 00:00:19 Image size of job updated: 295436
	282  -  MemoryUsage of job (MB)
	288116  -  ResidentSetSize of job (KB)
...
006 (050.002.000) 04/13 00:00:19 Image size of job updated: 297720
	287  -  MemoryUsage of job (MB)
	293320  -  ResidentSetSize of job (KB)
...
006 (050.001.000) 04/13 00:00:19 Image size of job updated: 310636
	296  -  MemoryUsage of job (MB)
	302368  -  ResidentSetSize of job (KB)
...
006 (050.009.000) 04/13 00:00:19 Image size of job updated: 301420
	287  -  MemoryUsage of job (MB)
	293204  -  ResidentSetSize of job (KB)
...
006 (050.006.000) 04/13 00:00:19 Image size of job updated: 301200
	290  -  MemoryUsage of job (MB)
	296644  -  ResidentSetSize of job (KB)
...
006 (050.007.000) 04/13 00:00:19 Image size of job updated: 298668
	288  -  MemoryUsage of job (MB)
	294148  -  ResidentSetSize of job (KB)
...
006 (050.005.000) 04/13 00:00:19 Image size of job updated: 286568
	272  -  MemoryUsage of job (MB)
	278408  -  ResidentSetSize of job (KB)
...
006 (050.008.000) 04/13 00:00:19 Image size of job updated: 300020
	285  -  MemoryUsage of job (MB)
	291752  -  ResidentSetSize of job (KB)
...
006 (050.000.000) 04/13 00:05:19 Image size of job updated: 3939196
	3839  -  MemoryUsage of job (MB)
	3930716  -  ResidentSetSize of job (KB)
...
006 (050.004.000) 04/13 00:05:19 Image size of job updated: 3387700
	3301  -  MemoryUsage of job (MB)
	3380188  -  ResidentSetSize of job (KB)
...
006 (050.003.000) 04/13 00:05:19 Image size of job updated: 3723268
	3628  -  MemoryUsage of job (MB)
	3714864  -  ResidentSetSize of job (KB)
...
006 (050.002.000) 04/13 00:05:19 Image size of job updated: 3882948
	3788  -  MemoryUsage of job (MB)
	3878276  -  ResidentSetSize of job (KB)
...
006 (050.001.000) 04/13 00:05:19 Image size of job updated: 3879596
	3781  -  MemoryUsage of job (MB)
	3871152  -  ResidentSetSize of job (KB)
...
006 (050.009.000) 04/13 00:05:19 Image size of job updated: 3521764
	3432  -  MemoryUsage of job (MB)
	3513368  -  ResidentSetSize of job (KB)
...
006 (050.006.000) 04/13 00:05:19 Image size of job updated: 3821640
	3728  -  MemoryUsage of job (MB)
	3816952  -  ResidentSetSize of job (KB)
...
006 (050.007.000) 04/13 00:05:19 Image size of job updated: 3484416
	3399  -  MemoryUsage of job (MB)
	3479724  -  ResidentSetSize of job (KB)
...
006 (050.005.000) 04/13 00:05:19 Image size of job updated: 3398884
	3311  -  MemoryUsage of job (MB)
	3390452  -  ResidentSetSize of job (KB)
...
006 (050.008.000) 04/13 00:05:19 Image size of job updated: 3121740
	3041  -  MemoryUsage of job (MB)
	3113232  -  ResidentSetSize of job (KB)
...
006 (050.000.000) 04/13 00:10:19 Image size of job updated: 4692176
	4574  -  MemoryUsage of job (MB)
	4683696  -  ResidentSetSize of job (KB)
...
006 (050.006.000) 04/13 00:10:20 Image size of job updated: 4247468
	4144  -  MemoryUsage of job (MB)
	4242780  -  ResidentSetSize of job (KB)
...
006 (050.003.000) 04/13 00:10:20 Image size of job updated: 4685076
	4568  -  MemoryUsage of job (MB)
	4676672  -  ResidentSetSize of job (KB)
...
006 (050.001.000) 04/13 00:10:20 Image size of job updated: 4662592
	4546  -  MemoryUsage of job (MB)
	4654148  -  ResidentSetSize of job (KB)
...
006 (050.004.000) 04/13 00:10:20 Image size of job updated: 4042288
	3941  -  MemoryUsage of job (MB)
	4034776  -  ResidentSetSize of job (KB)
...
006 (050.002.000) 04/13 00:10:20 Image size of job updated: 4654272
	4541  -  MemoryUsage of job (MB)
	4649600  -  ResidentSetSize of job (KB)
...
006 (050.009.000) 04/13 00:10:20 Image size of job updated: 4528868
	4415  -  MemoryUsage of job (MB)
	4520472  -  ResidentSetSize of job (KB)
...
006 (050.005.000) 04/13 00:10:20 Image size of job updated: 3822812
	3725  -  MemoryUsage of job (MB)
	3814380  -  ResidentSetSize of job (KB)
...
006 (050.007.000) 04/13 00:10:20 Image size of job updated: 4184016
	4082  -  MemoryUsage of job (MB)
	4179324  -  ResidentSetSize of job (KB)
...
006 (050.008.000) 04/13 00:10:20 Image size of job updated: 3954728
	3854  -  MemoryUsage of job (MB)
	3946220  -  ResidentSetSize of job (KB)
...
006 (050.000.000) 04/13 00:15:20 Image size of job updated: 5382160
	5248  -  MemoryUsage of job (MB)
	5373680  -  ResidentSetSize of job (KB)
...
006 (050.001.000) 04/13 00:15:21 Image size of job updated: 5516048
	5379  -  MemoryUsage of job (MB)
	5507604  -  ResidentSetSize of job (KB)
...
006 (050.006.000) 04/13 00:15:21 Image size of job updated: 4937704
	4818  -  MemoryUsage of job (MB)
	4933016  -  ResidentSetSize of job (KB)
...
006 (050.003.000) 04/13 00:15:21 Image size of job updated: 5342008
	5209  -  MemoryUsage of job (MB)
	5333604  -  ResidentSetSize of job (KB)
...
006 (050.004.000) 04/13 00:15:21 Image size of job updated: 4348304
	4240  -  MemoryUsage of job (MB)
	4340792  -  ResidentSetSize of job (KB)
...
006 (050.005.000) 04/13 00:15:21 Image size of job updated: 4402968
	4292  -  MemoryUsage of job (MB)
	4394536  -  ResidentSetSize of job (KB)
...
006 (050.002.000) 04/13 00:15:21 Image size of job updated: 5263344
	5136  -  MemoryUsage of job (MB)
	5258672  -  ResidentSetSize of job (KB)
...
006 (050.009.000) 04/13 00:15:21 Image size of job updated: 5335212
	5202  -  MemoryUsage of job (MB)
	5326816  -  ResidentSetSize of job (KB)
...
006 (050.007.000) 04/13 00:15:21 Image size of job updated: 4889088
	4770  -  MemoryUsage of job (MB)
	4884396  -  ResidentSetSize of job (KB)
...
006 (050.008.000) 04/13 00:15:21 Image size of job updated: 4572372
	4457  -  MemoryUsage of job (MB)
	4563864  -  ResidentSetSize of job (KB)
...
006 (050.000.000) 04/13 00:20:20 Image size of job updated: 6458936
	6300  -  MemoryUsage of job (MB)
	6450456  -  ResidentSetSize of job (KB)
...
006 (050.001.000) 04/13 00:20:21 Image size of job updated: 6451440
	6292  -  MemoryUsage of job (MB)
	6442996  -  ResidentSetSize of job (KB)
...
006 (050.006.000) 04/13 00:20:21 Image size of job updated: 5680340
	5543  -  MemoryUsage of job (MB)
	5675652  -  ResidentSetSize of job (KB)
...
006 (050.002.000) 04/13 00:20:21 Image size of job updated: 6227720
	6078  -  MemoryUsage of job (MB)
	6223048  -  ResidentSetSize of job (KB)
...
006 (050.003.000) 04/13 00:20:21 Image size of job updated: 6296572
	6141  -  MemoryUsage of job (MB)
	6288168  -  ResidentSetSize of job (KB)
...
006 (050.004.000) 04/13 00:20:21 Image size of job updated: 4980980
	4857  -  MemoryUsage of job (MB)
	4973468  -  ResidentSetSize of job (KB)
...
006 (050.005.000) 04/13 00:20:21 Image size of job updated: 5080112
	4953  -  MemoryUsage of job (MB)
	5071680  -  ResidentSetSize of job (KB)
...
006 (050.009.000) 04/13 00:20:21 Image size of job updated: 6153636
	6002  -  MemoryUsage of job (MB)
	6145240  -  ResidentSetSize of job (KB)
...
006 (050.007.000) 04/13 00:20:21 Image size of job updated: 5842824
	5702  -  MemoryUsage of job (MB)
	5838132  -  ResidentSetSize of job (KB)
...
006 (050.008.000) 04/13 00:20:21 Image size of job updated: 5074720
	4948  -  MemoryUsage of job (MB)
	5066212  -  ResidentSetSize of job (KB)
...
006 (050.000.000) 04/13 00:25:20 Image size of job updated: 7362396
	7182  -  MemoryUsage of job (MB)
	7353916  -  ResidentSetSize of job (KB)
...
006 (050.001.000) 04/13 00:25:21 Image size of job updated: 7372628
	7192  -  MemoryUsage of job (MB)
	7364184  -  ResidentSetSize of job (KB)
...
006 (050.006.000) 04/13 00:25:21 Image size of job updated: 6404164
	6250  -  MemoryUsage of job (MB)
	6399476  -  ResidentSetSize of job (KB)
...
006 (050.004.000) 04/13 00:25:21 Image size of job updated: 5524908
	5389  -  MemoryUsage of job (MB)
	5517396  -  ResidentSetSize of job (KB)
...
006 (050.003.000) 04/13 00:25:21 Image size of job updated: 7312476
	7133  -  MemoryUsage of job (MB)
	7304072  -  ResidentSetSize of job (KB)
...
006 (050.002.000) 04/13 00:25:21 Image size of job updated: 7208964
	7036  -  MemoryUsage of job (MB)
	7204292  -  ResidentSetSize of job (KB)
...
006 (050.009.000) 04/13 00:25:21 Image size of job updated: 7155952
	6981  -  MemoryUsage of job (MB)
	7147556  -  ResidentSetSize of job (KB)
...
006 (050.005.000) 04/13 00:25:21 Image size of job updated: 5799396
	5656  -  MemoryUsage of job (MB)
	5790964  -  ResidentSetSize of job (KB)
...
006 (050.007.000) 04/13 00:25:21 Image size of job updated: 6548240
	6391  -  MemoryUsage of job (MB)
	6543548  -  ResidentSetSize of job (KB)
...
006 (050.008.000) 04/13 00:25:22 Image size of job updated: 5545696
	5408  -  MemoryUsage of job (MB)
	5537188  -  ResidentSetSize of job (KB)
...
006 (050.000.000) 04/13 00:30:21 Image size of job updated: 8043628
	7847  -  MemoryUsage of job (MB)
	8035148  -  ResidentSetSize of job (KB)
...
006 (050.009.000) 04/13 00:30:22 Image size of job updated: 8122800
	7925  -  MemoryUsage of job (MB)
	8114404  -  ResidentSetSize of job (KB)
...
006 (050.007.000) 04/13 00:30:22 Image size of job updated: 7031076
	6862  -  MemoryUsage of job (MB)
	7026384  -  ResidentSetSize of job (KB)
...
006 (050.001.000) 04/13 00:30:22 Image size of job updated: 7932588
	7739  -  MemoryUsage of job (MB)
	7924144  -  ResidentSetSize of job (KB)
...
006 (050.004.000) 04/13 00:30:22 Image size of job updated: 6296340
	6142  -  MemoryUsage of job (MB)
	6288828  -  ResidentSetSize of job (KB)
...
006 (050.006.000) 04/13 00:30:22 Image size of job updated: 7174600
	7002  -  MemoryUsage of job (MB)
	7169912  -  ResidentSetSize of job (KB)
...
006 (050.005.000) 04/13 00:30:22 Image size of job updated: 6463456
	6304  -  MemoryUsage of job (MB)
	6455024  -  ResidentSetSize of job (KB)
...
006 (050.002.000) 04/13 00:30:22 Image size of job updated: 8074608
	7881  -  MemoryUsage of job (MB)
	8069936  -  ResidentSetSize of job (KB)
...
006 (050.003.000) 04/13 00:30:23 Image size of job updated: 8228380
	8028  -  MemoryUsage of job (MB)
	8219976  -  ResidentSetSize of job (KB)
...
006 (050.008.000) 04/13 00:30:23 Image size of job updated: 6111412
	5960  -  MemoryUsage of job (MB)
	6102904  -  ResidentSetSize of job (KB)
...
006 (050.000.000) 04/13 00:35:22 Image size of job updated: 8179324
	7980  -  MemoryUsage of job (MB)
	8170844  -  ResidentSetSize of job (KB)
...
006 (050.007.000) 04/13 00:35:22 Image size of job updated: 7162492
	6991  -  MemoryUsage of job (MB)
	7157800  -  ResidentSetSize of job (KB)
...
006 (050.005.000) 04/13 00:35:23 Image size of job updated: 6499768
	6340  -  MemoryUsage of job (MB)
	6491336  -  ResidentSetSize of job (KB)
...
006 (050.004.000) 04/13 00:35:23 Image size of job updated: 6784556
	6619  -  MemoryUsage of job (MB)
	6777044  -  ResidentSetSize of job (KB)
...
006 (050.006.000) 04/13 00:35:23 Image size of job updated: 7917916
	7728  -  MemoryUsage of job (MB)
	7913176  -  ResidentSetSize of job (KB)
...
006 (050.002.000) 04/13 00:35:23 Image size of job updated: 9097280
	8880  -  MemoryUsage of job (MB)
	9092608  -  ResidentSetSize of job (KB)
...
006 (050.008.000) 04/13 00:35:23 Image size of job updated: 6821976
	6654  -  MemoryUsage of job (MB)
	6813468  -  ResidentSetSize of job (KB)
...
006 (050.007.000) 04/13 00:40:22 Image size of job updated: 7216136
	7043  -  MemoryUsage of job (MB)
	7211444  -  ResidentSetSize of job (KB)
...
006 (050.005.000) 04/13 00:40:23 Image size of job updated: 6655068
	6491  -  MemoryUsage of job (MB)
	6646636  -  ResidentSetSize of job (KB)
...
006 (050.004.000) 04/13 00:40:23 Image size of job updated: 7335284
	7157  -  MemoryUsage of job (MB)
	7327772  -  ResidentSetSize of job (KB)
...
006 (050.006.000) 04/13 00:40:23 Image size of job updated: 8043784
	7851  -  MemoryUsage of job (MB)
	8039044  -  ResidentSetSize of job (KB)
...
006 (050.003.000) 04/13 00:40:23 Image size of job updated: 8327264
	8124  -  MemoryUsage of job (MB)
	8318860  -  ResidentSetSize of job (KB)
...
006 (050.002.000) 04/13 00:40:23 Image size of job updated: 10153892
	9912  -  MemoryUsage of job (MB)
	10149220  -  ResidentSetSize of job (KB)
...
006 (050.008.000) 04/13 00:40:23 Image size of job updated: 7448256
	7266  -  MemoryUsage of job (MB)
	7439748  -  ResidentSetSize of job (KB)
...
006 (050.005.000) 04/13 00:45:23 Image size of job updated: 7098400
	6924  -  MemoryUsage of job (MB)
	7089968  -  ResidentSetSize of job (KB)
...
006 (050.000.000) 04/13 00:45:23 Image size of job updated: 8179360
	7980  -  MemoryUsage of job (MB)
	8170880  -  ResidentSetSize of job (KB)
...
006 (050.004.000) 04/13 00:45:23 Image size of job updated: 7938116
	7745  -  MemoryUsage of job (MB)
	7930604  -  ResidentSetSize of job (KB)
...
006 (050.007.000) 04/13 00:45:23 Image size of job updated: 8101532
	7908  -  MemoryUsage of job (MB)
	8096840  -  ResidentSetSize of job (KB)
...
006 (050.006.000) 04/13 00:45:24 Image size of job updated: 8043812
	7851  -  MemoryUsage of job (MB)
	8039044  -  ResidentSetSize of job (KB)
...
006 (050.002.000) 04/13 00:45:24 Image size of job updated: 11364196
	11094  -  MemoryUsage of job (MB)
	11359524  -  ResidentSetSize of job (KB)
...
006 (050.003.000) 04/13 00:45:24 Image size of job updated: 9482388
	9252  -  MemoryUsage of job (MB)
	9473984  -  ResidentSetSize of job (KB)
...
006 (050.008.000) 04/13 00:45:24 Image size of job updated: 8171376
	7972  -  MemoryUsage of job (MB)
	8162868  -  ResidentSetSize of job (KB)
...
006 (050.005.000) 04/13 00:50:24 Image size of job updated: 7990276
	7795  -  MemoryUsage of job (MB)
	7981844  -  ResidentSetSize of job (KB)
...
006 (050.000.000) 04/13 00:50:24 Image size of job updated: 8378636
	8174  -  MemoryUsage of job (MB)
	8370156  -  ResidentSetSize of job (KB)
...
006 (050.007.000) 04/13 00:50:24 Image size of job updated: 9049928
	8834  -  MemoryUsage of job (MB)
	9045236  -  ResidentSetSize of job (KB)
...
006 (050.006.000) 04/13 00:50:25 Image size of job updated: 8197692
	8001  -  MemoryUsage of job (MB)
	8192924  -  ResidentSetSize of job (KB)
...
006 (050.002.000) 04/13 00:50:25 Image size of job updated: 12532780
	12235  -  MemoryUsage of job (MB)
	12528108  -  ResidentSetSize of job (KB)
...
006 (050.003.000) 04/13 00:50:25 Image size of job updated: 10680604
	10423  -  MemoryUsage of job (MB)
	10673132  -  ResidentSetSize of job (KB)
...
006 (050.005.000) 04/13 00:55:24 Image size of job updated: 8823108
	8609  -  MemoryUsage of job (MB)
	8814676  -  ResidentSetSize of job (KB)
...
006 (050.000.000) 04/13 00:55:24 Image size of job updated: 9658128
	9424  -  MemoryUsage of job (MB)
	9649648  -  ResidentSetSize of job (KB)
...
006 (050.007.000) 04/13 00:55:24 Image size of job updated: 10003676
	9765  -  MemoryUsage of job (MB)
	9998984  -  ResidentSetSize of job (KB)
...
006 (050.001.000) 04/13 00:55:25 Image size of job updated: 9092912
	8872  -  MemoryUsage of job (MB)
	9084468  -  ResidentSetSize of job (KB)
...
006 (050.006.000) 04/13 00:55:25 Image size of job updated: 9048960
	8833  -  MemoryUsage of job (MB)
	9044192  -  ResidentSetSize of job (KB)
...
006 (050.002.000) 04/13 00:55:25 Image size of job updated: 13600212
	13277  -  MemoryUsage of job (MB)
	13595540  -  ResidentSetSize of job (KB)
...
006 (050.003.000) 04/13 00:55:25 Image size of job updated: 11962760
	11626  -  MemoryUsage of job (MB)
	11904332  -  ResidentSetSize of job (KB)
...
006 (050.008.000) 04/13 00:55:25 Image size of job updated: 8209500
	8009  -  MemoryUsage of job (MB)
	8200992  -  ResidentSetSize of job (KB)
...
006 (050.005.000) 04/13 01:00:24 Image size of job updated: 9837312
	9599  -  MemoryUsage of job (MB)
	9828880  -  ResidentSetSize of job (KB)
...
006 (050.000.000) 04/13 01:00:24 Image size of job updated: 10650500
	10393  -  MemoryUsage of job (MB)
	10642020  -  ResidentSetSize of job (KB)
...
006 (050.007.000) 04/13 01:00:24 Image size of job updated: 10961168
	10700  -  MemoryUsage of job (MB)
	10956476  -  ResidentSetSize of job (KB)
...
006 (050.009.000) 04/13 01:00:24 Image size of job updated: 8858016
	8643  -  MemoryUsage of job (MB)
	8849620  -  ResidentSetSize of job (KB)
...
006 (050.001.000) 04/13 01:00:25 Image size of job updated: 10291412
	10043  -  MemoryUsage of job (MB)
	10283504  -  ResidentSetSize of job (KB)
...
006 (050.006.000) 04/13 01:00:25 Image size of job updated: 10033880
	9795  -  MemoryUsage of job (MB)
	10029112  -  ResidentSetSize of job (KB)
...
006 (050.002.000) 04/13 01:00:25 Image size of job updated: 14539224
	14194  -  MemoryUsage of job (MB)
	14533752  -  ResidentSetSize of job (KB)
...
006 (050.003.000) 04/13 01:00:25 Image size of job updated: 13314964
	12802  -  MemoryUsage of job (MB)
	13108456  -  ResidentSetSize of job (KB)
...
006 (050.008.000) 04/13 01:00:25 Image size of job updated: 8861748
	8646  -  MemoryUsage of job (MB)
	8853240  -  ResidentSetSize of job (KB)
...
006 (050.009.000) 04/13 01:05:25 Image size of job updated: 10002916
	9761  -  MemoryUsage of job (MB)
	9994520  -  ResidentSetSize of job (KB)
...
006 (050.005.000) 04/13 01:05:25 Image size of job updated: 10854068
	10592  -  MemoryUsage of job (MB)
	10845636  -  ResidentSetSize of job (KB)
...
006 (050.000.000) 04/13 01:05:25 Image size of job updated: 11913128
	11626  -  MemoryUsage of job (MB)
	11904648  -  ResidentSetSize of job (KB)
...
006 (050.007.000) 04/13 01:05:26 Image size of job updated: 12145920
	11857  -  MemoryUsage of job (MB)
	12141228  -  ResidentSetSize of job (KB)
...
006 (050.008.000) 04/13 01:05:26 Image size of job updated: 9642840
	9409  -  MemoryUsage of job (MB)
	9634332  -  ResidentSetSize of job (KB)
...
006 (050.003.000) 04/13 01:05:26 Image size of job updated: 14579668
	13630  -  MemoryUsage of job (MB)
	13956116  -  ResidentSetSize of job (KB)
...
006 (050.001.000) 04/13 01:05:26 Image size of job updated: 11557968
	11204  -  MemoryUsage of job (MB)
	11472696  -  ResidentSetSize of job (KB)
...
006 (050.006.000) 04/13 01:05:26 Image size of job updated: 10999736
	10738  -  MemoryUsage of job (MB)
	10994968  -  ResidentSetSize of job (KB)
...
006 (050.002.000) 04/13 01:05:26 Image size of job updated: 15298924
	14625  -  MemoryUsage of job (MB)
	14975128  -  ResidentSetSize of job (KB)
...
006 (050.009.000) 04/13 01:10:25 Image size of job updated: 11176364
	10907  -  MemoryUsage of job (MB)
	11167968  -  ResidentSetSize of job (KB)
...
006 (050.005.000) 04/13 01:10:26 Image size of job updated: 11819756
	11535  -  MemoryUsage of job (MB)
	11811324  -  ResidentSetSize of job (KB)
...
006 (050.000.000) 04/13 01:10:26 Image size of job updated: 13125748
	12812  -  MemoryUsage of job (MB)
	13118668  -  ResidentSetSize of job (KB)
...
006 (050.007.000) 04/13 01:10:26 Image size of job updated: 13149476
	12836  -  MemoryUsage of job (MB)
	13143992  -  ResidentSetSize of job (KB)
...
006 (050.008.000) 04/13 01:10:26 Image size of job updated: 10369092
	10118  -  MemoryUsage of job (MB)
	10360584  -  ResidentSetSize of job (KB)
...
006 (050.003.000) 04/13 01:10:26 Image size of job updated: 15802524
	14035  -  MemoryUsage of job (MB)
	14371160  -  ResidentSetSize of job (KB)
...
006 (050.001.000) 04/13 01:10:27 Image size of job updated: 12769252
	12318  -  MemoryUsage of job (MB)
	12612968  -  ResidentSetSize of job (KB)
...
006 (050.006.000) 04/13 01:10:27 Image size of job updated: 11974324
	11689  -  MemoryUsage of job (MB)
	11969508  -  ResidentSetSize of job (KB)
...
006 (050.002.000) 04/13 01:10:27 Image size of job updated: 15723820
	14749  -  MemoryUsage of job (MB)
	15102640  -  ResidentSetSize of job (KB)
...
006 (050.009.000) 04/13 01:15:25 Image size of job updated: 12545764
	12244  -  MemoryUsage of job (MB)
	12537368  -  ResidentSetSize of job (KB)
...
006 (050.005.000) 04/13 01:15:26 Image size of job updated: 12785320
	12479  -  MemoryUsage of job (MB)
	12778000  -  ResidentSetSize of job (KB)
...
006 (050.000.000) 04/13 01:15:26 Image size of job updated: 14449744
	13939  -  MemoryUsage of job (MB)
	14272732  -  ResidentSetSize of job (KB)
...
006 (050.007.000) 04/13 01:15:26 Image size of job updated: 14157096
	13602  -  MemoryUsage of job (MB)
	13928428  -  ResidentSetSize of job (KB)
...
006 (050.008.000) 04/13 01:15:26 Image size of job updated: 11079204
	10812  -  MemoryUsage of job (MB)
	11070696  -  ResidentSetSize of job (KB)
...
006 (050.003.000) 04/13 01:15:26 Image size of job updated: 16731980
	14429  -  MemoryUsage of job (MB)
	14774968  -  ResidentSetSize of job (KB)
...
006 (050.001.000) 04/13 01:15:27 Image size of job updated: 14176092
	13278  -  MemoryUsage of job (MB)
	13595740  -  ResidentSetSize of job (KB)
...
006 (050.006.000) 04/13 01:15:27 Image size of job updated: 13218816
	12904  -  MemoryUsage of job (MB)
	13213504  -  ResidentSetSize of job (KB)
...
006 (050.002.000) 04/13 01:15:27 Image size of job updated: 16539072
	14888  -  MemoryUsage of job (MB)
	15245036  -  ResidentSetSize of job (KB)
...
006 (050.005.000) 04/13 01:20:26 Image size of job updated: 13554876
	13232  -  MemoryUsage of job (MB)
	13549332  -  ResidentSetSize of job (KB)
...
006 (050.009.000) 04/13 01:20:26 Image size of job updated: 13618996
	13292  -  MemoryUsage of job (MB)
	13610600  -  ResidentSetSize of job (KB)
...
006 (050.001.000) 04/13 01:20:27 Image size of job updated: 15607576
	13978  -  MemoryUsage of job (MB)
	14312516  -  ResidentSetSize of job (KB)
...
006 (050.006.000) 04/13 01:20:27 Image size of job updated: 14299892
	13577  -  MemoryUsage of job (MB)
	13902516  -  ResidentSetSize of job (KB)
...
006 (050.000.000) 04/13 01:20:27 Image size of job updated: 15619552
	14601  -  MemoryUsage of job (MB)
	14950456  -  ResidentSetSize of job (KB)
...
006 (050.007.000) 04/13 01:20:27 Image size of job updated: 15272480
	14283  -  MemoryUsage of job (MB)
	14625704  -  ResidentSetSize of job (KB)
...
006 (050.008.000) 04/13 01:20:27 Image size of job updated: 11949524
	11662  -  MemoryUsage of job (MB)
	11941016  -  ResidentSetSize of job (KB)
...
006 (050.003.000) 04/13 01:20:27 Image size of job updated: 17461980
	14663  -  MemoryUsage of job (MB)
	15014768  -  ResidentSetSize of job (KB)
...
006 (050.002.000) 04/13 01:20:28 Image size of job updated: 17020020
	14888  -  MemoryUsage of job (MB)
	15245036  -  ResidentSetSize of job (KB)
...
006 (050.005.000) 04/13 01:25:27 Image size of job updated: 14466684
	13933  -  MemoryUsage of job (MB)
	14267024  -  ResidentSetSize of job (KB)
...
006 (050.009.000) 04/13 01:25:27 Image size of job updated: 15068336
	14712  -  MemoryUsage of job (MB)
	15064568  -  ResidentSetSize of job (KB)
...
006 (050.004.000) 04/13 01:25:27 Image size of job updated: 8262652
	8062  -  MemoryUsage of job (MB)
	8255140  -  ResidentSetSize of job (KB)
...
006 (050.000.000) 04/13 01:25:28 Image size of job updated: 16817208
	14809  -  MemoryUsage of job (MB)
	15163964  -  ResidentSetSize of job (KB)
...
006 (050.008.000) 04/13 01:25:28 Image size of job updated: 12653188
	12349  -  MemoryUsage of job (MB)
	12644680  -  ResidentSetSize of job (KB)
...
006 (050.007.000) 04/13 01:25:28 Image size of job updated: 16269460
	14569  -  MemoryUsage of job (MB)
	14917996  -  ResidentSetSize of job (KB)
...
006 (050.003.000) 04/13 01:25:28 Image size of job updated: 17893020
	14726  -  MemoryUsage of job (MB)
	15079124  -  ResidentSetSize of job (KB)
...
006 (050.006.000) 04/13 01:25:28 Image size of job updated: 15228444
	14186  -  MemoryUsage of job (MB)
	14525976  -  ResidentSetSize of job (KB)
...
006 (050.001.000) 04/13 01:25:29 Image size of job updated: 17033012
	14458  -  MemoryUsage of job (MB)
	14804456  -  ResidentSetSize of job (KB)
...
006 (050.002.000) 04/13 01:25:29 Image size of job updated: 17655696
	14888  -  MemoryUsage of job (MB)
	15245036  -  ResidentSetSize of job (KB)
...
006 (050.005.000) 04/13 01:30:27 Image size of job updated: 15196516
	14388  -  MemoryUsage of job (MB)
	14732928  -  ResidentSetSize of job (KB)
...
006 (050.009.000) 04/13 01:30:27 Image size of job updated: 16297176
	14856  -  MemoryUsage of job (MB)
	15211884  -  ResidentSetSize of job (KB)
...
006 (050.004.000) 04/13 01:30:28 Image size of job updated: 9039392
	8821  -  MemoryUsage of job (MB)
	9031880  -  ResidentSetSize of job (KB)
...
006 (050.008.000) 04/13 01:30:28 Image size of job updated: 13395872
	13074  -  MemoryUsage of job (MB)
	13387364  -  ResidentSetSize of job (KB)
...
006 (050.000.000) 04/13 01:30:28 Image size of job updated: 17343416
	14816  -  MemoryUsage of job (MB)
	15170600  -  ResidentSetSize of job (KB)
...
006 (050.007.000) 04/13 01:30:28 Image size of job updated: 16709236
	14677  -  MemoryUsage of job (MB)
	15029232  -  ResidentSetSize of job (KB)
...
006 (050.003.000) 04/13 01:30:28 Image size of job updated: 18241872
	14890  -  MemoryUsage of job (MB)
	15247356  -  ResidentSetSize of job (KB)
...
006 (050.006.000) 04/13 01:30:29 Image size of job updated: 16185840
	14436  -  MemoryUsage of job (MB)
	14781768  -  ResidentSetSize of job (KB)
...
006 (050.001.000) 04/13 01:30:29 Image size of job updated: 18330420
	14779  -  MemoryUsage of job (MB)
	15132692  -  ResidentSetSize of job (KB)
...
006 (050.002.000) 04/13 01:30:29 Image size of job updated: 18189380
	14888  -  MemoryUsage of job (MB)
	15245036  -  ResidentSetSize of job (KB)
...
006 (050.001.000) 04/13 01:33:13 Image size of job updated: 18983956
	14779  -  MemoryUsage of job (MB)
	15132756  -  ResidentSetSize of job (KB)
...
005 (050.001.000) 04/13 01:33:13 Job terminated.
	(1) Normal termination (return value 0)
		Usr 0 01:58:53, Sys 0 00:00:20  -  Run Remote Usage
		Usr 0 00:00:00, Sys 0 00:00:00  -  Run Local Usage
		Usr 0 01:58:53, Sys 0 00:00:20  -  Total Remote Usage
		Usr 0 00:00:00, Sys 0 00:00:00  -  Total Local Usage
	0  -  Run Bytes Sent By Job
	0  -  Run Bytes Received By Job
	0  -  Total Bytes Sent By Job
	0  -  Total Bytes Received By Job
	Partitionable Resources :    Usage  Request Allocated Assigned
	   Cpus                 :     1.39        1        12 
	   Disk (KB)            :     2           2  11176872 
	   Gpus                 :                           1 "CUDA0"
	   Memory (MB)          : 14779           1     15751 
...
006 (050.005.000) 04/13 01:35:27 Image size of job updated: 15756720
	14471  -  MemoryUsage of job (MB)
	14817612  -  ResidentSetSize of job (KB)
...
006 (050.004.000) 04/13 01:35:28 Image size of job updated: 9719600
	9485  -  MemoryUsage of job (MB)
	9712088  -  ResidentSetSize of job (KB)
...
006 (050.008.000) 04/13 01:35:28 Image size of job updated: 14001836
	13666  -  MemoryUsage of job (MB)
	13993328  -  ResidentSetSize of job (KB)
...
006 (050.000.000) 04/13 01:35:28 Image size of job updated: 17822856
	14816  -  MemoryUsage of job (MB)
	15170600  -  ResidentSetSize of job (KB)
...
006 (050.007.000) 04/13 01:35:28 Image size of job updated: 17313484
	14782  -  MemoryUsage of job (MB)
	15135760  -  ResidentSetSize of job (KB)
...
006 (050.009.000) 04/13 01:35:28 Image size of job updated: 17497640
	14863  -  MemoryUsage of job (MB)
	15219032  -  ResidentSetSize of job (KB)
...
006 (050.006.000) 04/13 01:35:29 Image size of job updated: 17146716
	14581  -  MemoryUsage of job (MB)
	14930316  -  ResidentSetSize of job (KB)
...
006 (050.002.000) 04/13 01:35:29 Image size of job updated: 18430100
	14894  -  MemoryUsage of job (MB)
	15250916  -  ResidentSetSize of job (KB)
...
006 (050.003.000) 04/13 01:35:29 Image size of job updated: 18843820
	15002  -  MemoryUsage of job (MB)
	15361768  -  ResidentSetSize of job (KB)
...
006 (050.003.000) 04/13 01:37:09 Image size of job updated: 19039712
	15002  -  MemoryUsage of job (MB)
	15361768  -  ResidentSetSize of job (KB)
...
005 (050.003.000) 04/13 01:37:09 Job terminated.
	(1) Normal termination (return value 0)
		Usr 0 02:02:37, Sys 0 00:00:23  -  Run Remote Usage
		Usr 0 00:00:00, Sys 0 00:00:00  -  Run Local Usage
		Usr 0 02:02:37, Sys 0 00:00:23  -  Total Remote Usage
		Usr 0 00:00:00, Sys 0 00:00:00  -  Total Local Usage
	0  -  Run Bytes Sent By Job
	0  -  Run Bytes Received By Job
	0  -  Total Bytes Sent By Job
	0  -  Total Bytes Received By Job
	Partitionable Resources :    Usage  Request Allocated Assigned
	   Cpus                 :     0.99        1        12 
	   Disk (KB)            :     2           2  10239736 
	   Gpus                 :                           1 "CUDA0"
	   Memory (MB)          : 15002           1     15751 
...
006 (050.005.000) 04/13 01:40:28 Image size of job updated: 16384980
	14679  -  MemoryUsage of job (MB)
	15031276  -  ResidentSetSize of job (KB)
...
006 (050.000.000) 04/13 01:40:29 Image size of job updated: 18291496
	14816  -  MemoryUsage of job (MB)
	15170600  -  ResidentSetSize of job (KB)
...
006 (050.007.000) 04/13 01:40:29 Image size of job updated: 17771608
	14961  -  MemoryUsage of job (MB)
	15319844  -  ResidentSetSize of job (KB)
...
006 (050.009.000) 04/13 01:40:29 Image size of job updated: 18610980
	14910  -  MemoryUsage of job (MB)
	15266960  -  ResidentSetSize of job (KB)
...
006 (050.004.000) 04/13 01:40:29 Image size of job updated: 10613168
	10358  -  MemoryUsage of job (MB)
	10605656  -  ResidentSetSize of job (KB)
...
006 (050.008.000) 04/13 01:40:29 Image size of job updated: 14602012
	14252  -  MemoryUsage of job (MB)
	14593504  -  ResidentSetSize of job (KB)
...
006 (050.002.000) 04/13 01:40:30 Image size of job updated: 18436544
	14894  -  MemoryUsage of job (MB)
	15250916  -  ResidentSetSize of job (KB)
...
006 (050.006.000) 04/13 01:40:30 Image size of job updated: 18110512
	14835  -  MemoryUsage of job (MB)
	15190212  -  ResidentSetSize of job (KB)
...
005 (050.002.000) 04/13 01:42:00 Job terminated.
	(1) Normal termination (return value 0)
		Usr 0 02:08:27, Sys 0 00:00:26  -  Run Remote Usage
		Usr 0 00:00:00, Sys 0 00:00:00  -  Run Local Usage
		Usr 0 02:08:27, Sys 0 00:00:26  -  Total Remote Usage
		Usr 0 00:00:00, Sys 0 00:00:00  -  Total Local Usage
	0  -  Run Bytes Sent By Job
	0  -  Run Bytes Received By Job
	0  -  Total Bytes Sent By Job
	0  -  Total Bytes Received By Job
	Partitionable Resources :    Usage  Request Allocated Assigned
	   Cpus                 :     0.61        1        12 
	   Disk (KB)            :     2           2  10375164 
	   Gpus                 :                           1 "CUDA0"
	   Memory (MB)          : 14894           1     15751 
...
006 (050.009.000) 04/13 01:42:12 Image size of job updated: 18968436
	14910  -  MemoryUsage of job (MB)
	15266960  -  ResidentSetSize of job (KB)
...
005 (050.009.000) 04/13 01:42:12 Job terminated.
	(1) Normal termination (return value 0)
		Usr 0 02:09:12, Sys 0 00:00:21  -  Run Remote Usage
		Usr 0 00:00:00, Sys 0 00:00:00  -  Run Local Usage
		Usr 0 02:09:12, Sys 0 00:00:21  -  Total Remote Usage
		Usr 0 00:00:00, Sys 0 00:00:00  -  Total Local Usage
	0  -  Run Bytes Sent By Job
	0  -  Run Bytes Received By Job
	0  -  Total Bytes Sent By Job
	0  -  Total Bytes Received By Job
	Partitionable Resources :    Usage  Request Allocated Assigned
	   Cpus                 :     1.00        1        12 
	   Disk (KB)            :     2           2  10174124 
	   Gpus                 :                           1 "CUDA0"
	   Memory (MB)          : 14910           1     15751 
...
006 (050.005.000) 04/13 01:45:29 Image size of job updated: 16883320
	14845  -  MemoryUsage of job (MB)
	15200660  -  ResidentSetSize of job (KB)
...
006 (050.007.000) 04/13 01:45:29 Image size of job updated: 18446040
	15108  -  MemoryUsage of job (MB)
	15470292  -  ResidentSetSize of job (KB)
...
006 (050.000.000) 04/13 01:45:29 Image size of job updated: 18600324
	14899  -  MemoryUsage of job (MB)
	15255624  -  ResidentSetSize of job (KB)
...
006 (050.004.000) 04/13 01:45:30 Image size of job updated: 11257504
	10987  -  MemoryUsage of job (MB)
	11249992  -  ResidentSetSize of job (KB)
...
006 (050.008.000) 04/13 01:45:30 Image size of job updated: 15220464
	14856  -  MemoryUsage of job (MB)
	15211956  -  ResidentSetSize of job (KB)
...
006 (050.006.000) 04/13 01:45:31 Image size of job updated: 18574680
	14967  -  MemoryUsage of job (MB)
	15325772  -  ResidentSetSize of job (KB)
...
006 (050.000.000) 04/13 01:49:02 Image size of job updated: 18902396
	14899  -  MemoryUsage of job (MB)
	15255624  -  ResidentSetSize of job (KB)
...
005 (050.000.000) 04/13 01:49:02 Job terminated.
	(1) Normal termination (return value 0)
		Usr 0 02:14:52, Sys 0 00:00:19  -  Run Remote Usage
		Usr 0 00:00:00, Sys 0 00:00:00  -  Run Local Usage
		Usr 0 02:14:52, Sys 0 00:00:19  -  Total Remote Usage
		Usr 0 00:00:00, Sys 0 00:00:00  -  Total Local Usage
	0  -  Run Bytes Sent By Job
	0  -  Run Bytes Received By Job
	0  -  Total Bytes Sent By Job
	0  -  Total Bytes Received By Job
	Partitionable Resources :    Usage  Request Allocated Assigned
	   Cpus                 :     1.07        1        12 
	   Disk (KB)            :     2           2  10702616 
	   Gpus                 :                           1 "CUDA0"
	   Memory (MB)          : 14899           1     15751 
...
006 (050.005.000) 04/13 01:50:29 Image size of job updated: 17114540
	14845  -  MemoryUsage of job (MB)
	15200660  -  ResidentSetSize of job (KB)
...
006 (050.007.000) 04/13 01:50:29 Image size of job updated: 19354916
	15108  -  MemoryUsage of job (MB)
	15470292  -  ResidentSetSize of job (KB)
...
006 (050.004.000) 04/13 01:50:30 Image size of job updated: 12019352
	11731  -  MemoryUsage of job (MB)
	12011840  -  ResidentSetSize of job (KB)
...
006 (050.008.000) 04/13 01:50:30 Image size of job updated: 15651192
	15277  -  MemoryUsage of job (MB)
	15642684  -  ResidentSetSize of job (KB)
...
006 (050.006.000) 04/13 01:50:31 Image size of job updated: 18807556
	14967  -  MemoryUsage of job (MB)
	15325772  -  ResidentSetSize of job (KB)
...
006 (050.006.000) 04/13 01:54:35 Image size of job updated: 19006180
	14967  -  MemoryUsage of job (MB)
	15325772  -  ResidentSetSize of job (KB)
...
005 (050.006.000) 04/13 01:54:35 Job terminated.
	(1) Normal termination (return value 0)
		Usr 0 02:33:30, Sys 0 00:00:24  -  Run Remote Usage
		Usr 0 00:00:00, Sys 0 00:00:00  -  Run Local Usage
		Usr 0 02:33:30, Sys 0 00:00:24  -  Total Remote Usage
		Usr 0 00:00:00, Sys 0 00:00:00  -  Total Local Usage
	0  -  Run Bytes Sent By Job
	0  -  Run Bytes Received By Job
	0  -  Total Bytes Sent By Job
	0  -  Total Bytes Received By Job
	Partitionable Resources :    Usage  Request Allocated Assigned
	   Cpus                 :     1.03        1         8 
	   Disk (KB)            :     2           2  10070252 
	   Gpus                 :                           1 "CUDA0"
	   Memory (MB)          : 14967           1     15846 
...
006 (050.005.000) 04/13 01:55:29 Image size of job updated: 17501972
	14845  -  MemoryUsage of job (MB)
	15200660  -  ResidentSetSize of job (KB)
...
006 (050.004.000) 04/13 01:55:30 Image size of job updated: 12822832
	12515  -  MemoryUsage of job (MB)
	12815320  -  ResidentSetSize of job (KB)
...
006 (050.008.000) 04/13 01:55:30 Image size of job updated: 16066592
	15682  -  MemoryUsage of job (MB)
	16058084  -  ResidentSetSize of job (KB)
...
006 (050.007.000) 04/13 01:56:12 Image size of job updated: 19528348
	15243  -  MemoryUsage of job (MB)
	15607904  -  ResidentSetSize of job (KB)
...
005 (050.007.000) 04/13 01:56:13 Job terminated.
	(1) Normal termination (return value 0)
		Usr 0 02:30:10, Sys 0 00:00:25  -  Run Remote Usage
		Usr 0 00:00:00, Sys 0 00:00:00  -  Run Local Usage
		Usr 0 02:30:10, Sys 0 00:00:25  -  Total Remote Usage
		Usr 0 00:00:00, Sys 0 00:00:00  -  Total Local Usage
	0  -  Run Bytes Sent By Job
	0  -  Run Bytes Received By Job
	0  -  Total Bytes Sent By Job
	0  -  Total Bytes Received By Job
	Partitionable Resources :    Usage  Request Allocated 
	   Cpus                 :     0.01        1         8 
	   Disk (KB)            :     2           2   9785384 
	   Gpus                 :                           0 
	   Memory (MB)          : 15243           1     15846 
...
006 (050.005.000) 04/13 02:00:30 Image size of job updated: 17979900
	14845  -  MemoryUsage of job (MB)
	15200660  -  ResidentSetSize of job (KB)
...
006 (050.008.000) 04/13 02:00:31 Image size of job updated: 16553864
	16158  -  MemoryUsage of job (MB)
	16545356  -  ResidentSetSize of job (KB)
...
006 (050.004.000) 04/13 02:00:31 Image size of job updated: 13688172
	13361  -  MemoryUsage of job (MB)
	13680660  -  ResidentSetSize of job (KB)
...
006 (050.005.000) 04/13 02:05:31 Image size of job updated: 18145148
	14845  -  MemoryUsage of job (MB)
	15200660  -  ResidentSetSize of job (KB)
...
006 (050.008.000) 04/13 02:05:31 Image size of job updated: 17003484
	16597  -  MemoryUsage of job (MB)
	16994976  -  ResidentSetSize of job (KB)
...
006 (050.004.000) 04/13 02:05:32 Image size of job updated: 14490520
	14144  -  MemoryUsage of job (MB)
	14483008  -  ResidentSetSize of job (KB)
...
006 (050.005.000) 04/13 02:10:31 Image size of job updated: 18504964
	14901  -  MemoryUsage of job (MB)
	15257828  -  ResidentSetSize of job (KB)
...
006 (050.008.000) 04/13 02:10:31 Image size of job updated: 17473888
	17057  -  MemoryUsage of job (MB)
	17465380  -  ResidentSetSize of job (KB)
...
006 (050.004.000) 04/13 02:10:32 Image size of job updated: 15212004
	14849  -  MemoryUsage of job (MB)
	15204492  -  ResidentSetSize of job (KB)
...
006 (050.005.000) 04/13 02:15:31 Image size of job updated: 18680952
	15004  -  MemoryUsage of job (MB)
	15363444  -  ResidentSetSize of job (KB)
...
006 (050.004.000) 04/13 02:15:32 Image size of job updated: 16082596
	15699  -  MemoryUsage of job (MB)
	16075084  -  ResidentSetSize of job (KB)
...
006 (050.008.000) 04/13 02:15:32 Image size of job updated: 17823360
	17398  -  MemoryUsage of job (MB)
	17814852  -  ResidentSetSize of job (KB)
...
005 (050.005.000) 04/13 02:16:30 Job terminated.
	(1) Normal termination (return value 0)
		Usr 0 02:54:50, Sys 0 00:00:28  -  Run Remote Usage
		Usr 0 00:00:00, Sys 0 00:00:00  -  Run Local Usage
		Usr 0 02:54:50, Sys 0 00:00:28  -  Total Remote Usage
		Usr 0 00:00:00, Sys 0 00:00:00  -  Total Local Usage
	0  -  Run Bytes Sent By Job
	0  -  Run Bytes Received By Job
	0  -  Total Bytes Sent By Job
	0  -  Total Bytes Received By Job
	Partitionable Resources :    Usage  Request Allocated Assigned
	   Cpus                 :     0.52        1         8 
	   Disk (KB)            :     2           2   9966548 
	   Gpus                 :                           1 "CUDA0"
	   Memory (MB)          : 15004           1     15846 
...
006 (050.008.000) 04/13 02:20:33 Image size of job updated: 18195444
	17761  -  MemoryUsage of job (MB)
	18186936  -  ResidentSetSize of job (KB)
...
006 (050.004.000) 04/13 02:20:33 Image size of job updated: 17099092
	16691  -  MemoryUsage of job (MB)
	17091580  -  ResidentSetSize of job (KB)
...
006 (050.008.000) 04/13 02:25:33 Image size of job updated: 18426336
	17987  -  MemoryUsage of job (MB)
	18417828  -  ResidentSetSize of job (KB)
...
006 (050.004.000) 04/13 02:25:34 Image size of job updated: 17654532
	17234  -  MemoryUsage of job (MB)
	17647020  -  ResidentSetSize of job (KB)
...
006 (050.008.000) 04/13 02:30:33 Image size of job updated: 18681860
	18236  -  MemoryUsage of job (MB)
	18673352  -  ResidentSetSize of job (KB)
...
006 (050.004.000) 04/13 02:30:34 Image size of job updated: 18117348
	17686  -  MemoryUsage of job (MB)
	18109836  -  ResidentSetSize of job (KB)
...
006 (050.008.000) 04/13 02:35:34 Image size of job updated: 18899016
	18448  -  MemoryUsage of job (MB)
	18890508  -  ResidentSetSize of job (KB)
...
006 (050.004.000) 04/13 02:35:35 Image size of job updated: 18591012
	18148  -  MemoryUsage of job (MB)
	18583500  -  ResidentSetSize of job (KB)
...
006 (050.004.000) 04/13 02:40:36 Image size of job updated: 19112380
	18658  -  MemoryUsage of job (MB)
	19104868  -  ResidentSetSize of job (KB)
...
006 (050.008.000) 04/13 02:45:35 Image size of job updated: 19159376
	18703  -  MemoryUsage of job (MB)
	19150868  -  ResidentSetSize of job (KB)
...
006 (050.004.000) 04/13 02:45:36 Image size of job updated: 19355260
	18895  -  MemoryUsage of job (MB)
	19347748  -  ResidentSetSize of job (KB)
...
006 (050.004.000) 04/13 02:50:36 Image size of job updated: 19869468
	19397  -  MemoryUsage of job (MB)
	19861956  -  ResidentSetSize of job (KB)
...
006 (050.008.000) 04/13 02:55:37 Image size of job updated: 19278568
	18819  -  MemoryUsage of job (MB)
	19270060  -  ResidentSetSize of job (KB)
...
006 (050.004.000) 04/13 02:55:37 Image size of job updated: 20425800
	19940  -  MemoryUsage of job (MB)
	20418288  -  ResidentSetSize of job (KB)
...
006 (050.008.000) 04/13 03:00:37 Image size of job updated: 19416004
	18953  -  MemoryUsage of job (MB)
	19407496  -  ResidentSetSize of job (KB)
...
006 (050.004.000) 04/13 03:00:38 Image size of job updated: 20794044
	20300  -  MemoryUsage of job (MB)
	20786532  -  ResidentSetSize of job (KB)
...
006 (050.004.000) 04/13 03:05:38 Image size of job updated: 21040288
	20540  -  MemoryUsage of job (MB)
	21032776  -  ResidentSetSize of job (KB)
...
006 (050.004.000) 04/13 03:10:38 Image size of job updated: 21583764
	21071  -  MemoryUsage of job (MB)
	21576252  -  ResidentSetSize of job (KB)
...
006 (050.004.000) 04/13 03:15:39 Image size of job updated: 22122812
	21597  -  MemoryUsage of job (MB)
	22115300  -  ResidentSetSize of job (KB)
...
006 (050.008.000) 04/13 03:15:39 Image size of job updated: 19416012
	18953  -  MemoryUsage of job (MB)
	19407504  -  ResidentSetSize of job (KB)
...
006 (050.008.000) 04/13 03:25:40 Image size of job updated: 19680492
	19211  -  MemoryUsage of job (MB)
	19671984  -  ResidentSetSize of job (KB)
...
006 (050.004.000) 04/13 03:30:40 Image size of job updated: 22406196
	21874  -  MemoryUsage of job (MB)
	22398684  -  ResidentSetSize of job (KB)
...
006 (050.008.000) 04/13 03:30:41 Image size of job updated: 19680504
	19211  -  MemoryUsage of job (MB)
	19671996  -  ResidentSetSize of job (KB)
...
006 (050.008.000) 04/13 03:35:41 Image size of job updated: 19928968
	19454  -  MemoryUsage of job (MB)
	19920460  -  ResidentSetSize of job (KB)
...
006 (050.004.000) 04/13 03:40:41 Image size of job updated: 22406200
	21874  -  MemoryUsage of job (MB)
	22398688  -  ResidentSetSize of job (KB)
...
006 (050.008.000) 04/13 03:40:41 Image size of job updated: 20183848
	19703  -  MemoryUsage of job (MB)
	20175340  -  ResidentSetSize of job (KB)
...
006 (050.004.000) 04/13 03:45:42 Image size of job updated: 22723700
	22184  -  MemoryUsage of job (MB)
	22716188  -  ResidentSetSize of job (KB)
...
006 (050.008.000) 04/13 03:45:42 Image size of job updated: 20284160
	19801  -  MemoryUsage of job (MB)
	20275652  -  ResidentSetSize of job (KB)
...
006 (050.008.000) 04/13 03:50:43 Image size of job updated: 20434008
	19947  -  MemoryUsage of job (MB)
	20425500  -  ResidentSetSize of job (KB)
...
006 (050.008.000) 04/13 03:55:43 Image size of job updated: 20671916
	20180  -  MemoryUsage of job (MB)
	20663408  -  ResidentSetSize of job (KB)
...
006 (050.008.000) 04/13 04:05:44 Image size of job updated: 20930536
	20432  -  MemoryUsage of job (MB)
	20922028  -  ResidentSetSize of job (KB)
...
005 (050.004.000) 04/13 04:09:35 Job terminated.
	(1) Normal termination (return value 0)
		Usr 0 04:58:51, Sys 0 00:00:34  -  Run Remote Usage
		Usr 0 00:00:00, Sys 0 00:00:00  -  Run Local Usage
		Usr 0 04:58:51, Sys 0 00:00:34  -  Total Remote Usage
		Usr 0 00:00:00, Sys 0 00:00:00  -  Total Local Usage
	0  -  Run Bytes Sent By Job
	0  -  Run Bytes Received By Job
	0  -  Total Bytes Sent By Job
	0  -  Total Bytes Received By Job
	Partitionable Resources :    Usage  Request Allocated Assigned
	   Cpus                 :     0.50        1         8 
	   Disk (KB)            :     2           2   4998720 
	   Gpus                 :     0.00                  1 "CUDA0"
	   Memory (MB)          : 22184           1     64198 
...
006 (050.008.000) 04/13 04:10:44 Image size of job updated: 21184900
	20681  -  MemoryUsage of job (MB)
	21176392  -  ResidentSetSize of job (KB)
...
006 (050.008.000) 04/13 04:15:44 Image size of job updated: 21433660
	20923  -  MemoryUsage of job (MB)
	21425152  -  ResidentSetSize of job (KB)
...
006 (050.008.000) 04/13 04:20:45 Image size of job updated: 21519616
	21007  -  MemoryUsage of job (MB)
	21511108  -  ResidentSetSize of job (KB)
...
006 (050.008.000) 04/13 04:25:46 Image size of job updated: 21689684
	21174  -  MemoryUsage of job (MB)
	21681176  -  ResidentSetSize of job (KB)
...
006 (050.008.000) 04/13 04:30:46 Image size of job updated: 21950624
	21428  -  MemoryUsage of job (MB)
	21942116  -  ResidentSetSize of job (KB)
...
006 (050.008.000) 04/13 04:35:46 Image size of job updated: 22204772
	21677  -  MemoryUsage of job (MB)
	22196264  -  ResidentSetSize of job (KB)
...
006 (050.008.000) 04/13 04:40:47 Image size of job updated: 22850280
	22307  -  MemoryUsage of job (MB)
	22841772  -  ResidentSetSize of job (KB)
...
006 (050.008.000) 04/13 04:45:48 Image size of job updated: 23118572
	22569  -  MemoryUsage of job (MB)
	23110064  -  ResidentSetSize of job (KB)
...
006 (050.008.000) 04/13 04:50:48 Image size of job updated: 23450368
	22893  -  MemoryUsage of job (MB)
	23441860  -  ResidentSetSize of job (KB)
...
006 (050.008.000) 04/13 04:55:48 Image size of job updated: 23938508
	23370  -  MemoryUsage of job (MB)
	23930000  -  ResidentSetSize of job (KB)
...
006 (050.008.000) 04/13 05:00:49 Image size of job updated: 24272812
	23696  -  MemoryUsage of job (MB)
	24264304  -  ResidentSetSize of job (KB)
...
006 (050.008.000) 04/13 05:05:50 Image size of job updated: 24546560
	23963  -  MemoryUsage of job (MB)
	24538052  -  ResidentSetSize of job (KB)
...
006 (050.008.000) 04/13 05:10:50 Image size of job updated: 24825836
	24236  -  MemoryUsage of job (MB)
	24817328  -  ResidentSetSize of job (KB)
...
006 (050.008.000) 04/13 05:15:51 Image size of job updated: 25047860
	24453  -  MemoryUsage of job (MB)
	25039352  -  ResidentSetSize of job (KB)
...
006 (050.008.000) 04/13 05:20:52 Image size of job updated: 25105252
	24509  -  MemoryUsage of job (MB)
	25096744  -  ResidentSetSize of job (KB)
...
006 (050.008.000) 04/13 05:25:52 Image size of job updated: 25394876
	24792  -  MemoryUsage of job (MB)
	25386368  -  ResidentSetSize of job (KB)
...
006 (050.008.000) 04/13 05:30:52 Image size of job updated: 25504484
	24899  -  MemoryUsage of job (MB)
	25495976  -  ResidentSetSize of job (KB)
...
006 (050.008.000) 04/13 05:35:53 Image size of job updated: 25700980
	25091  -  MemoryUsage of job (MB)
	25692472  -  ResidentSetSize of job (KB)
...
006 (050.008.000) 04/13 05:45:54 Image size of job updated: 25997068
	25380  -  MemoryUsage of job (MB)
	25988560  -  ResidentSetSize of job (KB)
...
005 (050.008.000) 04/13 05:50:55 Job terminated.
	(1) Normal termination (return value 0)
		Usr 0 06:41:02, Sys 0 00:00:38  -  Run Remote Usage
		Usr 0 00:00:00, Sys 0 00:00:00  -  Run Local Usage
		Usr 0 06:41:02, Sys 0 00:00:38  -  Total Remote Usage
		Usr 0 00:00:00, Sys 0 00:00:00  -  Total Local Usage
	0  -  Run Bytes Sent By Job
	0  -  Run Bytes Received By Job
	0  -  Total Bytes Sent By Job
	0  -  Total Bytes Received By Job
	Partitionable Resources :    Usage  Request Allocated Assigned
	   Cpus                 :     0.74        1         8 
	   Disk (KB)            :     2           2   5001792 
	   Gpus                 :     0.00                  1 "CUDA0"
	   Memory (MB)          : 25380           1     64198 
...
